-- The C compiler identification is GNU 11.4.0
-- The CXX compiler identification is GNU 11.4.0
-- Detecting C compiler ABI info
-- Detecting C compiler ABI info - done
-- Check for working C compiler: /usr/bin/cc - skipped
-- Detecting C compile features
-- Detecting C compile features - done
-- Detecting CXX compiler ABI info
-- Detecting CXX compiler ABI info - done
-- Check for working CXX compiler: /usr/bin/c++ - skipped
-- Detecting CXX compile features
-- Detecting CXX compile features - done
-- Found ament_cmake: 1.3.3 (/opt/ros/humble/share/ament_cmake/cmake)
-- Found Python3: /usr/bin/python3.10 (found version "3.10.12") found components: Interpreter 
-- Found rclcpp: 16.0.3 (/opt/ros/humble/share/rclcpp/cmake)
-- Found rosidl_generator_c: 3.1.4 (/opt/ros/humble/share/rosidl_generator_c/cmake)
-- Found rosidl_adapter: 3.1.4 (/opt/ros/humble/share/rosidl_adapter/cmake)
-- Found rosidl_generator_cpp: 3.1.4 (/opt/ros/humble/share/rosidl_generator_cpp/cmake)
-- Using all available rosidl_typesupport_c: rosidl_typesupport_fastrtps_c;rosidl_typesupport_introspection_c
-- Using all available rosidl_typesupport_cpp: rosidl_typesupport_fastrtps_cpp;rosidl_typesupport_introspection_cpp
-- Found rmw_implementation_cmake: 6.1.1 (/opt/ros/humble/share/rmw_implementation_cmake/cmake)
-- Found rmw_fastrtps_cpp: 6.2.2 (/opt/ros/humble/share/rmw_fastrtps_cpp/cmake)
-- Found OpenSSL: /usr/lib/x86_64-linux-gnu/libcrypto.so (found version "3.0.2")  
-- Found FastRTPS: /opt/ros/humble/include  
-- Using RMW implementation 'rmw_fastrtps_cpp' as default
-- Looking for pthread.h
-- Looking for pthread.h - found
-- Performing Test CMAKE_HAVE_LIBC_PTHREAD
-- Performing Test CMAKE_HAVE_LIBC_PTHREAD - Success
-- Found Threads: TRUE  
-- Found custom_msgs: 0.0.0 (/home/moenet/moenet2023-Anand/ros2_ws/install/custom_msgs/share/custom_msgs/cmake)
-- Found ament_lint_auto: 0.12.5 (/opt/ros/humble/share/ament_lint_auto/cmake)
-- Added test 'cppcheck' to perform static code analysis on C / C++ code
-- Configured cppcheck include dirs: $<BUILD_INTERFACE:/home/moenet/moenet2023-Anand/ros2_ws/src/vision/include>
-- Configured cppcheck exclude dirs and/or files: 
-- Added test 'lint_cmake' to check CMake code style
-- Added test 'uncrustify' to check C / C++ code style
-- Configured uncrustify additional arguments: 
-- Added test 'xmllint' to check XML markup files
-- Configuring done
-- Generating done
-- Build files have been written to: /home/moenet/moenet2023-Anand/ros2_ws/build/vision
[ 50%] [32mBuilding CXX object CMakeFiles/my_node.dir/src/my_node.cpp.o[0m
[ 50%] [32mBuilding CXX object CMakeFiles/camera.dir/src/camera.cpp.o[0m
[ 75%] [32m[1mLinking CXX executable my_node[0m
[ 75%] Built target my_node
[01m[K/home/moenet/moenet2023-Anand/ros2_ws/src/vision/src/camera.cpp:[m[K In function ‘[01m[Kstd::string PoseToString(Pose3D)[m[K’:
[01m[K/home/moenet/moenet2023-Anand/ros2_ws/src/vision/src/camera.cpp:16:1:[m[K [01;35m[Kwarning: [m[Kno return statement in function returning non-void [[01;35m[K]8;;https://gcc.gnu.org/onlinedocs/gcc/Warning-Options.html#index-Wreturn-type-Wreturn-type]8;;[m[K]
   16 | [01;35m[K}[m[K
      | [01;35m[K^[m[K
[100%] [32m[1mLinking CXX executable camera[0m
[100%] Built target camera
-- Install configuration: ""
-- Installing: /home/moenet/moenet2023-Anand/ros2_ws/install/vision/lib/vision/my_node
-- Installing: /home/moenet/moenet2023-Anand/ros2_ws/install/vision/lib/vision/camera
-- Set runtime path of "/home/moenet/moenet2023-Anand/ros2_ws/install/vision/lib/vision/camera" to ""
-- Installing: /home/moenet/moenet2023-Anand/ros2_ws/install/vision/share/ament_index/resource_index/package_run_dependencies/vision
-- Installing: /home/moenet/moenet2023-Anand/ros2_ws/install/vision/share/ament_index/resource_index/parent_prefix_path/vision
-- Installing: /home/moenet/moenet2023-Anand/ros2_ws/install/vision/share/vision/environment/ament_prefix_path.sh
-- Installing: /home/moenet/moenet2023-Anand/ros2_ws/install/vision/share/vision/environment/ament_prefix_path.dsv
-- Installing: /home/moenet/moenet2023-Anand/ros2_ws/install/vision/share/vision/environment/path.sh
-- Installing: /home/moenet/moenet2023-Anand/ros2_ws/install/vision/share/vision/environment/path.dsv
-- Installing: /home/moenet/moenet2023-Anand/ros2_ws/install/vision/share/vision/local_setup.bash
-- Installing: /home/moenet/moenet2023-Anand/ros2_ws/install/vision/share/vision/local_setup.sh
-- Installing: /home/moenet/moenet2023-Anand/ros2_ws/install/vision/share/vision/local_setup.zsh
-- Installing: /home/moenet/moenet2023-Anand/ros2_ws/install/vision/share/vision/local_setup.dsv
-- Installing: /home/moenet/moenet2023-Anand/ros2_ws/install/vision/share/vision/package.dsv
-- Installing: /home/moenet/moenet2023-Anand/ros2_ws/install/vision/share/ament_index/resource_index/packages/vision
-- Installing: /home/moenet/moenet2023-Anand/ros2_ws/install/vision/share/vision/cmake/visionConfig.cmake
-- Installing: /home/moenet/moenet2023-Anand/ros2_ws/install/vision/share/vision/cmake/visionConfig-version.cmake
-- Installing: /home/moenet/moenet2023-Anand/ros2_ws/install/vision/share/vision/package.xml
