[0.005s] Invoking command in '/home/moenet/moenet2023-Anand/ros2_ws/build/vision': AMENT_PREFIX_PATH=/home/moenet/moenet2023-Anand/ros2_ws/install/custom_msgs:${AMENT_PREFIX_PATH} CMAKE_PREFIX_PATH=/home/moenet/moenet2023-Anand/ros2_ws/install/custom_msgs:/opt/ros/humble LD_LIBRARY_PATH=/home/moenet/moenet2023-Anand/ros2_ws/install/custom_msgs/lib:${LD_LIBRARY_PATH} PYTHONPATH=/home/moenet/moenet2023-Anand/ros2_ws/install/custom_msgs/local/lib/python3.10/dist-packages:${PYTHONPATH} /usr/bin/cmake /home/moenet/moenet2023-Anand/ros2_ws/src/vision -DCMAKE_INSTALL_PREFIX=/home/moenet/moenet2023-Anand/ros2_ws/install/vision
[0.038s] -- The C compiler identification is GNU 11.4.0
[0.070s] -- The CXX compiler identification is GNU 11.4.0
[0.074s] -- Detecting C compiler ABI info
[0.114s] -- Detecting C compiler ABI info - done
[0.118s] -- Check for working C compiler: /usr/bin/cc - skipped
[0.118s] -- Detecting C compile features
[0.118s] -- Detecting C compile features - done
[0.120s] -- Detecting CXX compiler ABI info
[0.165s] -- Detecting CXX compiler ABI info - done
[0.170s] -- Check for working CXX compiler: /usr/bin/c++ - skipped
[0.170s] -- Detecting CXX compile features
[0.170s] -- Detecting CXX compile features - done
[0.171s] -- Found ament_cmake: 1.3.3 (/opt/ros/humble/share/ament_cmake/cmake)
[0.269s] -- Found Python3: /usr/bin/python3.10 (found version "3.10.12") found components: Interpreter 
[0.318s] -- Found rclcpp: 16.0.3 (/opt/ros/humble/share/rclcpp/cmake)
[0.339s] -- Found rosidl_generator_c: 3.1.4 (/opt/ros/humble/share/rosidl_generator_c/cmake)
[0.341s] -- Found rosidl_adapter: 3.1.4 (/opt/ros/humble/share/rosidl_adapter/cmake)
[0.345s] -- Found rosidl_generator_cpp: 3.1.4 (/opt/ros/humble/share/rosidl_generator_cpp/cmake)
[0.353s] -- Using all available rosidl_typesupport_c: rosidl_typesupport_fastrtps_c;rosidl_typesupport_introspection_c
[0.363s] -- Using all available rosidl_typesupport_cpp: rosidl_typesupport_fastrtps_cpp;rosidl_typesupport_introspection_cpp
[0.400s] -- Found rmw_implementation_cmake: 6.1.1 (/opt/ros/humble/share/rmw_implementation_cmake/cmake)
[0.402s] -- Found rmw_fastrtps_cpp: 6.2.2 (/opt/ros/humble/share/rmw_fastrtps_cpp/cmake)
[0.451s] -- Found OpenSSL: /usr/lib/x86_64-linux-gnu/libcrypto.so (found version "3.0.2")  
[0.465s] -- Found FastRTPS: /opt/ros/humble/include  
[0.490s] -- Using RMW implementation 'rmw_fastrtps_cpp' as default
[0.495s] -- Looking for pthread.h
[0.536s] -- Looking for pthread.h - found
[0.537s] -- Performing Test CMAKE_HAVE_LIBC_PTHREAD
[0.579s] -- Performing Test CMAKE_HAVE_LIBC_PTHREAD - Success
[0.579s] -- Found Threads: TRUE  
[0.669s] -- Found custom_msgs: 0.0.0 (/home/moenet/moenet2023-Anand/ros2_ws/install/custom_msgs/share/custom_msgs/cmake)
[0.680s] -- Found ament_lint_auto: 0.12.5 (/opt/ros/humble/share/ament_lint_auto/cmake)
[0.725s] -- Added test 'cppcheck' to perform static code analysis on C / C++ code
[0.725s] -- Configured cppcheck include dirs: $<BUILD_INTERFACE:/home/moenet/moenet2023-Anand/ros2_ws/src/vision/include>
[0.725s] -- Configured cppcheck exclude dirs and/or files: 
[0.726s] -- Added test 'lint_cmake' to check CMake code style
[0.728s] -- Added test 'uncrustify' to check C / C++ code style
[0.728s] -- Configured uncrustify additional arguments: 
[0.728s] -- Added test 'xmllint' to check XML markup files
[0.729s] -- Configuring done
[0.735s] -- Generating done
[0.736s] -- Build files have been written to: /home/moenet/moenet2023-Anand/ros2_ws/build/vision
[0.741s] Invoked command in '/home/moenet/moenet2023-Anand/ros2_ws/build/vision' returned '0': AMENT_PREFIX_PATH=/home/moenet/moenet2023-Anand/ros2_ws/install/custom_msgs:${AMENT_PREFIX_PATH} CMAKE_PREFIX_PATH=/home/moenet/moenet2023-Anand/ros2_ws/install/custom_msgs:/opt/ros/humble LD_LIBRARY_PATH=/home/moenet/moenet2023-Anand/ros2_ws/install/custom_msgs/lib:${LD_LIBRARY_PATH} PYTHONPATH=/home/moenet/moenet2023-Anand/ros2_ws/install/custom_msgs/local/lib/python3.10/dist-packages:${PYTHONPATH} /usr/bin/cmake /home/moenet/moenet2023-Anand/ros2_ws/src/vision -DCMAKE_INSTALL_PREFIX=/home/moenet/moenet2023-Anand/ros2_ws/install/vision
[0.742s] Invoking command in '/home/moenet/moenet2023-Anand/ros2_ws/build/vision': AMENT_PREFIX_PATH=/home/moenet/moenet2023-Anand/ros2_ws/install/custom_msgs:${AMENT_PREFIX_PATH} CMAKE_PREFIX_PATH=/home/moenet/moenet2023-Anand/ros2_ws/install/custom_msgs:/opt/ros/humble LD_LIBRARY_PATH=/home/moenet/moenet2023-Anand/ros2_ws/install/custom_msgs/lib:${LD_LIBRARY_PATH} PYTHONPATH=/home/moenet/moenet2023-Anand/ros2_ws/install/custom_msgs/local/lib/python3.10/dist-packages:${PYTHONPATH} /usr/bin/cmake --build /home/moenet/moenet2023-Anand/ros2_ws/build/vision -- -j16 -l16
[0.771s] [ 50%] [32mBuilding CXX object CMakeFiles/my_node.dir/src/my_node.cpp.o[0m
[0.771s] [ 50%] [32mBuilding CXX object CMakeFiles/camera.dir/src/camera.cpp.o[0m
[0.788s] [ 75%] [32m[1mLinking CXX executable my_node[0m
[0.815s] [ 75%] Built target my_node
[2.159s] [01m[K/home/moenet/moenet2023-Anand/ros2_ws/src/vision/src/camera.cpp:[m[K In function ‘[01m[Kstd::string PoseToString(Pose3D)[m[K’:
[2.159s] [01m[K/home/moenet/moenet2023-Anand/ros2_ws/src/vision/src/camera.cpp:16:1:[m[K [01;35m[Kwarning: [m[Kno return statement in function returning non-void [[01;35m[K]8;;https://gcc.gnu.org/onlinedocs/gcc/Warning-Options.html#index-Wreturn-type-Wreturn-type]8;;[m[K]
[2.159s]    16 | [01;35m[K}[m[K
[2.159s]       | [01;35m[K^[m[K
[3.227s] [100%] [32m[1mLinking CXX executable camera[0m
[3.324s] [100%] Built target camera
[3.330s] Invoked command in '/home/moenet/moenet2023-Anand/ros2_ws/build/vision' returned '0': AMENT_PREFIX_PATH=/home/moenet/moenet2023-Anand/ros2_ws/install/custom_msgs:${AMENT_PREFIX_PATH} CMAKE_PREFIX_PATH=/home/moenet/moenet2023-Anand/ros2_ws/install/custom_msgs:/opt/ros/humble LD_LIBRARY_PATH=/home/moenet/moenet2023-Anand/ros2_ws/install/custom_msgs/lib:${LD_LIBRARY_PATH} PYTHONPATH=/home/moenet/moenet2023-Anand/ros2_ws/install/custom_msgs/local/lib/python3.10/dist-packages:${PYTHONPATH} /usr/bin/cmake --build /home/moenet/moenet2023-Anand/ros2_ws/build/vision -- -j16 -l16
[3.345s] Invoking command in '/home/moenet/moenet2023-Anand/ros2_ws/build/vision': AMENT_PREFIX_PATH=/home/moenet/moenet2023-Anand/ros2_ws/install/custom_msgs:${AMENT_PREFIX_PATH} CMAKE_PREFIX_PATH=/home/moenet/moenet2023-Anand/ros2_ws/install/custom_msgs:/opt/ros/humble LD_LIBRARY_PATH=/home/moenet/moenet2023-Anand/ros2_ws/install/custom_msgs/lib:${LD_LIBRARY_PATH} PYTHONPATH=/home/moenet/moenet2023-Anand/ros2_ws/install/custom_msgs/local/lib/python3.10/dist-packages:${PYTHONPATH} /usr/bin/cmake --install /home/moenet/moenet2023-Anand/ros2_ws/build/vision
[3.350s] -- Install configuration: ""
[3.350s] -- Installing: /home/moenet/moenet2023-Anand/ros2_ws/install/vision/lib/vision/my_node
[3.350s] -- Installing: /home/moenet/moenet2023-Anand/ros2_ws/install/vision/lib/vision/camera
[3.350s] -- Set runtime path of "/home/moenet/moenet2023-Anand/ros2_ws/install/vision/lib/vision/camera" to ""
[3.351s] -- Installing: /home/moenet/moenet2023-Anand/ros2_ws/install/vision/share/ament_index/resource_index/package_run_dependencies/vision
[3.351s] -- Installing: /home/moenet/moenet2023-Anand/ros2_ws/install/vision/share/ament_index/resource_index/parent_prefix_path/vision
[3.351s] -- Installing: /home/moenet/moenet2023-Anand/ros2_ws/install/vision/share/vision/environment/ament_prefix_path.sh
[3.351s] -- Installing: /home/moenet/moenet2023-Anand/ros2_ws/install/vision/share/vision/environment/ament_prefix_path.dsv
[3.351s] -- Installing: /home/moenet/moenet2023-Anand/ros2_ws/install/vision/share/vision/environment/path.sh
[3.351s] -- Installing: /home/moenet/moenet2023-Anand/ros2_ws/install/vision/share/vision/environment/path.dsv
[3.351s] -- Installing: /home/moenet/moenet2023-Anand/ros2_ws/install/vision/share/vision/local_setup.bash
[3.351s] -- Installing: /home/moenet/moenet2023-Anand/ros2_ws/install/vision/share/vision/local_setup.sh
[3.351s] -- Installing: /home/moenet/moenet2023-Anand/ros2_ws/install/vision/share/vision/local_setup.zsh
[3.351s] -- Installing: /home/moenet/moenet2023-Anand/ros2_ws/install/vision/share/vision/local_setup.dsv
[3.351s] -- Installing: /home/moenet/moenet2023-Anand/ros2_ws/install/vision/share/vision/package.dsv
[3.351s] -- Installing: /home/moenet/moenet2023-Anand/ros2_ws/install/vision/share/ament_index/resource_index/packages/vision
[3.352s] -- Installing: /home/moenet/moenet2023-Anand/ros2_ws/install/vision/share/vision/cmake/visionConfig.cmake
[3.352s] -- Installing: /home/moenet/moenet2023-Anand/ros2_ws/install/vision/share/vision/cmake/visionConfig-version.cmake
[3.352s] -- Installing: /home/moenet/moenet2023-Anand/ros2_ws/install/vision/share/vision/package.xml
[3.353s] Invoked command in '/home/moenet/moenet2023-Anand/ros2_ws/build/vision' returned '0': AMENT_PREFIX_PATH=/home/moenet/moenet2023-Anand/ros2_ws/install/custom_msgs:${AMENT_PREFIX_PATH} CMAKE_PREFIX_PATH=/home/moenet/moenet2023-Anand/ros2_ws/install/custom_msgs:/opt/ros/humble LD_LIBRARY_PATH=/home/moenet/moenet2023-Anand/ros2_ws/install/custom_msgs/lib:${LD_LIBRARY_PATH} PYTHONPATH=/home/moenet/moenet2023-Anand/ros2_ws/install/custom_msgs/local/lib/python3.10/dist-packages:${PYTHONPATH} /usr/bin/cmake --install /home/moenet/moenet2023-Anand/ros2_ws/build/vision
