[0.158s] DEBUG:colcon:Command line arguments: ['/usr/bin/colcon', 'build']
[0.158s] DEBUG:colcon:Parsed command line arguments: Namespace(log_base=None, log_level=None, verb_name='build', build_base='build', install_base='install', merge_install=False, symlink_install=False, test_result_base=None, continue_on_error=False, executor='parallel', parallel_workers=16, event_handlers=None, ignore_user_meta=False, metas=['./colcon.meta'], base_paths=['.'], packages_ignore=None, packages_ignore_regex=None, paths=None, packages_up_to=None, packages_up_to_regex=None, packages_above=None, packages_above_and_dependencies=None, packages_above_depth=None, packages_select_by_dep=None, packages_skip_by_dep=None, packages_skip_up_to=None, packages_select_build_failed=False, packages_skip_build_finished=False, packages_select_test_failures=False, packages_skip_test_passed=False, packages_select=None, packages_skip=None, packages_select_regex=None, packages_skip_regex=None, packages_start=None, packages_end=None, allow_overriding=[], cmake_args=None, cmake_target=None, cmake_target_skip_unavailable=False, cmake_clean_cache=False, cmake_clean_first=False, cmake_force_configure=False, ament_cmake_args=None, catkin_cmake_args=None, catkin_skip_building_tests=False, verb_parser=<colcon_defaults.argument_parser.defaults.DefaultArgumentsDecorator object at 0x7f2668dc13f0>, verb_extension=<colcon_core.verb.build.BuildVerb object at 0x7f266962dc00>, main=<bound method BuildVerb.main of <colcon_core.verb.build.BuildVerb object at 0x7f266962dc00>>)
[0.177s] Level 1:colcon.colcon_core.package_discovery:discover_packages(colcon_meta) check parameters
[0.177s] Level 1:colcon.colcon_core.package_discovery:discover_packages(recursive) check parameters
[0.177s] Level 1:colcon.colcon_core.package_discovery:discover_packages(ignore) check parameters
[0.177s] Level 1:colcon.colcon_core.package_discovery:discover_packages(path) check parameters
[0.177s] Level 1:colcon.colcon_core.package_discovery:discover_packages(colcon_meta) discover
[0.177s] Level 1:colcon.colcon_core.package_discovery:discover_packages(recursive) discover
[0.177s] INFO:colcon.colcon_core.package_discovery:Crawling recursively for packages in '/home/moenet/moenet2023-Anand/ros2_ws'
[0.177s] Level 1:colcon.colcon_core.package_identification:_identify(.) by extensions ['ignore', 'ignore_ament_install']
[0.177s] Level 1:colcon.colcon_core.package_identification:_identify(.) by extension 'ignore'
[0.177s] Level 1:colcon.colcon_core.package_identification:_identify(.) by extension 'ignore_ament_install'
[0.177s] Level 1:colcon.colcon_core.package_identification:_identify(.) by extensions ['colcon_pkg']
[0.177s] Level 1:colcon.colcon_core.package_identification:_identify(.) by extension 'colcon_pkg'
[0.177s] Level 1:colcon.colcon_core.package_identification:_identify(.) by extensions ['colcon_meta']
[0.177s] Level 1:colcon.colcon_core.package_identification:_identify(.) by extension 'colcon_meta'
[0.177s] Level 1:colcon.colcon_core.package_identification:_identify(.) by extensions ['ros']
[0.177s] Level 1:colcon.colcon_core.package_identification:_identify(.) by extension 'ros'
[0.184s] Level 1:colcon.colcon_core.package_identification:_identify(.) by extensions ['cmake', 'python']
[0.184s] Level 1:colcon.colcon_core.package_identification:_identify(.) by extension 'cmake'
[0.184s] Level 1:colcon.colcon_core.package_identification:_identify(.) by extension 'python'
[0.184s] Level 1:colcon.colcon_core.package_identification:_identify(.) by extensions ['python_setup_py']
[0.184s] Level 1:colcon.colcon_core.package_identification:_identify(.) by extension 'python_setup_py'
[0.184s] Level 1:colcon.colcon_core.package_identification:_identify(build) by extensions ['ignore', 'ignore_ament_install']
[0.184s] Level 1:colcon.colcon_core.package_identification:_identify(build) by extension 'ignore'
[0.184s] Level 1:colcon.colcon_core.package_identification:_identify(build) ignored
[0.185s] Level 1:colcon.colcon_core.package_identification:_identify(install) by extensions ['ignore', 'ignore_ament_install']
[0.185s] Level 1:colcon.colcon_core.package_identification:_identify(install) by extension 'ignore'
[0.185s] Level 1:colcon.colcon_core.package_identification:_identify(install) ignored
[0.185s] Level 1:colcon.colcon_core.package_identification:_identify(log) by extensions ['ignore', 'ignore_ament_install']
[0.185s] Level 1:colcon.colcon_core.package_identification:_identify(log) by extension 'ignore'
[0.185s] Level 1:colcon.colcon_core.package_identification:_identify(log) ignored
[0.185s] Level 1:colcon.colcon_core.package_identification:_identify(src) by extensions ['ignore', 'ignore_ament_install']
[0.185s] Level 1:colcon.colcon_core.package_identification:_identify(src) by extension 'ignore'
[0.185s] Level 1:colcon.colcon_core.package_identification:_identify(src) by extension 'ignore_ament_install'
[0.185s] Level 1:colcon.colcon_core.package_identification:_identify(src) by extensions ['colcon_pkg']
[0.185s] Level 1:colcon.colcon_core.package_identification:_identify(src) by extension 'colcon_pkg'
[0.185s] Level 1:colcon.colcon_core.package_identification:_identify(src) by extensions ['colcon_meta']
[0.185s] Level 1:colcon.colcon_core.package_identification:_identify(src) by extension 'colcon_meta'
[0.185s] Level 1:colcon.colcon_core.package_identification:_identify(src) by extensions ['ros']
[0.185s] Level 1:colcon.colcon_core.package_identification:_identify(src) by extension 'ros'
[0.185s] Level 1:colcon.colcon_core.package_identification:_identify(src) by extensions ['cmake', 'python']
[0.185s] Level 1:colcon.colcon_core.package_identification:_identify(src) by extension 'cmake'
[0.185s] Level 1:colcon.colcon_core.package_identification:_identify(src) by extension 'python'
[0.185s] Level 1:colcon.colcon_core.package_identification:_identify(src) by extensions ['python_setup_py']
[0.185s] Level 1:colcon.colcon_core.package_identification:_identify(src) by extension 'python_setup_py'
[0.185s] Level 1:colcon.colcon_core.package_identification:_identify(src/custom_msgs) by extensions ['ignore', 'ignore_ament_install']
[0.185s] Level 1:colcon.colcon_core.package_identification:_identify(src/custom_msgs) by extension 'ignore'
[0.185s] Level 1:colcon.colcon_core.package_identification:_identify(src/custom_msgs) by extension 'ignore_ament_install'
[0.185s] Level 1:colcon.colcon_core.package_identification:_identify(src/custom_msgs) by extensions ['colcon_pkg']
[0.185s] Level 1:colcon.colcon_core.package_identification:_identify(src/custom_msgs) by extension 'colcon_pkg'
[0.185s] Level 1:colcon.colcon_core.package_identification:_identify(src/custom_msgs) by extensions ['colcon_meta']
[0.185s] Level 1:colcon.colcon_core.package_identification:_identify(src/custom_msgs) by extension 'colcon_meta'
[0.185s] Level 1:colcon.colcon_core.package_identification:_identify(src/custom_msgs) by extensions ['ros']
[0.185s] Level 1:colcon.colcon_core.package_identification:_identify(src/custom_msgs) by extension 'ros'
[0.187s] DEBUG:colcon.colcon_core.package_identification:Package 'src/custom_msgs' with type 'ros.ament_cmake' and name 'custom_msgs'
[0.187s] Level 1:colcon.colcon_core.package_identification:_identify(src/vision) by extensions ['ignore', 'ignore_ament_install']
[0.187s] Level 1:colcon.colcon_core.package_identification:_identify(src/vision) by extension 'ignore'
[0.187s] Level 1:colcon.colcon_core.package_identification:_identify(src/vision) by extension 'ignore_ament_install'
[0.187s] Level 1:colcon.colcon_core.package_identification:_identify(src/vision) by extensions ['colcon_pkg']
[0.187s] Level 1:colcon.colcon_core.package_identification:_identify(src/vision) by extension 'colcon_pkg'
[0.187s] Level 1:colcon.colcon_core.package_identification:_identify(src/vision) by extensions ['colcon_meta']
[0.187s] Level 1:colcon.colcon_core.package_identification:_identify(src/vision) by extension 'colcon_meta'
[0.187s] Level 1:colcon.colcon_core.package_identification:_identify(src/vision) by extensions ['ros']
[0.187s] Level 1:colcon.colcon_core.package_identification:_identify(src/vision) by extension 'ros'
[0.187s] DEBUG:colcon.colcon_core.package_identification:Package 'src/vision' with type 'ros.ament_cmake' and name 'vision'
[0.187s] Level 1:colcon.colcon_core.package_discovery:discover_packages(recursive) using defaults
[0.187s] Level 1:colcon.colcon_core.package_discovery:discover_packages(ignore) discover
[0.187s] Level 1:colcon.colcon_core.package_discovery:discover_packages(ignore) using defaults
[0.187s] Level 1:colcon.colcon_core.package_discovery:discover_packages(path) discover
[0.187s] Level 1:colcon.colcon_core.package_discovery:discover_packages(path) using defaults
[0.200s] Level 1:colcon.colcon_core.package_discovery:discover_packages(prefix_path) check parameters
[0.200s] Level 1:colcon.colcon_core.package_discovery:discover_packages(prefix_path) discover
[0.202s] DEBUG:colcon.colcon_installed_package_information.package_discovery:Found 270 installed packages in /opt/ros/humble
[0.203s] Level 1:colcon.colcon_core.package_discovery:discover_packages(prefix_path) using defaults
[0.232s] Level 5:colcon.colcon_core.verb:set package 'custom_msgs' build argument 'cmake_args' from command line to 'None'
[0.232s] Level 5:colcon.colcon_core.verb:set package 'custom_msgs' build argument 'cmake_target' from command line to 'None'
[0.232s] Level 5:colcon.colcon_core.verb:set package 'custom_msgs' build argument 'cmake_target_skip_unavailable' from command line to 'False'
[0.232s] Level 5:colcon.colcon_core.verb:set package 'custom_msgs' build argument 'cmake_clean_cache' from command line to 'False'
[0.232s] Level 5:colcon.colcon_core.verb:set package 'custom_msgs' build argument 'cmake_clean_first' from command line to 'False'
[0.232s] Level 5:colcon.colcon_core.verb:set package 'custom_msgs' build argument 'cmake_force_configure' from command line to 'False'
[0.232s] Level 5:colcon.colcon_core.verb:set package 'custom_msgs' build argument 'ament_cmake_args' from command line to 'None'
[0.232s] Level 5:colcon.colcon_core.verb:set package 'custom_msgs' build argument 'catkin_cmake_args' from command line to 'None'
[0.232s] Level 5:colcon.colcon_core.verb:set package 'custom_msgs' build argument 'catkin_skip_building_tests' from command line to 'False'
[0.232s] DEBUG:colcon.colcon_core.verb:Building package 'custom_msgs' with the following arguments: {'ament_cmake_args': None, 'build_base': '/home/moenet/moenet2023-Anand/ros2_ws/build/custom_msgs', 'catkin_cmake_args': None, 'catkin_skip_building_tests': False, 'cmake_args': None, 'cmake_clean_cache': False, 'cmake_clean_first': False, 'cmake_force_configure': False, 'cmake_target': None, 'cmake_target_skip_unavailable': False, 'install_base': '/home/moenet/moenet2023-Anand/ros2_ws/install/custom_msgs', 'merge_install': False, 'path': '/home/moenet/moenet2023-Anand/ros2_ws/src/custom_msgs', 'symlink_install': False, 'test_result_base': None}
[0.233s] Level 5:colcon.colcon_core.verb:set package 'vision' build argument 'cmake_args' from command line to 'None'
[0.233s] Level 5:colcon.colcon_core.verb:set package 'vision' build argument 'cmake_target' from command line to 'None'
[0.233s] Level 5:colcon.colcon_core.verb:set package 'vision' build argument 'cmake_target_skip_unavailable' from command line to 'False'
[0.233s] Level 5:colcon.colcon_core.verb:set package 'vision' build argument 'cmake_clean_cache' from command line to 'False'
[0.233s] Level 5:colcon.colcon_core.verb:set package 'vision' build argument 'cmake_clean_first' from command line to 'False'
[0.233s] Level 5:colcon.colcon_core.verb:set package 'vision' build argument 'cmake_force_configure' from command line to 'False'
[0.233s] Level 5:colcon.colcon_core.verb:set package 'vision' build argument 'ament_cmake_args' from command line to 'None'
[0.233s] Level 5:colcon.colcon_core.verb:set package 'vision' build argument 'catkin_cmake_args' from command line to 'None'
[0.233s] Level 5:colcon.colcon_core.verb:set package 'vision' build argument 'catkin_skip_building_tests' from command line to 'False'
[0.233s] DEBUG:colcon.colcon_core.verb:Building package 'vision' with the following arguments: {'ament_cmake_args': None, 'build_base': '/home/moenet/moenet2023-Anand/ros2_ws/build/vision', 'catkin_cmake_args': None, 'catkin_skip_building_tests': False, 'cmake_args': None, 'cmake_clean_cache': False, 'cmake_clean_first': False, 'cmake_force_configure': False, 'cmake_target': None, 'cmake_target_skip_unavailable': False, 'install_base': '/home/moenet/moenet2023-Anand/ros2_ws/install/vision', 'merge_install': False, 'path': '/home/moenet/moenet2023-Anand/ros2_ws/src/vision', 'symlink_install': False, 'test_result_base': None}
[0.233s] INFO:colcon.colcon_core.executor:Executing jobs using 'parallel' executor
[0.235s] DEBUG:colcon.colcon_parallel_executor.executor.parallel:run_until_complete
[0.235s] INFO:colcon.colcon_ros.task.ament_cmake.build:Building ROS package in '/home/moenet/moenet2023-Anand/ros2_ws/src/custom_msgs' with build type 'ament_cmake'
[0.235s] INFO:colcon.colcon_cmake.task.cmake.build:Building CMake package in '/home/moenet/moenet2023-Anand/ros2_ws/src/custom_msgs'
[0.238s] INFO:colcon.colcon_core.plugin_system:Skipping extension 'colcon_core.shell.bat': Not used on non-Windows systems
[0.238s] INFO:colcon.colcon_core.shell:Skip shell extension 'powershell' for command environment: Not usable outside of PowerShell
[0.238s] DEBUG:colcon.colcon_core.shell:Skip shell extension 'dsv' for command environment
[0.243s] DEBUG:colcon.colcon_core.event_handler.log_command:Invoking command in '/home/moenet/moenet2023-Anand/ros2_ws/build/custom_msgs': CMAKE_PREFIX_PATH=/opt/ros/humble /usr/bin/cmake --build /home/moenet/moenet2023-Anand/ros2_ws/build/custom_msgs -- -j16 -l16
[0.438s] DEBUG:colcon.colcon_core.event_handler.log_command:Invoked command in '/home/moenet/moenet2023-Anand/ros2_ws/build/custom_msgs' returned '0': CMAKE_PREFIX_PATH=/opt/ros/humble /usr/bin/cmake --build /home/moenet/moenet2023-Anand/ros2_ws/build/custom_msgs -- -j16 -l16
[0.491s] DEBUG:colcon.colcon_core.event_handler.log_command:Invoking command in '/home/moenet/moenet2023-Anand/ros2_ws/build/custom_msgs': CMAKE_PREFIX_PATH=/opt/ros/humble /usr/bin/cmake --install /home/moenet/moenet2023-Anand/ros2_ws/build/custom_msgs
[0.522s] Level 1:colcon.colcon_core.environment:create_environment_scripts_only(custom_msgs)
[0.522s] DEBUG:colcon.colcon_core.event_handler.log_command:Invoked command in '/home/moenet/moenet2023-Anand/ros2_ws/build/custom_msgs' returned '0': CMAKE_PREFIX_PATH=/opt/ros/humble /usr/bin/cmake --install /home/moenet/moenet2023-Anand/ros2_ws/build/custom_msgs
[0.525s] Level 1:colcon.colcon_core.environment:checking '/home/moenet/moenet2023-Anand/ros2_ws/install/custom_msgs' for CMake module files
[0.525s] Level 1:colcon.colcon_core.environment:checking '/home/moenet/moenet2023-Anand/ros2_ws/install/custom_msgs' for CMake config files
[0.526s] Level 1:colcon.colcon_core.shell:create_environment_hook('custom_msgs', 'cmake_prefix_path')
[0.526s] INFO:colcon.colcon_core.shell:Creating environment hook '/home/moenet/moenet2023-Anand/ros2_ws/install/custom_msgs/share/custom_msgs/hook/cmake_prefix_path.ps1'
[0.527s] INFO:colcon.colcon_core.shell:Creating environment descriptor '/home/moenet/moenet2023-Anand/ros2_ws/install/custom_msgs/share/custom_msgs/hook/cmake_prefix_path.dsv'
[0.527s] INFO:colcon.colcon_core.shell:Creating environment hook '/home/moenet/moenet2023-Anand/ros2_ws/install/custom_msgs/share/custom_msgs/hook/cmake_prefix_path.sh'
[0.528s] Level 1:colcon.colcon_core.environment:checking '/home/moenet/moenet2023-Anand/ros2_ws/install/custom_msgs/lib'
[0.528s] Level 1:colcon.colcon_core.shell:create_environment_hook('custom_msgs', 'ld_library_path_lib')
[0.528s] INFO:colcon.colcon_core.shell:Creating environment hook '/home/moenet/moenet2023-Anand/ros2_ws/install/custom_msgs/share/custom_msgs/hook/ld_library_path_lib.ps1'
[0.528s] INFO:colcon.colcon_core.shell:Creating environment descriptor '/home/moenet/moenet2023-Anand/ros2_ws/install/custom_msgs/share/custom_msgs/hook/ld_library_path_lib.dsv'
[0.529s] INFO:colcon.colcon_core.shell:Creating environment hook '/home/moenet/moenet2023-Anand/ros2_ws/install/custom_msgs/share/custom_msgs/hook/ld_library_path_lib.sh'
[0.529s] Level 1:colcon.colcon_core.environment:checking '/home/moenet/moenet2023-Anand/ros2_ws/install/custom_msgs/bin'
[0.529s] Level 1:colcon.colcon_core.environment:checking '/home/moenet/moenet2023-Anand/ros2_ws/install/custom_msgs/lib/pkgconfig/custom_msgs.pc'
[0.529s] Level 1:colcon.colcon_core.environment:checking '/home/moenet/moenet2023-Anand/ros2_ws/install/custom_msgs/lib/python3.10/site-packages'
[0.529s] Level 1:colcon.colcon_core.environment:checking '/home/moenet/moenet2023-Anand/ros2_ws/install/custom_msgs/bin'
[0.530s] INFO:colcon.colcon_core.shell:Creating package script '/home/moenet/moenet2023-Anand/ros2_ws/install/custom_msgs/share/custom_msgs/package.ps1'
[0.530s] INFO:colcon.colcon_core.shell:Creating package descriptor '/home/moenet/moenet2023-Anand/ros2_ws/install/custom_msgs/share/custom_msgs/package.dsv'
[0.530s] INFO:colcon.colcon_core.shell:Creating package script '/home/moenet/moenet2023-Anand/ros2_ws/install/custom_msgs/share/custom_msgs/package.sh'
[0.531s] INFO:colcon.colcon_core.shell:Creating package script '/home/moenet/moenet2023-Anand/ros2_ws/install/custom_msgs/share/custom_msgs/package.bash'
[0.531s] INFO:colcon.colcon_core.shell:Creating package script '/home/moenet/moenet2023-Anand/ros2_ws/install/custom_msgs/share/custom_msgs/package.zsh'
[0.531s] Level 1:colcon.colcon_core.environment:create_file_with_runtime_dependencies(/home/moenet/moenet2023-Anand/ros2_ws/install/custom_msgs/share/colcon-core/packages/custom_msgs)
[0.579s] Level 1:colcon.colcon_core.environment:create_environment_scripts_only(custom_msgs)
[0.580s] Level 1:colcon.colcon_core.environment:checking '/home/moenet/moenet2023-Anand/ros2_ws/install/custom_msgs' for CMake module files
[0.581s] Level 1:colcon.colcon_core.environment:checking '/home/moenet/moenet2023-Anand/ros2_ws/install/custom_msgs' for CMake config files
[0.581s] Level 1:colcon.colcon_core.shell:create_environment_hook('custom_msgs', 'cmake_prefix_path')
[0.582s] INFO:colcon.colcon_core.shell:Creating environment hook '/home/moenet/moenet2023-Anand/ros2_ws/install/custom_msgs/share/custom_msgs/hook/cmake_prefix_path.ps1'
[0.583s] INFO:colcon.colcon_core.shell:Creating environment descriptor '/home/moenet/moenet2023-Anand/ros2_ws/install/custom_msgs/share/custom_msgs/hook/cmake_prefix_path.dsv'
[0.583s] INFO:colcon.colcon_core.shell:Creating environment hook '/home/moenet/moenet2023-Anand/ros2_ws/install/custom_msgs/share/custom_msgs/hook/cmake_prefix_path.sh'
[0.584s] Level 1:colcon.colcon_core.environment:checking '/home/moenet/moenet2023-Anand/ros2_ws/install/custom_msgs/lib'
[0.584s] Level 1:colcon.colcon_core.shell:create_environment_hook('custom_msgs', 'ld_library_path_lib')
[0.585s] INFO:colcon.colcon_core.shell:Creating environment hook '/home/moenet/moenet2023-Anand/ros2_ws/install/custom_msgs/share/custom_msgs/hook/ld_library_path_lib.ps1'
[0.585s] INFO:colcon.colcon_core.shell:Creating environment descriptor '/home/moenet/moenet2023-Anand/ros2_ws/install/custom_msgs/share/custom_msgs/hook/ld_library_path_lib.dsv'
[0.585s] INFO:colcon.colcon_core.shell:Creating environment hook '/home/moenet/moenet2023-Anand/ros2_ws/install/custom_msgs/share/custom_msgs/hook/ld_library_path_lib.sh'
[0.585s] Level 1:colcon.colcon_core.environment:checking '/home/moenet/moenet2023-Anand/ros2_ws/install/custom_msgs/bin'
[0.585s] Level 1:colcon.colcon_core.environment:checking '/home/moenet/moenet2023-Anand/ros2_ws/install/custom_msgs/lib/pkgconfig/custom_msgs.pc'
[0.585s] Level 1:colcon.colcon_core.environment:checking '/home/moenet/moenet2023-Anand/ros2_ws/install/custom_msgs/lib/python3.10/site-packages'
[0.585s] Level 1:colcon.colcon_core.environment:checking '/home/moenet/moenet2023-Anand/ros2_ws/install/custom_msgs/bin'
[0.586s] INFO:colcon.colcon_core.shell:Creating package script '/home/moenet/moenet2023-Anand/ros2_ws/install/custom_msgs/share/custom_msgs/package.ps1'
[0.587s] INFO:colcon.colcon_core.shell:Creating package descriptor '/home/moenet/moenet2023-Anand/ros2_ws/install/custom_msgs/share/custom_msgs/package.dsv'
[0.587s] INFO:colcon.colcon_core.shell:Creating package script '/home/moenet/moenet2023-Anand/ros2_ws/install/custom_msgs/share/custom_msgs/package.sh'
[0.587s] INFO:colcon.colcon_core.shell:Creating package script '/home/moenet/moenet2023-Anand/ros2_ws/install/custom_msgs/share/custom_msgs/package.bash'
[0.587s] INFO:colcon.colcon_core.shell:Creating package script '/home/moenet/moenet2023-Anand/ros2_ws/install/custom_msgs/share/custom_msgs/package.zsh'
[0.587s] Level 1:colcon.colcon_core.environment:create_file_with_runtime_dependencies(/home/moenet/moenet2023-Anand/ros2_ws/install/custom_msgs/share/colcon-core/packages/custom_msgs)
[0.588s] INFO:colcon.colcon_ros.task.ament_cmake.build:Building ROS package in '/home/moenet/moenet2023-Anand/ros2_ws/src/vision' with build type 'ament_cmake'
[0.588s] INFO:colcon.colcon_cmake.task.cmake.build:Building CMake package in '/home/moenet/moenet2023-Anand/ros2_ws/src/vision'
[0.588s] INFO:colcon.colcon_core.shell:Skip shell extension 'powershell' for command environment: Not usable outside of PowerShell
[0.588s] DEBUG:colcon.colcon_core.shell:Skip shell extension 'dsv' for command environment
[0.595s] DEBUG:colcon.colcon_core.event_handler.log_command:Invoking command in '/home/moenet/moenet2023-Anand/ros2_ws/build/vision': AMENT_PREFIX_PATH=/home/moenet/moenet2023-Anand/ros2_ws/install/custom_msgs:${AMENT_PREFIX_PATH} CMAKE_PREFIX_PATH=/home/moenet/moenet2023-Anand/ros2_ws/install/custom_msgs:/opt/ros/humble LD_LIBRARY_PATH=/home/moenet/moenet2023-Anand/ros2_ws/install/custom_msgs/lib:${LD_LIBRARY_PATH} PYTHONPATH=/home/moenet/moenet2023-Anand/ros2_ws/install/custom_msgs/local/lib/python3.10/dist-packages:${PYTHONPATH} /usr/bin/cmake --build /home/moenet/moenet2023-Anand/ros2_ws/build/vision -- -j16 -l16
[2.701s] DEBUG:colcon.colcon_core.event_handler.log_command:Invoked command in '/home/moenet/moenet2023-Anand/ros2_ws/build/vision' returned '2': AMENT_PREFIX_PATH=/home/moenet/moenet2023-Anand/ros2_ws/install/custom_msgs:${AMENT_PREFIX_PATH} CMAKE_PREFIX_PATH=/home/moenet/moenet2023-Anand/ros2_ws/install/custom_msgs:/opt/ros/humble LD_LIBRARY_PATH=/home/moenet/moenet2023-Anand/ros2_ws/install/custom_msgs/lib:${LD_LIBRARY_PATH} PYTHONPATH=/home/moenet/moenet2023-Anand/ros2_ws/install/custom_msgs/local/lib/python3.10/dist-packages:${PYTHONPATH} /usr/bin/cmake --build /home/moenet/moenet2023-Anand/ros2_ws/build/vision -- -j16 -l16
[2.716s] Level 1:colcon.colcon_core.environment:create_environment_scripts_only(vision)
[2.717s] Level 1:colcon.colcon_core.environment:checking '/home/moenet/moenet2023-Anand/ros2_ws/install/vision' for CMake module files
[2.718s] Level 1:colcon.colcon_core.environment:checking '/home/moenet/moenet2023-Anand/ros2_ws/install/vision' for CMake config files
[2.718s] Level 1:colcon.colcon_core.shell:create_environment_hook('vision', 'cmake_prefix_path')
[2.719s] INFO:colcon.colcon_core.shell:Creating environment hook '/home/moenet/moenet2023-Anand/ros2_ws/install/vision/share/vision/hook/cmake_prefix_path.ps1'
[2.719s] INFO:colcon.colcon_core.shell:Creating environment descriptor '/home/moenet/moenet2023-Anand/ros2_ws/install/vision/share/vision/hook/cmake_prefix_path.dsv'
[2.719s] INFO:colcon.colcon_core.shell:Creating environment hook '/home/moenet/moenet2023-Anand/ros2_ws/install/vision/share/vision/hook/cmake_prefix_path.sh'
[2.719s] Level 1:colcon.colcon_core.environment:checking '/home/moenet/moenet2023-Anand/ros2_ws/install/vision/lib'
[2.719s] Level 1:colcon.colcon_core.environment:checking '/home/moenet/moenet2023-Anand/ros2_ws/install/vision/bin'
[2.720s] Level 1:colcon.colcon_core.environment:checking '/home/moenet/moenet2023-Anand/ros2_ws/install/vision/lib/pkgconfig/vision.pc'
[2.720s] Level 1:colcon.colcon_core.environment:checking '/home/moenet/moenet2023-Anand/ros2_ws/install/vision/lib/python3.10/site-packages'
[2.720s] Level 1:colcon.colcon_core.environment:checking '/home/moenet/moenet2023-Anand/ros2_ws/install/vision/bin'
[2.721s] INFO:colcon.colcon_core.shell:Creating package script '/home/moenet/moenet2023-Anand/ros2_ws/install/vision/share/vision/package.ps1'
[2.721s] INFO:colcon.colcon_core.shell:Creating package descriptor '/home/moenet/moenet2023-Anand/ros2_ws/install/vision/share/vision/package.dsv'
[2.721s] INFO:colcon.colcon_core.shell:Creating package script '/home/moenet/moenet2023-Anand/ros2_ws/install/vision/share/vision/package.sh'
[2.721s] INFO:colcon.colcon_core.shell:Creating package script '/home/moenet/moenet2023-Anand/ros2_ws/install/vision/share/vision/package.bash'
[2.721s] INFO:colcon.colcon_core.shell:Creating package script '/home/moenet/moenet2023-Anand/ros2_ws/install/vision/share/vision/package.zsh'
[2.722s] Level 1:colcon.colcon_core.environment:create_file_with_runtime_dependencies(/home/moenet/moenet2023-Anand/ros2_ws/install/vision/share/colcon-core/packages/vision)
[2.732s] DEBUG:colcon.colcon_parallel_executor.executor.parallel:closing loop
[2.732s] DEBUG:colcon.colcon_parallel_executor.executor.parallel:loop closed
[2.732s] DEBUG:colcon.colcon_parallel_executor.executor.parallel:run_until_complete finished with '2'
[2.732s] DEBUG:colcon.colcon_core.event_reactor:joining thread
[2.737s] INFO:colcon.colcon_core.plugin_system:Skipping extension 'colcon_notification.desktop_notification.terminal_notifier': Not used on non-Darwin systems
[2.737s] INFO:colcon.colcon_core.plugin_system:Skipping extension 'colcon_notification.desktop_notification.win32': Not used on non-Windows systems
[2.737s] INFO:colcon.colcon_notification.desktop_notification:Sending desktop notification using 'notify2'
[2.749s] DEBUG:colcon.colcon_core.event_reactor:joined thread
[2.750s] INFO:colcon.colcon_core.shell:Creating prefix script '/home/moenet/moenet2023-Anand/ros2_ws/install/local_setup.ps1'
[2.751s] INFO:colcon.colcon_core.shell:Creating prefix util module '/home/moenet/moenet2023-Anand/ros2_ws/install/_local_setup_util_ps1.py'
[2.751s] INFO:colcon.colcon_core.shell:Creating prefix chain script '/home/moenet/moenet2023-Anand/ros2_ws/install/setup.ps1'
[2.752s] INFO:colcon.colcon_core.shell:Creating prefix script '/home/moenet/moenet2023-Anand/ros2_ws/install/local_setup.sh'
[2.752s] INFO:colcon.colcon_core.shell:Creating prefix util module '/home/moenet/moenet2023-Anand/ros2_ws/install/_local_setup_util_sh.py'
[2.753s] INFO:colcon.colcon_core.shell:Creating prefix chain script '/home/moenet/moenet2023-Anand/ros2_ws/install/setup.sh'
[2.753s] INFO:colcon.colcon_core.shell:Creating prefix script '/home/moenet/moenet2023-Anand/ros2_ws/install/local_setup.bash'
[2.754s] INFO:colcon.colcon_core.shell:Creating prefix chain script '/home/moenet/moenet2023-Anand/ros2_ws/install/setup.bash'
[2.754s] INFO:colcon.colcon_core.shell:Creating prefix script '/home/moenet/moenet2023-Anand/ros2_ws/install/local_setup.zsh'
[2.755s] INFO:colcon.colcon_core.shell:Creating prefix chain script '/home/moenet/moenet2023-Anand/ros2_ws/install/setup.zsh'
