-- The C compiler identification is GNU 11.4.0
-- The CXX compiler identification is GNU 11.4.0
-- Detecting C compiler ABI info
-- Detecting C compiler ABI info - done
-- Check for working C compiler: /usr/bin/cc - skipped
-- Detecting C compile features
-- Detecting C compile features - done
-- Detecting CXX compiler ABI info
-- Detecting CXX compiler ABI info - done
-- Check for working CXX compiler: /usr/bin/c++ - skipped
-- Detecting CXX compile features
-- Detecting CXX compile features - done
-- Platform version: 
-- Found LIBSSH: /usr/include (found suitable version "0.9.6", minimum required is "0.7.1") 
-- Found Python: /usr/bin/python3.10 (found version "3.10.12") found components: Interpreter 
-- Looking for pthread.h
-- Looking for pthread.h - found
-- Performing Test CMAKE_HAVE_LIBC_PTHREAD
-- Performing Test CMAKE_HAVE_LIBC_PTHREAD - Success
-- Found Threads: TRUE  
-- Found Java: /usr/bin/java (found version "11.0.20") 
-- Found JNI: /usr/lib/jvm/default-java/lib/libjawt.so  
-- Downloading Jackson jarfiles...
-- All files downloaded.
-- Found libatomic: /usr/lib/x86_64-linux-gnu/libatomic.so.1
-- Found libatomic: /usr/lib/x86_64-linux-gnu/libatomic.so.1
-- Downloading EJML jarfiles...
-- All files downloaded.
-- Found Doxygen: /usr/bin/doxygen (found version "1.9.1") found components: doxygen 
-- Including X11 support
-- Found X11: /usr/include   
-- Looking for XOpenDisplay in /usr/lib/x86_64-linux-gnu/libX11.so;/usr/lib/x86_64-linux-gnu/libXext.so
-- Looking for XOpenDisplay in /usr/lib/x86_64-linux-gnu/libX11.so;/usr/lib/x86_64-linux-gnu/libXext.so - found
-- Looking for gethostbyname
-- Looking for gethostbyname - found
-- Looking for connect
-- Looking for connect - found
-- Looking for remove
-- Looking for remove - found
-- Looking for shmat
-- Looking for shmat - found
-- Looking for IceConnectionNumber in ICE
-- Looking for IceConnectionNumber in ICE - found
-- Found Python: /usr/bin/python3.10 (found version "3.10.12") found components: Interpreter Development Development.Module Development.Embed 
Downloading /home/moenet/moenet2023-Anand/build/allwpilib/_deps/gl3w-build/include/GL/glcorearb.h...
Downloading /home/moenet/moenet2023-Anand/build/allwpilib/_deps/gl3w-build/include/KHR/khrplatform.h...
Parsing glcorearb.h header...
Generating /home/moenet/moenet2023-Anand/build/allwpilib/_deps/gl3w-build/include/GL/gl3w.h...
Generating /home/moenet/moenet2023-Anand/build/allwpilib/_deps/gl3w-build/src/gl3w.c...
-- Found OpenCV: /usr (found version "4.5.4") 
