-- The C compiler identification is GNU 11.4.0
-- The CXX compiler identification is GNU 11.4.0
-- Detecting C compiler ABI info
-- Detecting C compiler ABI info - done
-- Check for working C compiler: /usr/bin/cc - skipped
-- Detecting C compile features
-- Detecting C compile features - done
-- Detecting CXX compiler ABI info
-- Detecting CXX compiler ABI info - done
-- Check for working CXX compiler: /usr/bin/c++ - skipped
-- Detecting CXX compile features
-- Detecting CXX compile features - done
-- Found ament_cmake: 1.3.3 (/opt/ros/humble/share/ament_cmake/cmake)
-- Found Python3: /usr/bin/python3.10 (found version "3.10.12") found components: Interpreter 
-- Found rosidl_default_generators: 1.2.0 (/opt/ros/humble/share/rosidl_default_generators/cmake)
-- Using all available rosidl_typesupport_c: rosidl_typesupport_fastrtps_c;rosidl_typesupport_introspection_c
-- Found rosidl_adapter: 3.1.4 (/opt/ros/humble/share/rosidl_adapter/cmake)
-- Using all available rosidl_typesupport_cpp: rosidl_typesupport_fastrtps_cpp;rosidl_typesupport_introspection_cpp
-- Found ament_cmake_ros: 0.10.0 (/opt/ros/humble/share/ament_cmake_ros/cmake)
-- Using all available rosidl_typesupport_c: rosidl_typesupport_fastrtps_c;rosidl_typesupport_introspection_c
-- Using all available rosidl_typesupport_cpp: rosidl_typesupport_fastrtps_cpp;rosidl_typesupport_introspection_cpp
-- Found PythonInterp: /usr/bin/python3 (found suitable version "3.10.12", minimum required is "3.6") 
-- Found python_cmake_module: 0.10.0 (/opt/ros/humble/share/python_cmake_module/cmake)
-- Found PythonLibs: /usr/lib/x86_64-linux-gnu/libpython3.10.so (found suitable version "3.10.12", minimum required is "3.5") 
-- Using PYTHON_EXECUTABLE: /usr/bin/python3
-- Using PYTHON_INCLUDE_DIRS: /usr/include/python3.10
-- Using PYTHON_LIBRARIES: /usr/lib/x86_64-linux-gnu/libpython3.10.so
-- Found PythonExtra: .so  
-- Configuring done
-- Generating done
-- Build files have been written to: /home/moenet/moenet2023-Anand/ros2_ws/build/custom_msgs
[  2%] [34m[1mGenerating C code for ROS interfaces[0m
[  4%] [34m[1mGenerating C++ code for ROS interfaces[0m
[  4%] Built target ament_cmake_python_copy_custom_msgs
running egg_info
creating custom_msgs.egg-info
writing custom_msgs.egg-info/PKG-INFO
writing dependency_links to custom_msgs.egg-info/dependency_links.txt
writing top-level names to custom_msgs.egg-info/top_level.txt
writing manifest file 'custom_msgs.egg-info/SOURCES.txt'
reading manifest file 'custom_msgs.egg-info/SOURCES.txt'
writing manifest file 'custom_msgs.egg-info/SOURCES.txt'
[  4%] Built target ament_cmake_python_build_custom_msgs_egg
[  4%] Built target custom_msgs__cpp
[  8%] [34m[1mGenerating C++ introspection for ROS interfaces[0m
[  8%] [34m[1mGenerating C++ type support for eProsima Fast-RTPS[0m
[ 10%] [34m[1mGenerating C++ type support dispatch for ROS interfaces[0m
[ 12%] [32mBuilding C object CMakeFiles/custom_msgs__rosidl_generator_c.dir/rosidl_generator_c/custom_msgs/msg/detail/pose3_d_stamped__functions.c.o[0m
[ 17%] [32mBuilding C object CMakeFiles/custom_msgs__rosidl_generator_c.dir/rosidl_generator_c/custom_msgs/msg/detail/quaternion__functions.c.o[0m
[ 17%] [32mBuilding C object CMakeFiles/custom_msgs__rosidl_generator_c.dir/rosidl_generator_c/custom_msgs/msg/detail/pose3_d__functions.c.o[0m
[ 19%] [32m[1mLinking C shared library libcustom_msgs__rosidl_generator_c.so[0m
[ 19%] Built target custom_msgs__rosidl_generator_c
[ 21%] [34m[1mGenerating C type support for eProsima Fast-RTPS[0m
[ 25%] [34m[1mGenerating C type support dispatch for ROS interfaces[0m
[ 25%] [34m[1mGenerating C introspection for ROS interfaces[0m
[ 27%] [32mBuilding CXX object CMakeFiles/custom_msgs__rosidl_typesupport_cpp.dir/rosidl_typesupport_cpp/custom_msgs/msg/quaternion__type_support.cpp.o[0m
[ 31%] [32mBuilding CXX object CMakeFiles/custom_msgs__rosidl_typesupport_cpp.dir/rosidl_typesupport_cpp/custom_msgs/msg/pose3_d__type_support.cpp.o[0m
[ 31%] [32mBuilding CXX object CMakeFiles/custom_msgs__rosidl_typesupport_cpp.dir/rosidl_typesupport_cpp/custom_msgs/msg/pose3_d_stamped__type_support.cpp.o[0m
[ 36%] [32mBuilding CXX object CMakeFiles/custom_msgs__rosidl_typesupport_introspection_cpp.dir/rosidl_typesupport_introspection_cpp/custom_msgs/msg/detail/pose3_d_stamped__type_support.cpp.o[0m
[ 36%] [32mBuilding CXX object CMakeFiles/custom_msgs__rosidl_typesupport_introspection_cpp.dir/rosidl_typesupport_introspection_cpp/custom_msgs/msg/detail/pose3_d__type_support.cpp.o[0m
[ 38%] [32mBuilding CXX object CMakeFiles/custom_msgs__rosidl_typesupport_introspection_cpp.dir/rosidl_typesupport_introspection_cpp/custom_msgs/msg/detail/quaternion__type_support.cpp.o[0m
[ 44%] [32mBuilding CXX object CMakeFiles/custom_msgs__rosidl_typesupport_fastrtps_cpp.dir/rosidl_typesupport_fastrtps_cpp/custom_msgs/msg/detail/dds_fastrtps/pose3_d__type_support.cpp.o[0m
[ 44%] [32mBuilding CXX object CMakeFiles/custom_msgs__rosidl_typesupport_fastrtps_cpp.dir/rosidl_typesupport_fastrtps_cpp/custom_msgs/msg/detail/dds_fastrtps/pose3_d_stamped__type_support.cpp.o[0m
[ 44%] [32mBuilding CXX object CMakeFiles/custom_msgs__rosidl_typesupport_fastrtps_cpp.dir/rosidl_typesupport_fastrtps_cpp/custom_msgs/msg/detail/dds_fastrtps/quaternion__type_support.cpp.o[0m
[ 46%] [32mBuilding CXX object CMakeFiles/custom_msgs__rosidl_typesupport_fastrtps_c.dir/rosidl_typesupport_fastrtps_c/custom_msgs/msg/detail/quaternion__type_support_c.cpp.o[0m
[ 48%] [32mBuilding CXX object CMakeFiles/custom_msgs__rosidl_typesupport_fastrtps_c.dir/rosidl_typesupport_fastrtps_c/custom_msgs/msg/detail/pose3_d_stamped__type_support_c.cpp.o[0m
[ 51%] [32mBuilding CXX object CMakeFiles/custom_msgs__rosidl_typesupport_fastrtps_c.dir/rosidl_typesupport_fastrtps_c/custom_msgs/msg/detail/pose3_d__type_support_c.cpp.o[0m
[ 55%] [32mBuilding CXX object CMakeFiles/custom_msgs__rosidl_typesupport_c.dir/rosidl_typesupport_c/custom_msgs/msg/pose3_d__type_support.cpp.o[0m
[ 55%] [32mBuilding CXX object CMakeFiles/custom_msgs__rosidl_typesupport_c.dir/rosidl_typesupport_c/custom_msgs/msg/quaternion__type_support.cpp.o[0m
[ 57%] [32mBuilding CXX object CMakeFiles/custom_msgs__rosidl_typesupport_c.dir/rosidl_typesupport_c/custom_msgs/msg/pose3_d_stamped__type_support.cpp.o[0m
[ 59%] [32m[1mLinking CXX shared library libcustom_msgs__rosidl_typesupport_c.so[0m
[ 61%] [32mBuilding C object CMakeFiles/custom_msgs__rosidl_typesupport_introspection_c.dir/rosidl_typesupport_introspection_c/custom_msgs/msg/detail/quaternion__type_support.c.o[0m
[ 63%] [32mBuilding C object CMakeFiles/custom_msgs__rosidl_typesupport_introspection_c.dir/rosidl_typesupport_introspection_c/custom_msgs/msg/detail/pose3_d__type_support.c.o[0m
[ 65%] [32mBuilding C object CMakeFiles/custom_msgs__rosidl_typesupport_introspection_c.dir/rosidl_typesupport_introspection_c/custom_msgs/msg/detail/pose3_d_stamped__type_support.c.o[0m
[ 68%] [32m[1mLinking C shared library libcustom_msgs__rosidl_typesupport_introspection_c.so[0m
[ 68%] Built target custom_msgs__rosidl_typesupport_c
[ 70%] [32m[1mLinking CXX shared library libcustom_msgs__rosidl_typesupport_cpp.so[0m
[ 70%] Built target custom_msgs__rosidl_typesupport_introspection_c
[ 70%] Built target custom_msgs__rosidl_typesupport_cpp
[ 72%] [32m[1mLinking CXX shared library libcustom_msgs__rosidl_typesupport_introspection_cpp.so[0m
[ 74%] [32m[1mLinking CXX shared library libcustom_msgs__rosidl_typesupport_fastrtps_c.so[0m
[ 76%] [32m[1mLinking CXX shared library libcustom_msgs__rosidl_typesupport_fastrtps_cpp.so[0m
[ 76%] Built target custom_msgs__rosidl_typesupport_introspection_cpp
[ 76%] Built target custom_msgs__rosidl_typesupport_fastrtps_cpp
[ 76%] Built target custom_msgs__rosidl_typesupport_fastrtps_c
[ 76%] Built target custom_msgs
[ 78%] [34m[1mGenerating Python code for ROS interfaces[0m
[ 78%] Built target custom_msgs__py
[ 85%] [32mBuilding C object CMakeFiles/custom_msgs__rosidl_generator_py.dir/rosidl_generator_py/custom_msgs/msg/_pose3_d_s.c.o[0m
[ 85%] [32mBuilding C object CMakeFiles/custom_msgs__rosidl_generator_py.dir/rosidl_generator_py/custom_msgs/msg/_quaternion_s.c.o[0m
[ 85%] [32mBuilding C object CMakeFiles/custom_msgs__rosidl_generator_py.dir/rosidl_generator_py/custom_msgs/msg/_pose3_d_stamped_s.c.o[0m
[ 87%] [32m[1mLinking C shared library rosidl_generator_py/custom_msgs/libcustom_msgs__rosidl_generator_py.so[0m
[ 87%] Built target custom_msgs__rosidl_generator_py
[ 93%] [32mBuilding C object CMakeFiles/custom_msgs__rosidl_typesupport_fastrtps_c__pyext.dir/rosidl_generator_py/custom_msgs/_custom_msgs_s.ep.rosidl_typesupport_fastrtps_c.c.o[0m
[ 93%] [32mBuilding C object CMakeFiles/custom_msgs__rosidl_typesupport_c__pyext.dir/rosidl_generator_py/custom_msgs/_custom_msgs_s.ep.rosidl_typesupport_c.c.o[0m
[ 93%] [32mBuilding C object CMakeFiles/custom_msgs__rosidl_typesupport_introspection_c__pyext.dir/rosidl_generator_py/custom_msgs/_custom_msgs_s.ep.rosidl_typesupport_introspection_c.c.o[0m
[100%] [32m[1mLinking C shared library rosidl_generator_py/custom_msgs/custom_msgs_s__rosidl_typesupport_introspection_c.cpython-310-x86_64-linux-gnu.so[0m
[100%] [32m[1mLinking C shared library rosidl_generator_py/custom_msgs/custom_msgs_s__rosidl_typesupport_c.cpython-310-x86_64-linux-gnu.so[0m
[100%] [32m[1mLinking C shared library rosidl_generator_py/custom_msgs/custom_msgs_s__rosidl_typesupport_fastrtps_c.cpython-310-x86_64-linux-gnu.so[0m
[100%] Built target custom_msgs__rosidl_typesupport_introspection_c__pyext
[100%] Built target custom_msgs__rosidl_typesupport_c__pyext
[100%] Built target custom_msgs__rosidl_typesupport_fastrtps_c__pyext
-- Install configuration: ""
-- Installing: /home/moenet/moenet2023-Anand/ros2_ws/install/custom_msgs/share/ament_index/resource_index/rosidl_interfaces/custom_msgs
-- Installing: /home/moenet/moenet2023-Anand/ros2_ws/install/custom_msgs/include/custom_msgs/custom_msgs
-- Installing: /home/moenet/moenet2023-Anand/ros2_ws/install/custom_msgs/include/custom_msgs/custom_msgs/msg
-- Installing: /home/moenet/moenet2023-Anand/ros2_ws/install/custom_msgs/include/custom_msgs/custom_msgs/msg/pose3_d_stamped.h
-- Installing: /home/moenet/moenet2023-Anand/ros2_ws/install/custom_msgs/include/custom_msgs/custom_msgs/msg/pose3_d.h
-- Installing: /home/moenet/moenet2023-Anand/ros2_ws/install/custom_msgs/include/custom_msgs/custom_msgs/msg/quaternion.h
-- Installing: /home/moenet/moenet2023-Anand/ros2_ws/install/custom_msgs/include/custom_msgs/custom_msgs/msg/detail
-- Installing: /home/moenet/moenet2023-Anand/ros2_ws/install/custom_msgs/include/custom_msgs/custom_msgs/msg/detail/pose3_d_stamped__functions.h
-- Installing: /home/moenet/moenet2023-Anand/ros2_ws/install/custom_msgs/include/custom_msgs/custom_msgs/msg/detail/quaternion__functions.h
-- Installing: /home/moenet/moenet2023-Anand/ros2_ws/install/custom_msgs/include/custom_msgs/custom_msgs/msg/detail/quaternion__type_support.h
-- Installing: /home/moenet/moenet2023-Anand/ros2_ws/install/custom_msgs/include/custom_msgs/custom_msgs/msg/detail/pose3_d__struct.h
-- Installing: /home/moenet/moenet2023-Anand/ros2_ws/install/custom_msgs/include/custom_msgs/custom_msgs/msg/detail/pose3_d__type_support.h
-- Installing: /home/moenet/moenet2023-Anand/ros2_ws/install/custom_msgs/include/custom_msgs/custom_msgs/msg/detail/quaternion__struct.h
-- Installing: /home/moenet/moenet2023-Anand/ros2_ws/install/custom_msgs/include/custom_msgs/custom_msgs/msg/detail/pose3_d_stamped__struct.h
-- Installing: /home/moenet/moenet2023-Anand/ros2_ws/install/custom_msgs/include/custom_msgs/custom_msgs/msg/detail/pose3_d__functions.c
-- Installing: /home/moenet/moenet2023-Anand/ros2_ws/install/custom_msgs/include/custom_msgs/custom_msgs/msg/detail/quaternion__functions.c
-- Installing: /home/moenet/moenet2023-Anand/ros2_ws/install/custom_msgs/include/custom_msgs/custom_msgs/msg/detail/pose3_d_stamped__functions.c
-- Installing: /home/moenet/moenet2023-Anand/ros2_ws/install/custom_msgs/include/custom_msgs/custom_msgs/msg/detail/pose3_d__functions.h
-- Installing: /home/moenet/moenet2023-Anand/ros2_ws/install/custom_msgs/include/custom_msgs/custom_msgs/msg/detail/pose3_d_stamped__type_support.h
-- Installing: /home/moenet/moenet2023-Anand/ros2_ws/install/custom_msgs/include/custom_msgs/custom_msgs/msg/rosidl_generator_c__visibility_control.h
-- Installing: /home/moenet/moenet2023-Anand/ros2_ws/install/custom_msgs/share/custom_msgs/environment/library_path.sh
-- Installing: /home/moenet/moenet2023-Anand/ros2_ws/install/custom_msgs/share/custom_msgs/environment/library_path.dsv
-- Installing: /home/moenet/moenet2023-Anand/ros2_ws/install/custom_msgs/lib/libcustom_msgs__rosidl_generator_c.so
-- Set runtime path of "/home/moenet/moenet2023-Anand/ros2_ws/install/custom_msgs/lib/libcustom_msgs__rosidl_generator_c.so" to ""
-- Up-to-date: /home/moenet/moenet2023-Anand/ros2_ws/install/custom_msgs/include/custom_msgs/custom_msgs
-- Up-to-date: /home/moenet/moenet2023-Anand/ros2_ws/install/custom_msgs/include/custom_msgs/custom_msgs/msg
-- Up-to-date: /home/moenet/moenet2023-Anand/ros2_ws/install/custom_msgs/include/custom_msgs/custom_msgs/msg/detail
-- Installing: /home/moenet/moenet2023-Anand/ros2_ws/install/custom_msgs/include/custom_msgs/custom_msgs/msg/detail/quaternion__rosidl_typesupport_fastrtps_c.h
-- Installing: /home/moenet/moenet2023-Anand/ros2_ws/install/custom_msgs/include/custom_msgs/custom_msgs/msg/detail/pose3_d__rosidl_typesupport_fastrtps_c.h
-- Installing: /home/moenet/moenet2023-Anand/ros2_ws/install/custom_msgs/include/custom_msgs/custom_msgs/msg/detail/pose3_d_stamped__rosidl_typesupport_fastrtps_c.h
-- Installing: /home/moenet/moenet2023-Anand/ros2_ws/install/custom_msgs/include/custom_msgs/custom_msgs/msg/rosidl_typesupport_fastrtps_c__visibility_control.h
-- Installing: /home/moenet/moenet2023-Anand/ros2_ws/install/custom_msgs/lib/libcustom_msgs__rosidl_typesupport_fastrtps_c.so
-- Set runtime path of "/home/moenet/moenet2023-Anand/ros2_ws/install/custom_msgs/lib/libcustom_msgs__rosidl_typesupport_fastrtps_c.so" to ""
-- Up-to-date: /home/moenet/moenet2023-Anand/ros2_ws/install/custom_msgs/include/custom_msgs/custom_msgs
-- Up-to-date: /home/moenet/moenet2023-Anand/ros2_ws/install/custom_msgs/include/custom_msgs/custom_msgs/msg
-- Installing: /home/moenet/moenet2023-Anand/ros2_ws/install/custom_msgs/include/custom_msgs/custom_msgs/msg/rosidl_typesupport_introspection_c__visibility_control.h
-- Up-to-date: /home/moenet/moenet2023-Anand/ros2_ws/install/custom_msgs/include/custom_msgs/custom_msgs/msg/detail
-- Installing: /home/moenet/moenet2023-Anand/ros2_ws/install/custom_msgs/include/custom_msgs/custom_msgs/msg/detail/quaternion__rosidl_typesupport_introspection_c.h
-- Installing: /home/moenet/moenet2023-Anand/ros2_ws/install/custom_msgs/include/custom_msgs/custom_msgs/msg/detail/quaternion__type_support.c
-- Installing: /home/moenet/moenet2023-Anand/ros2_ws/install/custom_msgs/include/custom_msgs/custom_msgs/msg/detail/pose3_d__type_support.c
-- Installing: /home/moenet/moenet2023-Anand/ros2_ws/install/custom_msgs/include/custom_msgs/custom_msgs/msg/detail/pose3_d_stamped__rosidl_typesupport_introspection_c.h
-- Installing: /home/moenet/moenet2023-Anand/ros2_ws/install/custom_msgs/include/custom_msgs/custom_msgs/msg/detail/pose3_d_stamped__type_support.c
-- Installing: /home/moenet/moenet2023-Anand/ros2_ws/install/custom_msgs/include/custom_msgs/custom_msgs/msg/detail/pose3_d__rosidl_typesupport_introspection_c.h
-- Installing: /home/moenet/moenet2023-Anand/ros2_ws/install/custom_msgs/lib/libcustom_msgs__rosidl_typesupport_introspection_c.so
-- Set runtime path of "/home/moenet/moenet2023-Anand/ros2_ws/install/custom_msgs/lib/libcustom_msgs__rosidl_typesupport_introspection_c.so" to ""
-- Installing: /home/moenet/moenet2023-Anand/ros2_ws/install/custom_msgs/lib/libcustom_msgs__rosidl_typesupport_c.so
-- Set runtime path of "/home/moenet/moenet2023-Anand/ros2_ws/install/custom_msgs/lib/libcustom_msgs__rosidl_typesupport_c.so" to ""
-- Up-to-date: /home/moenet/moenet2023-Anand/ros2_ws/install/custom_msgs/include/custom_msgs/custom_msgs
-- Up-to-date: /home/moenet/moenet2023-Anand/ros2_ws/install/custom_msgs/include/custom_msgs/custom_msgs/msg
-- Installing: /home/moenet/moenet2023-Anand/ros2_ws/install/custom_msgs/include/custom_msgs/custom_msgs/msg/quaternion.hpp
-- Up-to-date: /home/moenet/moenet2023-Anand/ros2_ws/install/custom_msgs/include/custom_msgs/custom_msgs/msg/detail
-- Installing: /home/moenet/moenet2023-Anand/ros2_ws/install/custom_msgs/include/custom_msgs/custom_msgs/msg/detail/pose3_d_stamped__builder.hpp
-- Installing: /home/moenet/moenet2023-Anand/ros2_ws/install/custom_msgs/include/custom_msgs/custom_msgs/msg/detail/pose3_d__struct.hpp
-- Installing: /home/moenet/moenet2023-Anand/ros2_ws/install/custom_msgs/include/custom_msgs/custom_msgs/msg/detail/pose3_d_stamped__struct.hpp
-- Installing: /home/moenet/moenet2023-Anand/ros2_ws/install/custom_msgs/include/custom_msgs/custom_msgs/msg/detail/pose3_d__builder.hpp
-- Installing: /home/moenet/moenet2023-Anand/ros2_ws/install/custom_msgs/include/custom_msgs/custom_msgs/msg/detail/quaternion__builder.hpp
-- Installing: /home/moenet/moenet2023-Anand/ros2_ws/install/custom_msgs/include/custom_msgs/custom_msgs/msg/detail/quaternion__struct.hpp
-- Installing: /home/moenet/moenet2023-Anand/ros2_ws/install/custom_msgs/include/custom_msgs/custom_msgs/msg/detail/pose3_d_stamped__traits.hpp
-- Installing: /home/moenet/moenet2023-Anand/ros2_ws/install/custom_msgs/include/custom_msgs/custom_msgs/msg/detail/pose3_d__traits.hpp
-- Installing: /home/moenet/moenet2023-Anand/ros2_ws/install/custom_msgs/include/custom_msgs/custom_msgs/msg/detail/quaternion__traits.hpp
-- Installing: /home/moenet/moenet2023-Anand/ros2_ws/install/custom_msgs/include/custom_msgs/custom_msgs/msg/pose3_d.hpp
-- Installing: /home/moenet/moenet2023-Anand/ros2_ws/install/custom_msgs/include/custom_msgs/custom_msgs/msg/pose3_d_stamped.hpp
-- Up-to-date: /home/moenet/moenet2023-Anand/ros2_ws/install/custom_msgs/include/custom_msgs/custom_msgs
-- Up-to-date: /home/moenet/moenet2023-Anand/ros2_ws/install/custom_msgs/include/custom_msgs/custom_msgs/msg
-- Up-to-date: /home/moenet/moenet2023-Anand/ros2_ws/install/custom_msgs/include/custom_msgs/custom_msgs/msg/detail
-- Installing: /home/moenet/moenet2023-Anand/ros2_ws/install/custom_msgs/include/custom_msgs/custom_msgs/msg/detail/dds_fastrtps
-- Installing: /home/moenet/moenet2023-Anand/ros2_ws/install/custom_msgs/include/custom_msgs/custom_msgs/msg/detail/quaternion__rosidl_typesupport_fastrtps_cpp.hpp
-- Installing: /home/moenet/moenet2023-Anand/ros2_ws/install/custom_msgs/include/custom_msgs/custom_msgs/msg/detail/pose3_d__rosidl_typesupport_fastrtps_cpp.hpp
-- Installing: /home/moenet/moenet2023-Anand/ros2_ws/install/custom_msgs/include/custom_msgs/custom_msgs/msg/detail/pose3_d_stamped__rosidl_typesupport_fastrtps_cpp.hpp
-- Installing: /home/moenet/moenet2023-Anand/ros2_ws/install/custom_msgs/include/custom_msgs/custom_msgs/msg/rosidl_typesupport_fastrtps_cpp__visibility_control.h
-- Installing: /home/moenet/moenet2023-Anand/ros2_ws/install/custom_msgs/lib/libcustom_msgs__rosidl_typesupport_fastrtps_cpp.so
-- Set runtime path of "/home/moenet/moenet2023-Anand/ros2_ws/install/custom_msgs/lib/libcustom_msgs__rosidl_typesupport_fastrtps_cpp.so" to ""
-- Up-to-date: /home/moenet/moenet2023-Anand/ros2_ws/install/custom_msgs/include/custom_msgs/custom_msgs
-- Up-to-date: /home/moenet/moenet2023-Anand/ros2_ws/install/custom_msgs/include/custom_msgs/custom_msgs/msg
-- Up-to-date: /home/moenet/moenet2023-Anand/ros2_ws/install/custom_msgs/include/custom_msgs/custom_msgs/msg/detail
-- Installing: /home/moenet/moenet2023-Anand/ros2_ws/install/custom_msgs/include/custom_msgs/custom_msgs/msg/detail/pose3_d__rosidl_typesupport_introspection_cpp.hpp
-- Installing: /home/moenet/moenet2023-Anand/ros2_ws/install/custom_msgs/include/custom_msgs/custom_msgs/msg/detail/pose3_d_stamped__rosidl_typesupport_introspection_cpp.hpp
-- Installing: /home/moenet/moenet2023-Anand/ros2_ws/install/custom_msgs/include/custom_msgs/custom_msgs/msg/detail/pose3_d__type_support.cpp
-- Installing: /home/moenet/moenet2023-Anand/ros2_ws/install/custom_msgs/include/custom_msgs/custom_msgs/msg/detail/quaternion__rosidl_typesupport_introspection_cpp.hpp
-- Installing: /home/moenet/moenet2023-Anand/ros2_ws/install/custom_msgs/include/custom_msgs/custom_msgs/msg/detail/quaternion__type_support.cpp
-- Installing: /home/moenet/moenet2023-Anand/ros2_ws/install/custom_msgs/include/custom_msgs/custom_msgs/msg/detail/pose3_d_stamped__type_support.cpp
-- Installing: /home/moenet/moenet2023-Anand/ros2_ws/install/custom_msgs/lib/libcustom_msgs__rosidl_typesupport_introspection_cpp.so
-- Set runtime path of "/home/moenet/moenet2023-Anand/ros2_ws/install/custom_msgs/lib/libcustom_msgs__rosidl_typesupport_introspection_cpp.so" to ""
-- Installing: /home/moenet/moenet2023-Anand/ros2_ws/install/custom_msgs/lib/libcustom_msgs__rosidl_typesupport_cpp.so
-- Set runtime path of "/home/moenet/moenet2023-Anand/ros2_ws/install/custom_msgs/lib/libcustom_msgs__rosidl_typesupport_cpp.so" to ""
-- Installing: /home/moenet/moenet2023-Anand/ros2_ws/install/custom_msgs/share/custom_msgs/environment/pythonpath.sh
-- Installing: /home/moenet/moenet2023-Anand/ros2_ws/install/custom_msgs/share/custom_msgs/environment/pythonpath.dsv
-- Installing: /home/moenet/moenet2023-Anand/ros2_ws/install/custom_msgs/local/lib/python3.10/dist-packages/custom_msgs-0.0.0-py3.10.egg-info
-- Installing: /home/moenet/moenet2023-Anand/ros2_ws/install/custom_msgs/local/lib/python3.10/dist-packages/custom_msgs-0.0.0-py3.10.egg-info/top_level.txt
-- Installing: /home/moenet/moenet2023-Anand/ros2_ws/install/custom_msgs/local/lib/python3.10/dist-packages/custom_msgs-0.0.0-py3.10.egg-info/SOURCES.txt
-- Installing: /home/moenet/moenet2023-Anand/ros2_ws/install/custom_msgs/local/lib/python3.10/dist-packages/custom_msgs-0.0.0-py3.10.egg-info/PKG-INFO
-- Installing: /home/moenet/moenet2023-Anand/ros2_ws/install/custom_msgs/local/lib/python3.10/dist-packages/custom_msgs-0.0.0-py3.10.egg-info/dependency_links.txt
-- Installing: /home/moenet/moenet2023-Anand/ros2_ws/install/custom_msgs/local/lib/python3.10/dist-packages/custom_msgs
-- Installing: /home/moenet/moenet2023-Anand/ros2_ws/install/custom_msgs/local/lib/python3.10/dist-packages/custom_msgs/custom_msgs_s__rosidl_typesupport_fastrtps_c.cpython-310-x86_64-linux-gnu.so
-- Installing: /home/moenet/moenet2023-Anand/ros2_ws/install/custom_msgs/local/lib/python3.10/dist-packages/custom_msgs/_custom_msgs_s.ep.rosidl_typesupport_c.c
-- Installing: /home/moenet/moenet2023-Anand/ros2_ws/install/custom_msgs/local/lib/python3.10/dist-packages/custom_msgs/libcustom_msgs__rosidl_generator_py.so
-- Installing: /home/moenet/moenet2023-Anand/ros2_ws/install/custom_msgs/local/lib/python3.10/dist-packages/custom_msgs/custom_msgs_s__rosidl_typesupport_c.cpython-310-x86_64-linux-gnu.so
-- Installing: /home/moenet/moenet2023-Anand/ros2_ws/install/custom_msgs/local/lib/python3.10/dist-packages/custom_msgs/custom_msgs_s__rosidl_typesupport_introspection_c.cpython-310-x86_64-linux-gnu.so
-- Installing: /home/moenet/moenet2023-Anand/ros2_ws/install/custom_msgs/local/lib/python3.10/dist-packages/custom_msgs/__init__.py
-- Installing: /home/moenet/moenet2023-Anand/ros2_ws/install/custom_msgs/local/lib/python3.10/dist-packages/custom_msgs/msg
-- Installing: /home/moenet/moenet2023-Anand/ros2_ws/install/custom_msgs/local/lib/python3.10/dist-packages/custom_msgs/msg/_pose3_d_stamped_s.c
-- Installing: /home/moenet/moenet2023-Anand/ros2_ws/install/custom_msgs/local/lib/python3.10/dist-packages/custom_msgs/msg/_pose3_d_stamped.py
-- Installing: /home/moenet/moenet2023-Anand/ros2_ws/install/custom_msgs/local/lib/python3.10/dist-packages/custom_msgs/msg/_quaternion_s.c
-- Installing: /home/moenet/moenet2023-Anand/ros2_ws/install/custom_msgs/local/lib/python3.10/dist-packages/custom_msgs/msg/_pose3_d_s.c
-- Installing: /home/moenet/moenet2023-Anand/ros2_ws/install/custom_msgs/local/lib/python3.10/dist-packages/custom_msgs/msg/_quaternion.py
-- Installing: /home/moenet/moenet2023-Anand/ros2_ws/install/custom_msgs/local/lib/python3.10/dist-packages/custom_msgs/msg/_pose3_d.py
-- Installing: /home/moenet/moenet2023-Anand/ros2_ws/install/custom_msgs/local/lib/python3.10/dist-packages/custom_msgs/msg/__init__.py
-- Installing: /home/moenet/moenet2023-Anand/ros2_ws/install/custom_msgs/local/lib/python3.10/dist-packages/custom_msgs/_custom_msgs_s.ep.rosidl_typesupport_introspection_c.c
-- Installing: /home/moenet/moenet2023-Anand/ros2_ws/install/custom_msgs/local/lib/python3.10/dist-packages/custom_msgs/_custom_msgs_s.ep.rosidl_typesupport_fastrtps_c.c
Listing '/home/moenet/moenet2023-Anand/ros2_ws/install/custom_msgs/local/lib/python3.10/dist-packages/custom_msgs'...
Compiling '/home/moenet/moenet2023-Anand/ros2_ws/install/custom_msgs/local/lib/python3.10/dist-packages/custom_msgs/__init__.py'...
Listing '/home/moenet/moenet2023-Anand/ros2_ws/install/custom_msgs/local/lib/python3.10/dist-packages/custom_msgs/msg'...
Compiling '/home/moenet/moenet2023-Anand/ros2_ws/install/custom_msgs/local/lib/python3.10/dist-packages/custom_msgs/msg/__init__.py'...
Compiling '/home/moenet/moenet2023-Anand/ros2_ws/install/custom_msgs/local/lib/python3.10/dist-packages/custom_msgs/msg/_pose3_d.py'...
Compiling '/home/moenet/moenet2023-Anand/ros2_ws/install/custom_msgs/local/lib/python3.10/dist-packages/custom_msgs/msg/_pose3_d_stamped.py'...
Compiling '/home/moenet/moenet2023-Anand/ros2_ws/install/custom_msgs/local/lib/python3.10/dist-packages/custom_msgs/msg/_quaternion.py'...
-- Installing: /home/moenet/moenet2023-Anand/ros2_ws/install/custom_msgs/local/lib/python3.10/dist-packages/custom_msgs/custom_msgs_s__rosidl_typesupport_fastrtps_c.cpython-310-x86_64-linux-gnu.so
-- Set runtime path of "/home/moenet/moenet2023-Anand/ros2_ws/install/custom_msgs/local/lib/python3.10/dist-packages/custom_msgs/custom_msgs_s__rosidl_typesupport_fastrtps_c.cpython-310-x86_64-linux-gnu.so" to ""
-- Installing: /home/moenet/moenet2023-Anand/ros2_ws/install/custom_msgs/local/lib/python3.10/dist-packages/custom_msgs/custom_msgs_s__rosidl_typesupport_introspection_c.cpython-310-x86_64-linux-gnu.so
-- Set runtime path of "/home/moenet/moenet2023-Anand/ros2_ws/install/custom_msgs/local/lib/python3.10/dist-packages/custom_msgs/custom_msgs_s__rosidl_typesupport_introspection_c.cpython-310-x86_64-linux-gnu.so" to ""
-- Installing: /home/moenet/moenet2023-Anand/ros2_ws/install/custom_msgs/local/lib/python3.10/dist-packages/custom_msgs/custom_msgs_s__rosidl_typesupport_c.cpython-310-x86_64-linux-gnu.so
-- Set runtime path of "/home/moenet/moenet2023-Anand/ros2_ws/install/custom_msgs/local/lib/python3.10/dist-packages/custom_msgs/custom_msgs_s__rosidl_typesupport_c.cpython-310-x86_64-linux-gnu.so" to ""
-- Installing: /home/moenet/moenet2023-Anand/ros2_ws/install/custom_msgs/lib/libcustom_msgs__rosidl_generator_py.so
-- Set runtime path of "/home/moenet/moenet2023-Anand/ros2_ws/install/custom_msgs/lib/libcustom_msgs__rosidl_generator_py.so" to ""
-- Installing: /home/moenet/moenet2023-Anand/ros2_ws/install/custom_msgs/share/custom_msgs/msg/Quaternion.idl
-- Installing: /home/moenet/moenet2023-Anand/ros2_ws/install/custom_msgs/share/custom_msgs/msg/Pose3D.idl
-- Installing: /home/moenet/moenet2023-Anand/ros2_ws/install/custom_msgs/share/custom_msgs/msg/Pose3DStamped.idl
-- Installing: /home/moenet/moenet2023-Anand/ros2_ws/install/custom_msgs/share/custom_msgs/msg/Quaternion.msg
-- Installing: /home/moenet/moenet2023-Anand/ros2_ws/install/custom_msgs/share/custom_msgs/msg/Pose3D.msg
-- Installing: /home/moenet/moenet2023-Anand/ros2_ws/install/custom_msgs/share/custom_msgs/msg/Pose3DStamped.msg
-- Installing: /home/moenet/moenet2023-Anand/ros2_ws/install/custom_msgs/share/ament_index/resource_index/package_run_dependencies/custom_msgs
-- Installing: /home/moenet/moenet2023-Anand/ros2_ws/install/custom_msgs/share/ament_index/resource_index/parent_prefix_path/custom_msgs
-- Installing: /home/moenet/moenet2023-Anand/ros2_ws/install/custom_msgs/share/custom_msgs/environment/ament_prefix_path.sh
-- Installing: /home/moenet/moenet2023-Anand/ros2_ws/install/custom_msgs/share/custom_msgs/environment/ament_prefix_path.dsv
-- Installing: /home/moenet/moenet2023-Anand/ros2_ws/install/custom_msgs/share/custom_msgs/environment/path.sh
-- Installing: /home/moenet/moenet2023-Anand/ros2_ws/install/custom_msgs/share/custom_msgs/environment/path.dsv
-- Installing: /home/moenet/moenet2023-Anand/ros2_ws/install/custom_msgs/share/custom_msgs/local_setup.bash
-- Installing: /home/moenet/moenet2023-Anand/ros2_ws/install/custom_msgs/share/custom_msgs/local_setup.sh
-- Installing: /home/moenet/moenet2023-Anand/ros2_ws/install/custom_msgs/share/custom_msgs/local_setup.zsh
-- Installing: /home/moenet/moenet2023-Anand/ros2_ws/install/custom_msgs/share/custom_msgs/local_setup.dsv
-- Installing: /home/moenet/moenet2023-Anand/ros2_ws/install/custom_msgs/share/custom_msgs/package.dsv
-- Installing: /home/moenet/moenet2023-Anand/ros2_ws/install/custom_msgs/share/ament_index/resource_index/packages/custom_msgs
-- Installing: /home/moenet/moenet2023-Anand/ros2_ws/install/custom_msgs/share/custom_msgs/cmake/export_custom_msgs__rosidl_generator_cExport.cmake
-- Installing: /home/moenet/moenet2023-Anand/ros2_ws/install/custom_msgs/share/custom_msgs/cmake/export_custom_msgs__rosidl_generator_cExport-noconfig.cmake
-- Installing: /home/moenet/moenet2023-Anand/ros2_ws/install/custom_msgs/share/custom_msgs/cmake/export_custom_msgs__rosidl_typesupport_fastrtps_cExport.cmake
-- Installing: /home/moenet/moenet2023-Anand/ros2_ws/install/custom_msgs/share/custom_msgs/cmake/export_custom_msgs__rosidl_typesupport_fastrtps_cExport-noconfig.cmake
-- Installing: /home/moenet/moenet2023-Anand/ros2_ws/install/custom_msgs/share/custom_msgs/cmake/custom_msgs__rosidl_typesupport_introspection_cExport.cmake
-- Installing: /home/moenet/moenet2023-Anand/ros2_ws/install/custom_msgs/share/custom_msgs/cmake/custom_msgs__rosidl_typesupport_introspection_cExport-noconfig.cmake
-- Installing: /home/moenet/moenet2023-Anand/ros2_ws/install/custom_msgs/share/custom_msgs/cmake/custom_msgs__rosidl_typesupport_cExport.cmake
-- Installing: /home/moenet/moenet2023-Anand/ros2_ws/install/custom_msgs/share/custom_msgs/cmake/custom_msgs__rosidl_typesupport_cExport-noconfig.cmake
-- Installing: /home/moenet/moenet2023-Anand/ros2_ws/install/custom_msgs/share/custom_msgs/cmake/export_custom_msgs__rosidl_generator_cppExport.cmake
-- Installing: /home/moenet/moenet2023-Anand/ros2_ws/install/custom_msgs/share/custom_msgs/cmake/export_custom_msgs__rosidl_typesupport_fastrtps_cppExport.cmake
-- Installing: /home/moenet/moenet2023-Anand/ros2_ws/install/custom_msgs/share/custom_msgs/cmake/export_custom_msgs__rosidl_typesupport_fastrtps_cppExport-noconfig.cmake
-- Installing: /home/moenet/moenet2023-Anand/ros2_ws/install/custom_msgs/share/custom_msgs/cmake/custom_msgs__rosidl_typesupport_introspection_cppExport.cmake
-- Installing: /home/moenet/moenet2023-Anand/ros2_ws/install/custom_msgs/share/custom_msgs/cmake/custom_msgs__rosidl_typesupport_introspection_cppExport-noconfig.cmake
-- Installing: /home/moenet/moenet2023-Anand/ros2_ws/install/custom_msgs/share/custom_msgs/cmake/custom_msgs__rosidl_typesupport_cppExport.cmake
-- Installing: /home/moenet/moenet2023-Anand/ros2_ws/install/custom_msgs/share/custom_msgs/cmake/custom_msgs__rosidl_typesupport_cppExport-noconfig.cmake
-- Installing: /home/moenet/moenet2023-Anand/ros2_ws/install/custom_msgs/share/custom_msgs/cmake/export_custom_msgs__rosidl_generator_pyExport.cmake
-- Installing: /home/moenet/moenet2023-Anand/ros2_ws/install/custom_msgs/share/custom_msgs/cmake/export_custom_msgs__rosidl_generator_pyExport-noconfig.cmake
-- Installing: /home/moenet/moenet2023-Anand/ros2_ws/install/custom_msgs/share/custom_msgs/cmake/rosidl_cmake-extras.cmake
-- Installing: /home/moenet/moenet2023-Anand/ros2_ws/install/custom_msgs/share/custom_msgs/cmake/ament_cmake_export_include_directories-extras.cmake
-- Installing: /home/moenet/moenet2023-Anand/ros2_ws/install/custom_msgs/share/custom_msgs/cmake/ament_cmake_export_libraries-extras.cmake
-- Installing: /home/moenet/moenet2023-Anand/ros2_ws/install/custom_msgs/share/custom_msgs/cmake/ament_cmake_export_targets-extras.cmake
-- Installing: /home/moenet/moenet2023-Anand/ros2_ws/install/custom_msgs/share/custom_msgs/cmake/rosidl_cmake_export_typesupport_targets-extras.cmake
-- Installing: /home/moenet/moenet2023-Anand/ros2_ws/install/custom_msgs/share/custom_msgs/cmake/ament_cmake_export_dependencies-extras.cmake
-- Installing: /home/moenet/moenet2023-Anand/ros2_ws/install/custom_msgs/share/custom_msgs/cmake/rosidl_cmake_export_typesupport_libraries-extras.cmake
-- Installing: /home/moenet/moenet2023-Anand/ros2_ws/install/custom_msgs/share/custom_msgs/cmake/custom_msgsConfig.cmake
-- Installing: /home/moenet/moenet2023-Anand/ros2_ws/install/custom_msgs/share/custom_msgs/cmake/custom_msgsConfig-version.cmake
-- Installing: /home/moenet/moenet2023-Anand/ros2_ws/install/custom_msgs/share/custom_msgs/package.xml
