[0.008s] Invoking command in '/home/moenet/moenet2023-Anand/ros2_ws/build/custom_msgs': CMAKE_PREFIX_PATH=/opt/ros/humble /usr/bin/cmake /home/moenet/moenet2023-Anand/ros2_ws/src/custom_msgs -DCMAKE_INSTALL_PREFIX=/home/moenet/moenet2023-Anand/ros2_ws/install/custom_msgs
[0.038s] -- The C compiler identification is GNU 11.4.0
[0.070s] -- The CXX compiler identification is GNU 11.4.0
[0.074s] -- Detecting C compiler ABI info
[0.113s] -- Detecting C compiler ABI info - done
[0.117s] -- Check for working C compiler: /usr/bin/cc - skipped
[0.117s] -- Detecting C compile features
[0.117s] -- Detecting C compile features - done
[0.119s] -- Detecting CXX compiler ABI info
[0.165s] -- Detecting CXX compiler ABI info - done
[0.169s] -- Check for working CXX compiler: /usr/bin/c++ - skipped
[0.169s] -- Detecting CXX compile features
[0.170s] -- Detecting CXX compile features - done
[0.171s] -- Found ament_cmake: 1.3.3 (/opt/ros/humble/share/ament_cmake/cmake)
[0.268s] -- Found Python3: /usr/bin/python3.10 (found version "3.10.12") found components: Interpreter 
[0.314s] -- Found rosidl_default_generators: 1.2.0 (/opt/ros/humble/share/rosidl_default_generators/cmake)
[0.316s] -- Using all available rosidl_typesupport_c: rosidl_typesupport_fastrtps_c;rosidl_typesupport_introspection_c
[0.318s] -- Found rosidl_adapter: 3.1.4 (/opt/ros/humble/share/rosidl_adapter/cmake)
[0.339s] -- Using all available rosidl_typesupport_cpp: rosidl_typesupport_fastrtps_cpp;rosidl_typesupport_introspection_cpp
[0.499s] -- Found ament_cmake_ros: 0.10.0 (/opt/ros/humble/share/ament_cmake_ros/cmake)
[0.603s] -- Using all available rosidl_typesupport_c: rosidl_typesupport_fastrtps_c;rosidl_typesupport_introspection_c
[0.740s] -- Using all available rosidl_typesupport_cpp: rosidl_typesupport_fastrtps_cpp;rosidl_typesupport_introspection_cpp
[0.753s] -- Found PythonInterp: /usr/bin/python3 (found suitable version "3.10.12", minimum required is "3.6") 
[0.754s] -- Found python_cmake_module: 0.10.0 (/opt/ros/humble/share/python_cmake_module/cmake)
[0.768s] -- Found PythonLibs: /usr/lib/x86_64-linux-gnu/libpython3.10.so (found suitable version "3.10.12", minimum required is "3.5") 
[0.768s] -- Using PYTHON_EXECUTABLE: /usr/bin/python3
[0.768s] -- Using PYTHON_INCLUDE_DIRS: /usr/include/python3.10
[0.768s] -- Using PYTHON_LIBRARIES: /usr/lib/x86_64-linux-gnu/libpython3.10.so
[0.780s] -- Found PythonExtra: .so  
[0.801s] -- Configuring done
[0.815s] -- Generating done
[0.817s] -- Build files have been written to: /home/moenet/moenet2023-Anand/ros2_ws/build/custom_msgs
[0.820s] Invoked command in '/home/moenet/moenet2023-Anand/ros2_ws/build/custom_msgs' returned '0': CMAKE_PREFIX_PATH=/opt/ros/humble /usr/bin/cmake /home/moenet/moenet2023-Anand/ros2_ws/src/custom_msgs -DCMAKE_INSTALL_PREFIX=/home/moenet/moenet2023-Anand/ros2_ws/install/custom_msgs
[0.822s] Invoking command in '/home/moenet/moenet2023-Anand/ros2_ws/build/custom_msgs': CMAKE_PREFIX_PATH=/opt/ros/humble /usr/bin/cmake --build /home/moenet/moenet2023-Anand/ros2_ws/build/custom_msgs -- -j16 -l16
[0.846s] [  2%] [34m[1mGenerating C code for ROS interfaces[0m
[0.852s] [  4%] [34m[1mGenerating C++ code for ROS interfaces[0m
[0.857s] [  4%] Built target ament_cmake_python_copy_custom_msgs
[0.996s] running egg_info
[0.997s] creating custom_msgs.egg-info
[0.997s] writing custom_msgs.egg-info/PKG-INFO
[0.997s] writing dependency_links to custom_msgs.egg-info/dependency_links.txt
[0.997s] writing top-level names to custom_msgs.egg-info/top_level.txt
[0.997s] writing manifest file 'custom_msgs.egg-info/SOURCES.txt'
[0.998s] reading manifest file 'custom_msgs.egg-info/SOURCES.txt'
[0.998s] writing manifest file 'custom_msgs.egg-info/SOURCES.txt'
[1.017s] [  4%] Built target ament_cmake_python_build_custom_msgs_egg
[1.056s] [  4%] Built target custom_msgs__cpp
[1.063s] [  8%] [34m[1mGenerating C++ introspection for ROS interfaces[0m
[1.063s] [  8%] [34m[1mGenerating C++ type support for eProsima Fast-RTPS[0m
[1.063s] [ 10%] [34m[1mGenerating C++ type support dispatch for ROS interfaces[0m
[1.069s] [ 12%] [32mBuilding C object CMakeFiles/custom_msgs__rosidl_generator_c.dir/rosidl_generator_c/custom_msgs/msg/detail/pose3_d_stamped__functions.c.o[0m
[1.070s] [ 17%] [32mBuilding C object CMakeFiles/custom_msgs__rosidl_generator_c.dir/rosidl_generator_c/custom_msgs/msg/detail/quaternion__functions.c.o[0m
[1.070s] [ 17%] [32mBuilding C object CMakeFiles/custom_msgs__rosidl_generator_c.dir/rosidl_generator_c/custom_msgs/msg/detail/pose3_d__functions.c.o[0m
[1.109s] [ 19%] [32m[1mLinking C shared library libcustom_msgs__rosidl_generator_c.so[0m
[1.133s] [ 19%] Built target custom_msgs__rosidl_generator_c
[1.140s] [ 21%] [34m[1mGenerating C type support for eProsima Fast-RTPS[0m
[1.142s] [ 25%] [34m[1mGenerating C type support dispatch for ROS interfaces[0m
[1.142s] [ 25%] [34m[1mGenerating C introspection for ROS interfaces[0m
[1.240s] [ 27%] [32mBuilding CXX object CMakeFiles/custom_msgs__rosidl_typesupport_cpp.dir/rosidl_typesupport_cpp/custom_msgs/msg/quaternion__type_support.cpp.o[0m
[1.242s] [ 31%] [32mBuilding CXX object CMakeFiles/custom_msgs__rosidl_typesupport_cpp.dir/rosidl_typesupport_cpp/custom_msgs/msg/pose3_d__type_support.cpp.o[0m
[1.242s] [ 31%] [32mBuilding CXX object CMakeFiles/custom_msgs__rosidl_typesupport_cpp.dir/rosidl_typesupport_cpp/custom_msgs/msg/pose3_d_stamped__type_support.cpp.o[0m
[1.262s] [ 36%] [32mBuilding CXX object CMakeFiles/custom_msgs__rosidl_typesupport_introspection_cpp.dir/rosidl_typesupport_introspection_cpp/custom_msgs/msg/detail/pose3_d_stamped__type_support.cpp.o[0m
[1.262s] [ 36%] [32mBuilding CXX object CMakeFiles/custom_msgs__rosidl_typesupport_introspection_cpp.dir/rosidl_typesupport_introspection_cpp/custom_msgs/msg/detail/pose3_d__type_support.cpp.o[0m
[1.262s] [ 38%] [32mBuilding CXX object CMakeFiles/custom_msgs__rosidl_typesupport_introspection_cpp.dir/rosidl_typesupport_introspection_cpp/custom_msgs/msg/detail/quaternion__type_support.cpp.o[0m
[1.277s] [ 44%] [32mBuilding CXX object CMakeFiles/custom_msgs__rosidl_typesupport_fastrtps_cpp.dir/rosidl_typesupport_fastrtps_cpp/custom_msgs/msg/detail/dds_fastrtps/pose3_d__type_support.cpp.o[0m
[1.278s] [ 44%] [32mBuilding CXX object CMakeFiles/custom_msgs__rosidl_typesupport_fastrtps_cpp.dir/rosidl_typesupport_fastrtps_cpp/custom_msgs/msg/detail/dds_fastrtps/pose3_d_stamped__type_support.cpp.o[0m
[1.278s] [ 44%] [32mBuilding CXX object CMakeFiles/custom_msgs__rosidl_typesupport_fastrtps_cpp.dir/rosidl_typesupport_fastrtps_cpp/custom_msgs/msg/detail/dds_fastrtps/quaternion__type_support.cpp.o[0m
[1.355s] [ 46%] [32mBuilding CXX object CMakeFiles/custom_msgs__rosidl_typesupport_fastrtps_c.dir/rosidl_typesupport_fastrtps_c/custom_msgs/msg/detail/quaternion__type_support_c.cpp.o[0m
[1.355s] [ 48%] [32mBuilding CXX object CMakeFiles/custom_msgs__rosidl_typesupport_fastrtps_c.dir/rosidl_typesupport_fastrtps_c/custom_msgs/msg/detail/pose3_d_stamped__type_support_c.cpp.o[0m
[1.356s] [ 51%] [32mBuilding CXX object CMakeFiles/custom_msgs__rosidl_typesupport_fastrtps_c.dir/rosidl_typesupport_fastrtps_c/custom_msgs/msg/detail/pose3_d__type_support_c.cpp.o[0m
[1.425s] [ 55%] [32mBuilding CXX object CMakeFiles/custom_msgs__rosidl_typesupport_c.dir/rosidl_typesupport_c/custom_msgs/msg/pose3_d__type_support.cpp.o[0m
[1.425s] [ 55%] [32mBuilding CXX object CMakeFiles/custom_msgs__rosidl_typesupport_c.dir/rosidl_typesupport_c/custom_msgs/msg/quaternion__type_support.cpp.o[0m
[1.434s] [ 57%] [32mBuilding CXX object CMakeFiles/custom_msgs__rosidl_typesupport_c.dir/rosidl_typesupport_c/custom_msgs/msg/pose3_d_stamped__type_support.cpp.o[0m
[1.483s] [ 59%] [32m[1mLinking CXX shared library libcustom_msgs__rosidl_typesupport_c.so[0m
[1.490s] [ 61%] [32mBuilding C object CMakeFiles/custom_msgs__rosidl_typesupport_introspection_c.dir/rosidl_typesupport_introspection_c/custom_msgs/msg/detail/quaternion__type_support.c.o[0m
[1.492s] [ 63%] [32mBuilding C object CMakeFiles/custom_msgs__rosidl_typesupport_introspection_c.dir/rosidl_typesupport_introspection_c/custom_msgs/msg/detail/pose3_d__type_support.c.o[0m
[1.493s] [ 65%] [32mBuilding C object CMakeFiles/custom_msgs__rosidl_typesupport_introspection_c.dir/rosidl_typesupport_introspection_c/custom_msgs/msg/detail/pose3_d_stamped__type_support.c.o[0m
[1.529s] [ 68%] [32m[1mLinking C shared library libcustom_msgs__rosidl_typesupport_introspection_c.so[0m
[1.532s] [ 68%] Built target custom_msgs__rosidl_typesupport_c
[1.561s] [ 70%] [32m[1mLinking CXX shared library libcustom_msgs__rosidl_typesupport_cpp.so[0m
[1.562s] [ 70%] Built target custom_msgs__rosidl_typesupport_introspection_c
[1.592s] [ 70%] Built target custom_msgs__rosidl_typesupport_cpp
[1.673s] [ 72%] [32m[1mLinking CXX shared library libcustom_msgs__rosidl_typesupport_introspection_cpp.so[0m
[1.693s] [ 74%] [32m[1mLinking CXX shared library libcustom_msgs__rosidl_typesupport_fastrtps_c.so[0m
[1.693s] [ 76%] [32m[1mLinking CXX shared library libcustom_msgs__rosidl_typesupport_fastrtps_cpp.so[0m
[1.717s] [ 76%] Built target custom_msgs__rosidl_typesupport_introspection_cpp
[1.746s] [ 76%] Built target custom_msgs__rosidl_typesupport_fastrtps_cpp
[1.746s] [ 76%] Built target custom_msgs__rosidl_typesupport_fastrtps_c
[1.757s] [ 76%] Built target custom_msgs
[1.768s] [ 78%] [34m[1mGenerating Python code for ROS interfaces[0m
[2.005s] [ 78%] Built target custom_msgs__py
[2.017s] [ 85%] [32mBuilding C object CMakeFiles/custom_msgs__rosidl_generator_py.dir/rosidl_generator_py/custom_msgs/msg/_pose3_d_s.c.o[0m
[2.017s] [ 85%] [32mBuilding C object CMakeFiles/custom_msgs__rosidl_generator_py.dir/rosidl_generator_py/custom_msgs/msg/_quaternion_s.c.o[0m
[2.017s] [ 85%] [32mBuilding C object CMakeFiles/custom_msgs__rosidl_generator_py.dir/rosidl_generator_py/custom_msgs/msg/_pose3_d_stamped_s.c.o[0m
[2.081s] [ 87%] [32m[1mLinking C shared library rosidl_generator_py/custom_msgs/libcustom_msgs__rosidl_generator_py.so[0m
[2.104s] [ 87%] Built target custom_msgs__rosidl_generator_py
[2.117s] [ 93%] [32mBuilding C object CMakeFiles/custom_msgs__rosidl_typesupport_fastrtps_c__pyext.dir/rosidl_generator_py/custom_msgs/_custom_msgs_s.ep.rosidl_typesupport_fastrtps_c.c.o[0m
[2.117s] [ 93%] [32mBuilding C object CMakeFiles/custom_msgs__rosidl_typesupport_c__pyext.dir/rosidl_generator_py/custom_msgs/_custom_msgs_s.ep.rosidl_typesupport_c.c.o[0m
[2.117s] [ 93%] [32mBuilding C object CMakeFiles/custom_msgs__rosidl_typesupport_introspection_c__pyext.dir/rosidl_generator_py/custom_msgs/_custom_msgs_s.ep.rosidl_typesupport_introspection_c.c.o[0m
[2.177s] [100%] [32m[1mLinking C shared library rosidl_generator_py/custom_msgs/custom_msgs_s__rosidl_typesupport_introspection_c.cpython-310-x86_64-linux-gnu.so[0m
[2.177s] [100%] [32m[1mLinking C shared library rosidl_generator_py/custom_msgs/custom_msgs_s__rosidl_typesupport_c.cpython-310-x86_64-linux-gnu.so[0m
[2.177s] [100%] [32m[1mLinking C shared library rosidl_generator_py/custom_msgs/custom_msgs_s__rosidl_typesupport_fastrtps_c.cpython-310-x86_64-linux-gnu.so[0m
[2.199s] [100%] Built target custom_msgs__rosidl_typesupport_introspection_c__pyext
[2.199s] [100%] Built target custom_msgs__rosidl_typesupport_c__pyext
[2.199s] [100%] Built target custom_msgs__rosidl_typesupport_fastrtps_c__pyext
[2.207s] Invoked command in '/home/moenet/moenet2023-Anand/ros2_ws/build/custom_msgs' returned '0': CMAKE_PREFIX_PATH=/opt/ros/humble /usr/bin/cmake --build /home/moenet/moenet2023-Anand/ros2_ws/build/custom_msgs -- -j16 -l16
[2.256s] Invoking command in '/home/moenet/moenet2023-Anand/ros2_ws/build/custom_msgs': CMAKE_PREFIX_PATH=/opt/ros/humble /usr/bin/cmake --install /home/moenet/moenet2023-Anand/ros2_ws/build/custom_msgs
[2.260s] -- Install configuration: ""
[2.260s] -- Installing: /home/moenet/moenet2023-Anand/ros2_ws/install/custom_msgs/share/ament_index/resource_index/rosidl_interfaces/custom_msgs
[2.261s] -- Installing: /home/moenet/moenet2023-Anand/ros2_ws/install/custom_msgs/include/custom_msgs/custom_msgs
[2.261s] -- Installing: /home/moenet/moenet2023-Anand/ros2_ws/install/custom_msgs/include/custom_msgs/custom_msgs/msg
[2.261s] -- Installing: /home/moenet/moenet2023-Anand/ros2_ws/install/custom_msgs/include/custom_msgs/custom_msgs/msg/pose3_d_stamped.h
[2.261s] -- Installing: /home/moenet/moenet2023-Anand/ros2_ws/install/custom_msgs/include/custom_msgs/custom_msgs/msg/pose3_d.h
[2.261s] -- Installing: /home/moenet/moenet2023-Anand/ros2_ws/install/custom_msgs/include/custom_msgs/custom_msgs/msg/quaternion.h
[2.261s] -- Installing: /home/moenet/moenet2023-Anand/ros2_ws/install/custom_msgs/include/custom_msgs/custom_msgs/msg/detail
[2.261s] -- Installing: /home/moenet/moenet2023-Anand/ros2_ws/install/custom_msgs/include/custom_msgs/custom_msgs/msg/detail/pose3_d_stamped__functions.h
[2.261s] -- Installing: /home/moenet/moenet2023-Anand/ros2_ws/install/custom_msgs/include/custom_msgs/custom_msgs/msg/detail/quaternion__functions.h
[2.261s] -- Installing: /home/moenet/moenet2023-Anand/ros2_ws/install/custom_msgs/include/custom_msgs/custom_msgs/msg/detail/quaternion__type_support.h
[2.261s] -- Installing: /home/moenet/moenet2023-Anand/ros2_ws/install/custom_msgs/include/custom_msgs/custom_msgs/msg/detail/pose3_d__struct.h
[2.261s] -- Installing: /home/moenet/moenet2023-Anand/ros2_ws/install/custom_msgs/include/custom_msgs/custom_msgs/msg/detail/pose3_d__type_support.h
[2.261s] -- Installing: /home/moenet/moenet2023-Anand/ros2_ws/install/custom_msgs/include/custom_msgs/custom_msgs/msg/detail/quaternion__struct.h
[2.262s] -- Installing: /home/moenet/moenet2023-Anand/ros2_ws/install/custom_msgs/include/custom_msgs/custom_msgs/msg/detail/pose3_d_stamped__struct.h
[2.262s] -- Installing: /home/moenet/moenet2023-Anand/ros2_ws/install/custom_msgs/include/custom_msgs/custom_msgs/msg/detail/pose3_d__functions.c
[2.262s] -- Installing: /home/moenet/moenet2023-Anand/ros2_ws/install/custom_msgs/include/custom_msgs/custom_msgs/msg/detail/quaternion__functions.c
[2.262s] -- Installing: /home/moenet/moenet2023-Anand/ros2_ws/install/custom_msgs/include/custom_msgs/custom_msgs/msg/detail/pose3_d_stamped__functions.c
[2.262s] -- Installing: /home/moenet/moenet2023-Anand/ros2_ws/install/custom_msgs/include/custom_msgs/custom_msgs/msg/detail/pose3_d__functions.h
[2.262s] -- Installing: /home/moenet/moenet2023-Anand/ros2_ws/install/custom_msgs/include/custom_msgs/custom_msgs/msg/detail/pose3_d_stamped__type_support.h
[2.262s] -- Installing: /home/moenet/moenet2023-Anand/ros2_ws/install/custom_msgs/include/custom_msgs/custom_msgs/msg/rosidl_generator_c__visibility_control.h
[2.262s] -- Installing: /home/moenet/moenet2023-Anand/ros2_ws/install/custom_msgs/share/custom_msgs/environment/library_path.sh
[2.262s] -- Installing: /home/moenet/moenet2023-Anand/ros2_ws/install/custom_msgs/share/custom_msgs/environment/library_path.dsv
[2.262s] -- Installing: /home/moenet/moenet2023-Anand/ros2_ws/install/custom_msgs/lib/libcustom_msgs__rosidl_generator_c.so
[2.262s] -- Set runtime path of "/home/moenet/moenet2023-Anand/ros2_ws/install/custom_msgs/lib/libcustom_msgs__rosidl_generator_c.so" to ""
[2.262s] -- Up-to-date: /home/moenet/moenet2023-Anand/ros2_ws/install/custom_msgs/include/custom_msgs/custom_msgs
[2.262s] -- Up-to-date: /home/moenet/moenet2023-Anand/ros2_ws/install/custom_msgs/include/custom_msgs/custom_msgs/msg
[2.263s] -- Up-to-date: /home/moenet/moenet2023-Anand/ros2_ws/install/custom_msgs/include/custom_msgs/custom_msgs/msg/detail
[2.263s] -- Installing: /home/moenet/moenet2023-Anand/ros2_ws/install/custom_msgs/include/custom_msgs/custom_msgs/msg/detail/quaternion__rosidl_typesupport_fastrtps_c.h
[2.263s] -- Installing: /home/moenet/moenet2023-Anand/ros2_ws/install/custom_msgs/include/custom_msgs/custom_msgs/msg/detail/pose3_d__rosidl_typesupport_fastrtps_c.h
[2.263s] -- Installing: /home/moenet/moenet2023-Anand/ros2_ws/install/custom_msgs/include/custom_msgs/custom_msgs/msg/detail/pose3_d_stamped__rosidl_typesupport_fastrtps_c.h
[2.263s] -- Installing: /home/moenet/moenet2023-Anand/ros2_ws/install/custom_msgs/include/custom_msgs/custom_msgs/msg/rosidl_typesupport_fastrtps_c__visibility_control.h
[2.263s] -- Installing: /home/moenet/moenet2023-Anand/ros2_ws/install/custom_msgs/lib/libcustom_msgs__rosidl_typesupport_fastrtps_c.so
[2.263s] -- Set runtime path of "/home/moenet/moenet2023-Anand/ros2_ws/install/custom_msgs/lib/libcustom_msgs__rosidl_typesupport_fastrtps_c.so" to ""
[2.263s] -- Up-to-date: /home/moenet/moenet2023-Anand/ros2_ws/install/custom_msgs/include/custom_msgs/custom_msgs
[2.263s] -- Up-to-date: /home/moenet/moenet2023-Anand/ros2_ws/install/custom_msgs/include/custom_msgs/custom_msgs/msg
[2.263s] -- Installing: /home/moenet/moenet2023-Anand/ros2_ws/install/custom_msgs/include/custom_msgs/custom_msgs/msg/rosidl_typesupport_introspection_c__visibility_control.h
[2.263s] -- Up-to-date: /home/moenet/moenet2023-Anand/ros2_ws/install/custom_msgs/include/custom_msgs/custom_msgs/msg/detail
[2.263s] -- Installing: /home/moenet/moenet2023-Anand/ros2_ws/install/custom_msgs/include/custom_msgs/custom_msgs/msg/detail/quaternion__rosidl_typesupport_introspection_c.h
[2.263s] -- Installing: /home/moenet/moenet2023-Anand/ros2_ws/install/custom_msgs/include/custom_msgs/custom_msgs/msg/detail/quaternion__type_support.c
[2.264s] -- Installing: /home/moenet/moenet2023-Anand/ros2_ws/install/custom_msgs/include/custom_msgs/custom_msgs/msg/detail/pose3_d__type_support.c
[2.264s] -- Installing: /home/moenet/moenet2023-Anand/ros2_ws/install/custom_msgs/include/custom_msgs/custom_msgs/msg/detail/pose3_d_stamped__rosidl_typesupport_introspection_c.h
[2.264s] -- Installing: /home/moenet/moenet2023-Anand/ros2_ws/install/custom_msgs/include/custom_msgs/custom_msgs/msg/detail/pose3_d_stamped__type_support.c
[2.264s] -- Installing: /home/moenet/moenet2023-Anand/ros2_ws/install/custom_msgs/include/custom_msgs/custom_msgs/msg/detail/pose3_d__rosidl_typesupport_introspection_c.h
[2.264s] -- Installing: /home/moenet/moenet2023-Anand/ros2_ws/install/custom_msgs/lib/libcustom_msgs__rosidl_typesupport_introspection_c.so
[2.264s] -- Set runtime path of "/home/moenet/moenet2023-Anand/ros2_ws/install/custom_msgs/lib/libcustom_msgs__rosidl_typesupport_introspection_c.so" to ""
[2.264s] -- Installing: /home/moenet/moenet2023-Anand/ros2_ws/install/custom_msgs/lib/libcustom_msgs__rosidl_typesupport_c.so
[2.264s] -- Set runtime path of "/home/moenet/moenet2023-Anand/ros2_ws/install/custom_msgs/lib/libcustom_msgs__rosidl_typesupport_c.so" to ""
[2.264s] -- Up-to-date: /home/moenet/moenet2023-Anand/ros2_ws/install/custom_msgs/include/custom_msgs/custom_msgs
[2.264s] -- Up-to-date: /home/moenet/moenet2023-Anand/ros2_ws/install/custom_msgs/include/custom_msgs/custom_msgs/msg
[2.264s] -- Installing: /home/moenet/moenet2023-Anand/ros2_ws/install/custom_msgs/include/custom_msgs/custom_msgs/msg/quaternion.hpp
[2.264s] -- Up-to-date: /home/moenet/moenet2023-Anand/ros2_ws/install/custom_msgs/include/custom_msgs/custom_msgs/msg/detail
[2.264s] -- Installing: /home/moenet/moenet2023-Anand/ros2_ws/install/custom_msgs/include/custom_msgs/custom_msgs/msg/detail/pose3_d_stamped__builder.hpp
[2.265s] -- Installing: /home/moenet/moenet2023-Anand/ros2_ws/install/custom_msgs/include/custom_msgs/custom_msgs/msg/detail/pose3_d__struct.hpp
[2.265s] -- Installing: /home/moenet/moenet2023-Anand/ros2_ws/install/custom_msgs/include/custom_msgs/custom_msgs/msg/detail/pose3_d_stamped__struct.hpp
[2.265s] -- Installing: /home/moenet/moenet2023-Anand/ros2_ws/install/custom_msgs/include/custom_msgs/custom_msgs/msg/detail/pose3_d__builder.hpp
[2.265s] -- Installing: /home/moenet/moenet2023-Anand/ros2_ws/install/custom_msgs/include/custom_msgs/custom_msgs/msg/detail/quaternion__builder.hpp
[2.265s] -- Installing: /home/moenet/moenet2023-Anand/ros2_ws/install/custom_msgs/include/custom_msgs/custom_msgs/msg/detail/quaternion__struct.hpp
[2.265s] -- Installing: /home/moenet/moenet2023-Anand/ros2_ws/install/custom_msgs/include/custom_msgs/custom_msgs/msg/detail/pose3_d_stamped__traits.hpp
[2.265s] -- Installing: /home/moenet/moenet2023-Anand/ros2_ws/install/custom_msgs/include/custom_msgs/custom_msgs/msg/detail/pose3_d__traits.hpp
[2.265s] -- Installing: /home/moenet/moenet2023-Anand/ros2_ws/install/custom_msgs/include/custom_msgs/custom_msgs/msg/detail/quaternion__traits.hpp
[2.265s] -- Installing: /home/moenet/moenet2023-Anand/ros2_ws/install/custom_msgs/include/custom_msgs/custom_msgs/msg/pose3_d.hpp
[2.265s] -- Installing: /home/moenet/moenet2023-Anand/ros2_ws/install/custom_msgs/include/custom_msgs/custom_msgs/msg/pose3_d_stamped.hpp
[2.265s] -- Up-to-date: /home/moenet/moenet2023-Anand/ros2_ws/install/custom_msgs/include/custom_msgs/custom_msgs
[2.265s] -- Up-to-date: /home/moenet/moenet2023-Anand/ros2_ws/install/custom_msgs/include/custom_msgs/custom_msgs/msg
[2.265s] -- Up-to-date: /home/moenet/moenet2023-Anand/ros2_ws/install/custom_msgs/include/custom_msgs/custom_msgs/msg/detail
[2.265s] -- Installing: /home/moenet/moenet2023-Anand/ros2_ws/install/custom_msgs/include/custom_msgs/custom_msgs/msg/detail/dds_fastrtps
[2.266s] -- Installing: /home/moenet/moenet2023-Anand/ros2_ws/install/custom_msgs/include/custom_msgs/custom_msgs/msg/detail/quaternion__rosidl_typesupport_fastrtps_cpp.hpp
[2.266s] -- Installing: /home/moenet/moenet2023-Anand/ros2_ws/install/custom_msgs/include/custom_msgs/custom_msgs/msg/detail/pose3_d__rosidl_typesupport_fastrtps_cpp.hpp
[2.266s] -- Installing: /home/moenet/moenet2023-Anand/ros2_ws/install/custom_msgs/include/custom_msgs/custom_msgs/msg/detail/pose3_d_stamped__rosidl_typesupport_fastrtps_cpp.hpp
[2.266s] -- Installing: /home/moenet/moenet2023-Anand/ros2_ws/install/custom_msgs/include/custom_msgs/custom_msgs/msg/rosidl_typesupport_fastrtps_cpp__visibility_control.h
[2.266s] -- Installing: /home/moenet/moenet2023-Anand/ros2_ws/install/custom_msgs/lib/libcustom_msgs__rosidl_typesupport_fastrtps_cpp.so
[2.266s] -- Set runtime path of "/home/moenet/moenet2023-Anand/ros2_ws/install/custom_msgs/lib/libcustom_msgs__rosidl_typesupport_fastrtps_cpp.so" to ""
[2.266s] -- Up-to-date: /home/moenet/moenet2023-Anand/ros2_ws/install/custom_msgs/include/custom_msgs/custom_msgs
[2.266s] -- Up-to-date: /home/moenet/moenet2023-Anand/ros2_ws/install/custom_msgs/include/custom_msgs/custom_msgs/msg
[2.266s] -- Up-to-date: /home/moenet/moenet2023-Anand/ros2_ws/install/custom_msgs/include/custom_msgs/custom_msgs/msg/detail
[2.266s] -- Installing: /home/moenet/moenet2023-Anand/ros2_ws/install/custom_msgs/include/custom_msgs/custom_msgs/msg/detail/pose3_d__rosidl_typesupport_introspection_cpp.hpp
[2.266s] -- Installing: /home/moenet/moenet2023-Anand/ros2_ws/install/custom_msgs/include/custom_msgs/custom_msgs/msg/detail/pose3_d_stamped__rosidl_typesupport_introspection_cpp.hpp
[2.266s] -- Installing: /home/moenet/moenet2023-Anand/ros2_ws/install/custom_msgs/include/custom_msgs/custom_msgs/msg/detail/pose3_d__type_support.cpp
[2.266s] -- Installing: /home/moenet/moenet2023-Anand/ros2_ws/install/custom_msgs/include/custom_msgs/custom_msgs/msg/detail/quaternion__rosidl_typesupport_introspection_cpp.hpp
[2.266s] -- Installing: /home/moenet/moenet2023-Anand/ros2_ws/install/custom_msgs/include/custom_msgs/custom_msgs/msg/detail/quaternion__type_support.cpp
[2.266s] -- Installing: /home/moenet/moenet2023-Anand/ros2_ws/install/custom_msgs/include/custom_msgs/custom_msgs/msg/detail/pose3_d_stamped__type_support.cpp
[2.266s] -- Installing: /home/moenet/moenet2023-Anand/ros2_ws/install/custom_msgs/lib/libcustom_msgs__rosidl_typesupport_introspection_cpp.so
[2.266s] -- Set runtime path of "/home/moenet/moenet2023-Anand/ros2_ws/install/custom_msgs/lib/libcustom_msgs__rosidl_typesupport_introspection_cpp.so" to ""
[2.267s] -- Installing: /home/moenet/moenet2023-Anand/ros2_ws/install/custom_msgs/lib/libcustom_msgs__rosidl_typesupport_cpp.so
[2.267s] -- Set runtime path of "/home/moenet/moenet2023-Anand/ros2_ws/install/custom_msgs/lib/libcustom_msgs__rosidl_typesupport_cpp.so" to ""
[2.267s] -- Installing: /home/moenet/moenet2023-Anand/ros2_ws/install/custom_msgs/share/custom_msgs/environment/pythonpath.sh
[2.267s] -- Installing: /home/moenet/moenet2023-Anand/ros2_ws/install/custom_msgs/share/custom_msgs/environment/pythonpath.dsv
[2.267s] -- Installing: /home/moenet/moenet2023-Anand/ros2_ws/install/custom_msgs/local/lib/python3.10/dist-packages/custom_msgs-0.0.0-py3.10.egg-info
[2.267s] -- Installing: /home/moenet/moenet2023-Anand/ros2_ws/install/custom_msgs/local/lib/python3.10/dist-packages/custom_msgs-0.0.0-py3.10.egg-info/top_level.txt
[2.267s] -- Installing: /home/moenet/moenet2023-Anand/ros2_ws/install/custom_msgs/local/lib/python3.10/dist-packages/custom_msgs-0.0.0-py3.10.egg-info/SOURCES.txt
[2.267s] -- Installing: /home/moenet/moenet2023-Anand/ros2_ws/install/custom_msgs/local/lib/python3.10/dist-packages/custom_msgs-0.0.0-py3.10.egg-info/PKG-INFO
[2.267s] -- Installing: /home/moenet/moenet2023-Anand/ros2_ws/install/custom_msgs/local/lib/python3.10/dist-packages/custom_msgs-0.0.0-py3.10.egg-info/dependency_links.txt
[2.267s] -- Installing: /home/moenet/moenet2023-Anand/ros2_ws/install/custom_msgs/local/lib/python3.10/dist-packages/custom_msgs
[2.267s] -- Installing: /home/moenet/moenet2023-Anand/ros2_ws/install/custom_msgs/local/lib/python3.10/dist-packages/custom_msgs/custom_msgs_s__rosidl_typesupport_fastrtps_c.cpython-310-x86_64-linux-gnu.so
[2.267s] -- Installing: /home/moenet/moenet2023-Anand/ros2_ws/install/custom_msgs/local/lib/python3.10/dist-packages/custom_msgs/_custom_msgs_s.ep.rosidl_typesupport_c.c
[2.267s] -- Installing: /home/moenet/moenet2023-Anand/ros2_ws/install/custom_msgs/local/lib/python3.10/dist-packages/custom_msgs/libcustom_msgs__rosidl_generator_py.so
[2.267s] -- Installing: /home/moenet/moenet2023-Anand/ros2_ws/install/custom_msgs/local/lib/python3.10/dist-packages/custom_msgs/custom_msgs_s__rosidl_typesupport_c.cpython-310-x86_64-linux-gnu.so
[2.267s] -- Installing: /home/moenet/moenet2023-Anand/ros2_ws/install/custom_msgs/local/lib/python3.10/dist-packages/custom_msgs/custom_msgs_s__rosidl_typesupport_introspection_c.cpython-310-x86_64-linux-gnu.so
[2.267s] -- Installing: /home/moenet/moenet2023-Anand/ros2_ws/install/custom_msgs/local/lib/python3.10/dist-packages/custom_msgs/__init__.py
[2.267s] -- Installing: /home/moenet/moenet2023-Anand/ros2_ws/install/custom_msgs/local/lib/python3.10/dist-packages/custom_msgs/msg
[2.268s] -- Installing: /home/moenet/moenet2023-Anand/ros2_ws/install/custom_msgs/local/lib/python3.10/dist-packages/custom_msgs/msg/_pose3_d_stamped_s.c
[2.268s] -- Installing: /home/moenet/moenet2023-Anand/ros2_ws/install/custom_msgs/local/lib/python3.10/dist-packages/custom_msgs/msg/_pose3_d_stamped.py
[2.268s] -- Installing: /home/moenet/moenet2023-Anand/ros2_ws/install/custom_msgs/local/lib/python3.10/dist-packages/custom_msgs/msg/_quaternion_s.c
[2.268s] -- Installing: /home/moenet/moenet2023-Anand/ros2_ws/install/custom_msgs/local/lib/python3.10/dist-packages/custom_msgs/msg/_pose3_d_s.c
[2.268s] -- Installing: /home/moenet/moenet2023-Anand/ros2_ws/install/custom_msgs/local/lib/python3.10/dist-packages/custom_msgs/msg/_quaternion.py
[2.268s] -- Installing: /home/moenet/moenet2023-Anand/ros2_ws/install/custom_msgs/local/lib/python3.10/dist-packages/custom_msgs/msg/_pose3_d.py
[2.268s] -- Installing: /home/moenet/moenet2023-Anand/ros2_ws/install/custom_msgs/local/lib/python3.10/dist-packages/custom_msgs/msg/__init__.py
[2.268s] -- Installing: /home/moenet/moenet2023-Anand/ros2_ws/install/custom_msgs/local/lib/python3.10/dist-packages/custom_msgs/_custom_msgs_s.ep.rosidl_typesupport_introspection_c.c
[2.268s] -- Installing: /home/moenet/moenet2023-Anand/ros2_ws/install/custom_msgs/local/lib/python3.10/dist-packages/custom_msgs/_custom_msgs_s.ep.rosidl_typesupport_fastrtps_c.c
[2.285s] Listing '/home/moenet/moenet2023-Anand/ros2_ws/install/custom_msgs/local/lib/python3.10/dist-packages/custom_msgs'...
[2.285s] Compiling '/home/moenet/moenet2023-Anand/ros2_ws/install/custom_msgs/local/lib/python3.10/dist-packages/custom_msgs/__init__.py'...
[2.286s] Listing '/home/moenet/moenet2023-Anand/ros2_ws/install/custom_msgs/local/lib/python3.10/dist-packages/custom_msgs/msg'...
[2.286s] Compiling '/home/moenet/moenet2023-Anand/ros2_ws/install/custom_msgs/local/lib/python3.10/dist-packages/custom_msgs/msg/__init__.py'...
[2.286s] Compiling '/home/moenet/moenet2023-Anand/ros2_ws/install/custom_msgs/local/lib/python3.10/dist-packages/custom_msgs/msg/_pose3_d.py'...
[2.286s] Compiling '/home/moenet/moenet2023-Anand/ros2_ws/install/custom_msgs/local/lib/python3.10/dist-packages/custom_msgs/msg/_pose3_d_stamped.py'...
[2.286s] Compiling '/home/moenet/moenet2023-Anand/ros2_ws/install/custom_msgs/local/lib/python3.10/dist-packages/custom_msgs/msg/_quaternion.py'...
[2.288s] -- Installing: /home/moenet/moenet2023-Anand/ros2_ws/install/custom_msgs/local/lib/python3.10/dist-packages/custom_msgs/custom_msgs_s__rosidl_typesupport_fastrtps_c.cpython-310-x86_64-linux-gnu.so
[2.289s] -- Set runtime path of "/home/moenet/moenet2023-Anand/ros2_ws/install/custom_msgs/local/lib/python3.10/dist-packages/custom_msgs/custom_msgs_s__rosidl_typesupport_fastrtps_c.cpython-310-x86_64-linux-gnu.so" to ""
[2.289s] -- Installing: /home/moenet/moenet2023-Anand/ros2_ws/install/custom_msgs/local/lib/python3.10/dist-packages/custom_msgs/custom_msgs_s__rosidl_typesupport_introspection_c.cpython-310-x86_64-linux-gnu.so
[2.289s] -- Set runtime path of "/home/moenet/moenet2023-Anand/ros2_ws/install/custom_msgs/local/lib/python3.10/dist-packages/custom_msgs/custom_msgs_s__rosidl_typesupport_introspection_c.cpython-310-x86_64-linux-gnu.so" to ""
[2.289s] -- Installing: /home/moenet/moenet2023-Anand/ros2_ws/install/custom_msgs/local/lib/python3.10/dist-packages/custom_msgs/custom_msgs_s__rosidl_typesupport_c.cpython-310-x86_64-linux-gnu.so
[2.289s] -- Set runtime path of "/home/moenet/moenet2023-Anand/ros2_ws/install/custom_msgs/local/lib/python3.10/dist-packages/custom_msgs/custom_msgs_s__rosidl_typesupport_c.cpython-310-x86_64-linux-gnu.so" to ""
[2.289s] -- Installing: /home/moenet/moenet2023-Anand/ros2_ws/install/custom_msgs/lib/libcustom_msgs__rosidl_generator_py.so
[2.289s] -- Set runtime path of "/home/moenet/moenet2023-Anand/ros2_ws/install/custom_msgs/lib/libcustom_msgs__rosidl_generator_py.so" to ""
[2.289s] -- Installing: /home/moenet/moenet2023-Anand/ros2_ws/install/custom_msgs/share/custom_msgs/msg/Quaternion.idl
[2.289s] -- Installing: /home/moenet/moenet2023-Anand/ros2_ws/install/custom_msgs/share/custom_msgs/msg/Pose3D.idl
[2.289s] -- Installing: /home/moenet/moenet2023-Anand/ros2_ws/install/custom_msgs/share/custom_msgs/msg/Pose3DStamped.idl
[2.289s] -- Installing: /home/moenet/moenet2023-Anand/ros2_ws/install/custom_msgs/share/custom_msgs/msg/Quaternion.msg
[2.289s] -- Installing: /home/moenet/moenet2023-Anand/ros2_ws/install/custom_msgs/share/custom_msgs/msg/Pose3D.msg
[2.289s] -- Installing: /home/moenet/moenet2023-Anand/ros2_ws/install/custom_msgs/share/custom_msgs/msg/Pose3DStamped.msg
[2.289s] -- Installing: /home/moenet/moenet2023-Anand/ros2_ws/install/custom_msgs/share/ament_index/resource_index/package_run_dependencies/custom_msgs
[2.289s] -- Installing: /home/moenet/moenet2023-Anand/ros2_ws/install/custom_msgs/share/ament_index/resource_index/parent_prefix_path/custom_msgs
[2.290s] -- Installing: /home/moenet/moenet2023-Anand/ros2_ws/install/custom_msgs/share/custom_msgs/environment/ament_prefix_path.sh
[2.290s] -- Installing: /home/moenet/moenet2023-Anand/ros2_ws/install/custom_msgs/share/custom_msgs/environment/ament_prefix_path.dsv
[2.290s] -- Installing: /home/moenet/moenet2023-Anand/ros2_ws/install/custom_msgs/share/custom_msgs/environment/path.sh
[2.290s] -- Installing: /home/moenet/moenet2023-Anand/ros2_ws/install/custom_msgs/share/custom_msgs/environment/path.dsv
[2.290s] -- Installing: /home/moenet/moenet2023-Anand/ros2_ws/install/custom_msgs/share/custom_msgs/local_setup.bash
[2.290s] -- Installing: /home/moenet/moenet2023-Anand/ros2_ws/install/custom_msgs/share/custom_msgs/local_setup.sh
[2.290s] -- Installing: /home/moenet/moenet2023-Anand/ros2_ws/install/custom_msgs/share/custom_msgs/local_setup.zsh
[2.290s] -- Installing: /home/moenet/moenet2023-Anand/ros2_ws/install/custom_msgs/share/custom_msgs/local_setup.dsv
[2.290s] -- Installing: /home/moenet/moenet2023-Anand/ros2_ws/install/custom_msgs/share/custom_msgs/package.dsv
[2.290s] -- Installing: /home/moenet/moenet2023-Anand/ros2_ws/install/custom_msgs/share/ament_index/resource_index/packages/custom_msgs
[2.290s] -- Installing: /home/moenet/moenet2023-Anand/ros2_ws/install/custom_msgs/share/custom_msgs/cmake/export_custom_msgs__rosidl_generator_cExport.cmake
[2.290s] -- Installing: /home/moenet/moenet2023-Anand/ros2_ws/install/custom_msgs/share/custom_msgs/cmake/export_custom_msgs__rosidl_generator_cExport-noconfig.cmake
[2.290s] -- Installing: /home/moenet/moenet2023-Anand/ros2_ws/install/custom_msgs/share/custom_msgs/cmake/export_custom_msgs__rosidl_typesupport_fastrtps_cExport.cmake
[2.290s] -- Installing: /home/moenet/moenet2023-Anand/ros2_ws/install/custom_msgs/share/custom_msgs/cmake/export_custom_msgs__rosidl_typesupport_fastrtps_cExport-noconfig.cmake
[2.290s] -- Installing: /home/moenet/moenet2023-Anand/ros2_ws/install/custom_msgs/share/custom_msgs/cmake/custom_msgs__rosidl_typesupport_introspection_cExport.cmake
[2.290s] -- Installing: /home/moenet/moenet2023-Anand/ros2_ws/install/custom_msgs/share/custom_msgs/cmake/custom_msgs__rosidl_typesupport_introspection_cExport-noconfig.cmake
[2.290s] -- Installing: /home/moenet/moenet2023-Anand/ros2_ws/install/custom_msgs/share/custom_msgs/cmake/custom_msgs__rosidl_typesupport_cExport.cmake
[2.290s] -- Installing: /home/moenet/moenet2023-Anand/ros2_ws/install/custom_msgs/share/custom_msgs/cmake/custom_msgs__rosidl_typesupport_cExport-noconfig.cmake
[2.290s] -- Installing: /home/moenet/moenet2023-Anand/ros2_ws/install/custom_msgs/share/custom_msgs/cmake/export_custom_msgs__rosidl_generator_cppExport.cmake
[2.290s] -- Installing: /home/moenet/moenet2023-Anand/ros2_ws/install/custom_msgs/share/custom_msgs/cmake/export_custom_msgs__rosidl_typesupport_fastrtps_cppExport.cmake
[2.290s] -- Installing: /home/moenet/moenet2023-Anand/ros2_ws/install/custom_msgs/share/custom_msgs/cmake/export_custom_msgs__rosidl_typesupport_fastrtps_cppExport-noconfig.cmake
[2.290s] -- Installing: /home/moenet/moenet2023-Anand/ros2_ws/install/custom_msgs/share/custom_msgs/cmake/custom_msgs__rosidl_typesupport_introspection_cppExport.cmake
[2.290s] -- Installing: /home/moenet/moenet2023-Anand/ros2_ws/install/custom_msgs/share/custom_msgs/cmake/custom_msgs__rosidl_typesupport_introspection_cppExport-noconfig.cmake
[2.290s] -- Installing: /home/moenet/moenet2023-Anand/ros2_ws/install/custom_msgs/share/custom_msgs/cmake/custom_msgs__rosidl_typesupport_cppExport.cmake
[2.290s] -- Installing: /home/moenet/moenet2023-Anand/ros2_ws/install/custom_msgs/share/custom_msgs/cmake/custom_msgs__rosidl_typesupport_cppExport-noconfig.cmake
[2.291s] -- Installing: /home/moenet/moenet2023-Anand/ros2_ws/install/custom_msgs/share/custom_msgs/cmake/export_custom_msgs__rosidl_generator_pyExport.cmake
[2.291s] -- Installing: /home/moenet/moenet2023-Anand/ros2_ws/install/custom_msgs/share/custom_msgs/cmake/export_custom_msgs__rosidl_generator_pyExport-noconfig.cmake
[2.291s] -- Installing: /home/moenet/moenet2023-Anand/ros2_ws/install/custom_msgs/share/custom_msgs/cmake/rosidl_cmake-extras.cmake
[2.291s] -- Installing: /home/moenet/moenet2023-Anand/ros2_ws/install/custom_msgs/share/custom_msgs/cmake/ament_cmake_export_include_directories-extras.cmake
[2.291s] -- Installing: /home/moenet/moenet2023-Anand/ros2_ws/install/custom_msgs/share/custom_msgs/cmake/ament_cmake_export_libraries-extras.cmake
[2.291s] -- Installing: /home/moenet/moenet2023-Anand/ros2_ws/install/custom_msgs/share/custom_msgs/cmake/ament_cmake_export_targets-extras.cmake
[2.291s] -- Installing: /home/moenet/moenet2023-Anand/ros2_ws/install/custom_msgs/share/custom_msgs/cmake/rosidl_cmake_export_typesupport_targets-extras.cmake
[2.291s] -- Installing: /home/moenet/moenet2023-Anand/ros2_ws/install/custom_msgs/share/custom_msgs/cmake/ament_cmake_export_dependencies-extras.cmake
[2.291s] -- Installing: /home/moenet/moenet2023-Anand/ros2_ws/install/custom_msgs/share/custom_msgs/cmake/rosidl_cmake_export_typesupport_libraries-extras.cmake
[2.291s] -- Installing: /home/moenet/moenet2023-Anand/ros2_ws/install/custom_msgs/share/custom_msgs/cmake/custom_msgsConfig.cmake
[2.291s] -- Installing: /home/moenet/moenet2023-Anand/ros2_ws/install/custom_msgs/share/custom_msgs/cmake/custom_msgsConfig-version.cmake
[2.291s] -- Installing: /home/moenet/moenet2023-Anand/ros2_ws/install/custom_msgs/share/custom_msgs/package.xml
[2.293s] Invoked command in '/home/moenet/moenet2023-Anand/ros2_ws/build/custom_msgs' returned '0': CMAKE_PREFIX_PATH=/opt/ros/humble /usr/bin/cmake --install /home/moenet/moenet2023-Anand/ros2_ws/build/custom_msgs
