[01m[K/home/moenet/moenet2023-Anand/ros2_ws/src/vision/src/camera.cpp:[m[K In function ‘[01m[Kstd::string PoseToString(Pose3D)[m[K’:
[01m[K/home/moenet/moenet2023-Anand/ros2_ws/src/vision/src/camera.cpp:15:1:[m[K [01;35m[Kwarning: [m[Kno return statement in function returning non-void [[01;35m[K]8;;https://gcc.gnu.org/onlinedocs/gcc/Warning-Options.html#index-Wreturn-type-Wreturn-type]8;;[m[K]
   15 | [01;35m[K}[m[K
      | [01;35m[K^[m[K
[01m[K/home/moenet/moenet2023-Anand/ros2_ws/src/vision/src/camera.cpp:[m[K In member function ‘[01m[Kvoid Camera::update()[m[K’:
[01m[K/home/moenet/moenet2023-Anand/ros2_ws/src/vision/src/camera.cpp:25:55:[m[K [01;31m[Kerror: [m[Kno match for ‘[01m[Koperator=[m[K’ (operand types are ‘[01m[Kcustom_msgs::msg::Pose3D_<std::allocator<void> >[m[K’ and ‘[01m[KPose3D[m[K’)
   25 |             message = Pose3D{0,0,0,Quaternion{0,0,0,0}[01;31m[K}[m[K;
      |                                                       [01;31m[K^[m[K
In file included from [01m[K/home/moenet/moenet2023-Anand/ros2_ws/install/custom_msgs/include/custom_msgs/custom_msgs/msg/detail/pose3_d_stamped__struct.hpp:20[m[K,
                 from [01m[K/home/moenet/moenet2023-Anand/ros2_ws/install/custom_msgs/include/custom_msgs/custom_msgs/msg/pose3_d_stamped.hpp:7[m[K,
                 from [01m[K/home/moenet/moenet2023-Anand/ros2_ws/src/vision/src/camera.cpp:3[m[K:
[01m[K/home/moenet/moenet2023-Anand/ros2_ws/install/custom_msgs/include/custom_msgs/custom_msgs/msg/detail/pose3_d__struct.hpp:36:8:[m[K [01;36m[Knote: [m[Kcandidate: ‘[01m[Kconstexpr custom_msgs::msg::Pose3D_<std::allocator<void> >& custom_msgs::msg::Pose3D_<std::allocator<void> >::operator=(const custom_msgs::msg::Pose3D_<std::allocator<void> >&)[m[K’
   36 | struct [01;36m[KPose3D_[m[K
      |        [01;36m[K^~~~~~~[m[K
[01m[K/home/moenet/moenet2023-Anand/ros2_ws/install/custom_msgs/include/custom_msgs/custom_msgs/msg/detail/pose3_d__struct.hpp:36:8:[m[K [01;36m[Knote: [m[K  no known conversion for argument 1 from ‘[01m[KPose3D[m[K’ to ‘[01m[Kconst custom_msgs::msg::Pose3D_<std::allocator<void> >&[m[K’
[01m[K/home/moenet/moenet2023-Anand/ros2_ws/install/custom_msgs/include/custom_msgs/custom_msgs/msg/detail/pose3_d__struct.hpp:36:8:[m[K [01;36m[Knote: [m[Kcandidate: ‘[01m[Kconstexpr custom_msgs::msg::Pose3D_<std::allocator<void> >& custom_msgs::msg::Pose3D_<std::allocator<void> >::operator=(custom_msgs::msg::Pose3D_<std::allocator<void> >&&)[m[K’
[01m[K/home/moenet/moenet2023-Anand/ros2_ws/install/custom_msgs/include/custom_msgs/custom_msgs/msg/detail/pose3_d__struct.hpp:36:8:[m[K [01;36m[Knote: [m[K  no known conversion for argument 1 from ‘[01m[KPose3D[m[K’ to ‘[01m[Kcustom_msgs::msg::Pose3D_<std::allocator<void> >&&[m[K’
gmake[2]: *** [CMakeFiles/camera.dir/build.make:76: CMakeFiles/camera.dir/src/camera.cpp.o] Error 1
gmake[1]: *** [CMakeFiles/Makefile2:165: CMakeFiles/camera.dir/all] Error 2
gmake: *** [Makefile:146: all] Error 2
