-- Found ament_cmake: 1.3.3 (/opt/ros/humble/share/ament_cmake/cmake)
-- Found rclcpp: 16.0.3 (/opt/ros/humble/share/rclcpp/cmake)
-- Found rosidl_generator_c: 3.1.4 (/opt/ros/humble/share/rosidl_generator_c/cmake)
-- Found rosidl_adapter: 3.1.4 (/opt/ros/humble/share/rosidl_adapter/cmake)
-- Found rosidl_generator_cpp: 3.1.4 (/opt/ros/humble/share/rosidl_generator_cpp/cmake)
-- Using all available rosidl_typesupport_c: rosidl_typesupport_fastrtps_c;rosidl_typesupport_introspection_c
-- Using all available rosidl_typesupport_cpp: rosidl_typesupport_fastrtps_cpp;rosidl_typesupport_introspection_cpp
-- Found rmw_implementation_cmake: 6.1.1 (/opt/ros/humble/share/rmw_implementation_cmake/cmake)
-- Found rmw_fastrtps_cpp: 6.2.2 (/opt/ros/humble/share/rmw_fastrtps_cpp/cmake)
-- Using RMW implementation 'rmw_fastrtps_cpp' as default
-- Found custom_msgs: 0.0.0 (/home/moenet/moenet2023-Anand/ros2_ws/install/custom_msgs/share/custom_msgs/cmake)
-- Found ament_lint_auto: 0.12.5 (/opt/ros/humble/share/ament_lint_auto/cmake)
-- Added test 'cppcheck' to perform static code analysis on C / C++ code
-- Configured cppcheck include dirs: $<BUILD_INTERFACE:/home/moenet/moenet2023-Anand/ros2_ws/src/vision/include>
-- Configured cppcheck exclude dirs and/or files: 
-- Added test 'lint_cmake' to check CMake code style
-- Added test 'uncrustify' to check C / C++ code style
-- Configured uncrustify additional arguments: 
-- Added test 'xmllint' to check XML markup files
-- Configuring done
-- Generating done
-- Build files have been written to: /home/moenet/moenet2023-Anand/ros2_ws/build/vision
[35m[1mConsolidate compiler generated dependencies of target my_node[0m
[35m[1mConsolidate compiler generated dependencies of target camera[0m
[ 50%] Built target my_node
[ 75%] [32mBuilding CXX object CMakeFiles/camera.dir/src/camera.cpp.o[0m
[01m[K/home/moenet/moenet2023-Anand/ros2_ws/src/vision/src/camera.cpp:[m[K In function ‘[01m[Kstd::string PoseToString(Pose3D)[m[K’:
[01m[K/home/moenet/moenet2023-Anand/ros2_ws/src/vision/src/camera.cpp:15:1:[m[K [01;35m[Kwarning: [m[Kno return statement in function returning non-void [[01;35m[K]8;;https://gcc.gnu.org/onlinedocs/gcc/Warning-Options.html#index-Wreturn-type-Wreturn-type]8;;[m[K]
   15 | [01;35m[K}[m[K
      | [01;35m[K^[m[K
[01m[K/home/moenet/moenet2023-Anand/ros2_ws/src/vision/src/camera.cpp:[m[K In member function ‘[01m[Kvoid Camera::update()[m[K’:
[01m[K/home/moenet/moenet2023-Anand/ros2_ws/src/vision/src/camera.cpp:25:55:[m[K [01;31m[Kerror: [m[Kno match for ‘[01m[Koperator=[m[K’ (operand types are ‘[01m[Kcustom_msgs::msg::Pose3D_<std::allocator<void> >[m[K’ and ‘[01m[KPose3D[m[K’)
   25 |             message = Pose3D{0,0,0,Quaternion{0,0,0,0}[01;31m[K}[m[K;
      |                                                       [01;31m[K^[m[K
In file included from [01m[K/home/moenet/moenet2023-Anand/ros2_ws/install/custom_msgs/include/custom_msgs/custom_msgs/msg/detail/pose3_d_stamped__struct.hpp:20[m[K,
                 from [01m[K/home/moenet/moenet2023-Anand/ros2_ws/install/custom_msgs/include/custom_msgs/custom_msgs/msg/pose3_d_stamped.hpp:7[m[K,
                 from [01m[K/home/moenet/moenet2023-Anand/ros2_ws/src/vision/src/camera.cpp:3[m[K:
[01m[K/home/moenet/moenet2023-Anand/ros2_ws/install/custom_msgs/include/custom_msgs/custom_msgs/msg/detail/pose3_d__struct.hpp:36:8:[m[K [01;36m[Knote: [m[Kcandidate: ‘[01m[Kconstexpr custom_msgs::msg::Pose3D_<std::allocator<void> >& custom_msgs::msg::Pose3D_<std::allocator<void> >::operator=(const custom_msgs::msg::Pose3D_<std::allocator<void> >&)[m[K’
   36 | struct [01;36m[KPose3D_[m[K
      |        [01;36m[K^~~~~~~[m[K
[01m[K/home/moenet/moenet2023-Anand/ros2_ws/install/custom_msgs/include/custom_msgs/custom_msgs/msg/detail/pose3_d__struct.hpp:36:8:[m[K [01;36m[Knote: [m[K  no known conversion for argument 1 from ‘[01m[KPose3D[m[K’ to ‘[01m[Kconst custom_msgs::msg::Pose3D_<std::allocator<void> >&[m[K’
[01m[K/home/moenet/moenet2023-Anand/ros2_ws/install/custom_msgs/include/custom_msgs/custom_msgs/msg/detail/pose3_d__struct.hpp:36:8:[m[K [01;36m[Knote: [m[Kcandidate: ‘[01m[Kconstexpr custom_msgs::msg::Pose3D_<std::allocator<void> >& custom_msgs::msg::Pose3D_<std::allocator<void> >::operator=(custom_msgs::msg::Pose3D_<std::allocator<void> >&&)[m[K’
[01m[K/home/moenet/moenet2023-Anand/ros2_ws/install/custom_msgs/include/custom_msgs/custom_msgs/msg/detail/pose3_d__struct.hpp:36:8:[m[K [01;36m[Knote: [m[K  no known conversion for argument 1 from ‘[01m[KPose3D[m[K’ to ‘[01m[Kcustom_msgs::msg::Pose3D_<std::allocator<void> >&&[m[K’
gmake[2]: *** [CMakeFiles/camera.dir/build.make:76: CMakeFiles/camera.dir/src/camera.cpp.o] Error 1
gmake[1]: *** [CMakeFiles/Makefile2:165: CMakeFiles/camera.dir/all] Error 2
gmake: *** [Makefile:146: all] Error 2
