[0.009s] Invoking command in '/home/moenet/moenet2023-Anand/build/vision': CMAKE_PREFIX_PATH=/opt/ros/humble /usr/bin/cmake /home/moenet/moenet2023-Anand/src/vision -DCMAKE_INSTALL_PREFIX=/home/moenet/moenet2023-Anand/install/vision
[0.074s] -- The C compiler identification is GNU 11.4.0
[0.130s] -- The CXX compiler identification is GNU 11.4.0
[0.136s] -- Detecting C compiler ABI info
[0.176s] -- Detecting C compiler ABI info - done
[0.180s] -- Check for working C compiler: /usr/bin/cc - skipped
[0.181s] -- Detecting C compile features
[0.181s] -- Detecting C compile features - done
[0.183s] -- Detecting CXX compiler ABI info
[0.228s] -- Detecting CXX compiler ABI info - done
[0.233s] -- Check for working CXX compiler: /usr/bin/c++ - skipped
[0.233s] -- Detecting CXX compile features
[0.233s] -- Detecting CXX compile features - done
[0.236s] -- Found ament_cmake: 1.3.3 (/opt/ros/humble/share/ament_cmake/cmake)
[0.334s] -- Found Python3: /usr/bin/python3.10 (found version "3.10.12") found components: Interpreter 
[0.390s] -- Found ament_lint_auto: 0.12.5 (/opt/ros/humble/share/ament_lint_auto/cmake)
[0.436s] -- Added test 'cppcheck' to perform static code analysis on C / C++ code
[0.436s] -- Configured cppcheck include dirs: $<BUILD_INTERFACE:/home/moenet/moenet2023-Anand/src/vision/include>
[0.436s] -- Configured cppcheck exclude dirs and/or files: 
[0.436s] -- Added test 'lint_cmake' to check CMake code style
[0.437s] -- Added test 'uncrustify' to check C / C++ code style
[0.437s] -- Configured uncrustify additional arguments: 
[0.437s] -- Added test 'xmllint' to check XML markup files
[0.438s] -- Configuring done
[0.440s] -- Generating done
[0.441s] -- Build files have been written to: /home/moenet/moenet2023-Anand/build/vision
[0.443s] Invoked command in '/home/moenet/moenet2023-Anand/build/vision' returned '0': CMAKE_PREFIX_PATH=/opt/ros/humble /usr/bin/cmake /home/moenet/moenet2023-Anand/src/vision -DCMAKE_INSTALL_PREFIX=/home/moenet/moenet2023-Anand/install/vision
[0.444s] Invoking command in '/home/moenet/moenet2023-Anand/build/vision': CMAKE_PREFIX_PATH=/opt/ros/humble /usr/bin/cmake --build /home/moenet/moenet2023-Anand/build/vision -- -j16 -l16
[0.471s] [ 50%] [32mBuilding CXX object CMakeFiles/my_node.dir/src/my_node.cpp.o[0m
[0.494s] [100%] [32m[1mLinking CXX executable my_node[0m
[0.521s] [100%] Built target my_node
[0.527s] Invoked command in '/home/moenet/moenet2023-Anand/build/vision' returned '0': CMAKE_PREFIX_PATH=/opt/ros/humble /usr/bin/cmake --build /home/moenet/moenet2023-Anand/build/vision -- -j16 -l16
[0.546s] Invoking command in '/home/moenet/moenet2023-Anand/build/vision': CMAKE_PREFIX_PATH=/opt/ros/humble /usr/bin/cmake --install /home/moenet/moenet2023-Anand/build/vision
[0.551s] -- Install configuration: ""
[0.551s] -- Installing: /home/moenet/moenet2023-Anand/install/vision/lib/vision/my_node
[0.551s] -- Installing: /home/moenet/moenet2023-Anand/install/vision/share/ament_index/resource_index/package_run_dependencies/vision
[0.551s] -- Installing: /home/moenet/moenet2023-Anand/install/vision/share/ament_index/resource_index/parent_prefix_path/vision
[0.551s] -- Installing: /home/moenet/moenet2023-Anand/install/vision/share/vision/environment/ament_prefix_path.sh
[0.551s] -- Installing: /home/moenet/moenet2023-Anand/install/vision/share/vision/environment/ament_prefix_path.dsv
[0.551s] -- Installing: /home/moenet/moenet2023-Anand/install/vision/share/vision/environment/path.sh
[0.551s] -- Installing: /home/moenet/moenet2023-Anand/install/vision/share/vision/environment/path.dsv
[0.551s] -- Installing: /home/moenet/moenet2023-Anand/install/vision/share/vision/local_setup.bash
[0.551s] -- Installing: /home/moenet/moenet2023-Anand/install/vision/share/vision/local_setup.sh
[0.551s] -- Installing: /home/moenet/moenet2023-Anand/install/vision/share/vision/local_setup.zsh
[0.551s] -- Installing: /home/moenet/moenet2023-Anand/install/vision/share/vision/local_setup.dsv
[0.551s] -- Installing: /home/moenet/moenet2023-Anand/install/vision/share/vision/package.dsv
[0.551s] -- Installing: /home/moenet/moenet2023-Anand/install/vision/share/ament_index/resource_index/packages/vision
[0.551s] -- Installing: /home/moenet/moenet2023-Anand/install/vision/share/vision/cmake/visionConfig.cmake
[0.551s] -- Installing: /home/moenet/moenet2023-Anand/install/vision/share/vision/cmake/visionConfig-version.cmake
[0.551s] -- Installing: /home/moenet/moenet2023-Anand/install/vision/share/vision/package.xml
[0.553s] Invoked command in '/home/moenet/moenet2023-Anand/build/vision' returned '0': CMAKE_PREFIX_PATH=/opt/ros/humble /usr/bin/cmake --install /home/moenet/moenet2023-Anand/build/vision
