[0.010s] Invoking command in '/home/moenet/moenet2023-Anand/build/custom_msgs': CMAKE_PREFIX_PATH=${CMAKE_PREFIX_PATH}:/opt/ros/humble /usr/bin/cmake /home/moenet/moenet2023-Anand/ros2_ws/src/custom_msgs -DCMAKE_INSTALL_PREFIX=/home/moenet/moenet2023-Anand/install/custom_msgs
[0.109s] -- The C compiler identification is GNU 11.4.0
[0.176s] -- The CXX compiler identification is GNU 11.4.0
[0.182s] -- Detecting C compiler ABI info
[0.227s] -- Detecting C compiler ABI info - done
[0.231s] -- Check for working C compiler: /usr/bin/cc - skipped
[0.232s] -- Detecting C compile features
[0.232s] -- Detecting C compile features - done
[0.234s] -- Detecting CXX compiler ABI info
[0.283s] -- Detecting CXX compiler ABI info - done
[0.287s] -- Check for working CXX compiler: /usr/bin/c++ - skipped
[0.288s] -- Detecting CXX compile features
[0.288s] -- Detecting CXX compile features - done
[0.291s] -- Found ament_cmake: 1.3.3 (/opt/ros/humble/share/ament_cmake/cmake)
[0.398s] -- Found Python3: /usr/bin/python3.10 (found version "3.10.12") found components: Interpreter 
[0.459s] -- Found rosidl_default_generators: 1.2.0 (/opt/ros/humble/share/rosidl_default_generators/cmake)
[0.461s] -- Using all available rosidl_typesupport_c: rosidl_typesupport_fastrtps_c;rosidl_typesupport_introspection_c
[0.466s] -- Found rosidl_adapter: 3.1.4 (/opt/ros/humble/share/rosidl_adapter/cmake)
[0.497s] -- Using all available rosidl_typesupport_cpp: rosidl_typesupport_fastrtps_cpp;rosidl_typesupport_introspection_cpp
[0.686s] -- Found ament_cmake_ros: 0.10.0 (/opt/ros/humble/share/ament_cmake_ros/cmake)
[0.796s] -- Using all available rosidl_typesupport_c: rosidl_typesupport_fastrtps_c;rosidl_typesupport_introspection_c
[0.935s] -- Using all available rosidl_typesupport_cpp: rosidl_typesupport_fastrtps_cpp;rosidl_typesupport_introspection_cpp
[0.949s] -- Found PythonInterp: /usr/bin/python3 (found suitable version "3.10.12", minimum required is "3.6") 
[0.950s] -- Found python_cmake_module: 0.10.0 (/opt/ros/humble/share/python_cmake_module/cmake)
[0.966s] -- Found PythonLibs: /usr/lib/x86_64-linux-gnu/libpython3.10.so (found suitable version "3.10.12", minimum required is "3.5") 
[0.966s] -- Using PYTHON_EXECUTABLE: /usr/bin/python3
[0.966s] -- Using PYTHON_INCLUDE_DIRS: /usr/include/python3.10
[0.966s] -- Using PYTHON_LIBRARIES: /usr/lib/x86_64-linux-gnu/libpython3.10.so
[0.979s] -- Found PythonExtra: .so  
[1.000s] -- Looking for pthread.h
[1.045s] -- Looking for pthread.h - found
[1.045s] -- Performing Test CMAKE_HAVE_LIBC_PTHREAD
[1.088s] -- Performing Test CMAKE_HAVE_LIBC_PTHREAD - Success
[1.089s] -- Found Threads: TRUE  
[1.110s] -- Found OpenCV: /usr (found version "4.5.4") 
[1.184s] -- Configuring done
[1.206s] -- Generating done
[1.207s] -- Build files have been written to: /home/moenet/moenet2023-Anand/build/custom_msgs
[1.213s] Invoked command in '/home/moenet/moenet2023-Anand/build/custom_msgs' returned '0': CMAKE_PREFIX_PATH=${CMAKE_PREFIX_PATH}:/opt/ros/humble /usr/bin/cmake /home/moenet/moenet2023-Anand/ros2_ws/src/custom_msgs -DCMAKE_INSTALL_PREFIX=/home/moenet/moenet2023-Anand/install/custom_msgs
[1.215s] Invoking command in '/home/moenet/moenet2023-Anand/build/custom_msgs': CMAKE_PREFIX_PATH=${CMAKE_PREFIX_PATH}:/opt/ros/humble /usr/bin/cmake --build /home/moenet/moenet2023-Anand/build/custom_msgs -- -j16 -l16
[1.239s] [  1%] [34m[1mGenerating C code for ROS interfaces[0m
[1.245s] [  2%] [34m[1mGenerating C++ code for ROS interfaces[0m
[1.251s] [  2%] Built target ament_cmake_python_copy_custom_msgs
[1.391s] running egg_info
[1.391s] creating custom_msgs.egg-info
[1.391s] writing custom_msgs.egg-info/PKG-INFO
[1.391s] writing dependency_links to custom_msgs.egg-info/dependency_links.txt
[1.391s] writing top-level names to custom_msgs.egg-info/top_level.txt
[1.391s] writing manifest file 'custom_msgs.egg-info/SOURCES.txt'
[1.393s] reading manifest file 'custom_msgs.egg-info/SOURCES.txt'
[1.393s] writing manifest file 'custom_msgs.egg-info/SOURCES.txt'
[1.410s] [  2%] Built target ament_cmake_python_build_custom_msgs_egg
[1.609s] [  2%] Built target custom_msgs__cpp
[1.616s] [  5%] [34m[1mGenerating C++ type support for eProsima Fast-RTPS[0m
[1.616s] [  5%] [34m[1mGenerating C++ type support dispatch for ROS interfaces[0m
[1.616s] [  5%] [34m[1mGenerating C++ introspection for ROS interfaces[0m
[1.650s] [  6%] [32mBuilding C object CMakeFiles/custom_msgs__rosidl_generator_c.dir/rosidl_generator_c/custom_msgs/msg/detail/pose3d__functions.c.o[0m
[1.652s] [  7%] [32mBuilding C object CMakeFiles/custom_msgs__rosidl_generator_c.dir/rosidl_generator_c/custom_msgs/msg/detail/quaternion__functions.c.o[0m
[1.652s] [ 10%] [32mBuilding C object CMakeFiles/custom_msgs__rosidl_generator_c.dir/rosidl_generator_c/custom_msgs/msg/detail/rotation3d__functions.c.o[0m
[1.652s] [ 10%] [32mBuilding C object CMakeFiles/custom_msgs__rosidl_generator_c.dir/rosidl_generator_c/custom_msgs/msg/detail/translation3d__functions.c.o[0m
[1.652s] [ 11%] [32mBuilding C object CMakeFiles/custom_msgs__rosidl_generator_c.dir/rosidl_generator_c/custom_msgs/msg/detail/pose3d_stamped__functions.c.o[0m
[1.652s] [ 12%] [32mBuilding C object CMakeFiles/custom_msgs__rosidl_generator_c.dir/rosidl_generator_c/custom_msgs/srv/detail/gstam__functions.c.o[0m
[1.652s] [ 13%] [32mBuilding C object CMakeFiles/custom_msgs__rosidl_generator_c.dir/rosidl_generator_c/custom_msgs/srv/detail/publish_to_rio__functions.c.o[0m
[1.652s] [ 14%] [32mBuilding C object CMakeFiles/custom_msgs__rosidl_generator_c.dir/rosidl_generator_c/custom_msgs/srv/detail/get_from_rio__functions.c.o[0m
[1.710s] [ 15%] [32m[1mLinking C shared library libcustom_msgs__rosidl_generator_c.so[0m
[1.736s] [ 15%] Built target custom_msgs__rosidl_generator_c
[1.743s] [ 16%] [34m[1mGenerating C type support for eProsima Fast-RTPS[0m
[1.745s] [ 19%] [34m[1mGenerating C introspection for ROS interfaces[0m
[1.745s] [ 19%] [34m[1mGenerating C type support dispatch for ROS interfaces[0m
[1.898s] [ 20%] [32mBuilding CXX object CMakeFiles/custom_msgs__rosidl_typesupport_cpp.dir/rosidl_typesupport_cpp/custom_msgs/msg/quaternion__type_support.cpp.o[0m
[1.899s] [ 24%] [32mBuilding CXX object CMakeFiles/custom_msgs__rosidl_typesupport_cpp.dir/rosidl_typesupport_cpp/custom_msgs/msg/pose3d__type_support.cpp.o[0m
[1.899s] [ 24%] [32mBuilding CXX object CMakeFiles/custom_msgs__rosidl_typesupport_cpp.dir/rosidl_typesupport_cpp/custom_msgs/msg/translation3d__type_support.cpp.o[0m
[1.899s] [ 24%] [32mBuilding CXX object CMakeFiles/custom_msgs__rosidl_typesupport_cpp.dir/rosidl_typesupport_cpp/custom_msgs/msg/rotation3d__type_support.cpp.o[0m
[1.899s] [ 24%] [32mBuilding CXX object CMakeFiles/custom_msgs__rosidl_typesupport_cpp.dir/rosidl_typesupport_cpp/custom_msgs/msg/pose3d_stamped__type_support.cpp.o[0m
[1.899s] [ 26%] [32mBuilding CXX object CMakeFiles/custom_msgs__rosidl_typesupport_cpp.dir/rosidl_typesupport_cpp/custom_msgs/srv/get_from_rio__type_support.cpp.o[0m
[1.900s] [ 26%] [32mBuilding CXX object CMakeFiles/custom_msgs__rosidl_typesupport_cpp.dir/rosidl_typesupport_cpp/custom_msgs/srv/gstam__type_support.cpp.o[0m
[1.900s] [ 28%] [32mBuilding CXX object CMakeFiles/custom_msgs__rosidl_typesupport_cpp.dir/rosidl_typesupport_cpp/custom_msgs/srv/publish_to_rio__type_support.cpp.o[0m
[2.016s] [ 29%] [32mBuilding CXX object CMakeFiles/custom_msgs__rosidl_typesupport_introspection_cpp.dir/rosidl_typesupport_introspection_cpp/custom_msgs/msg/detail/quaternion__type_support.cpp.o[0m
[2.022s] [ 30%] [32mBuilding CXX object CMakeFiles/custom_msgs__rosidl_typesupport_introspection_cpp.dir/rosidl_typesupport_introspection_cpp/custom_msgs/msg/detail/rotation3d__type_support.cpp.o[0m
[2.026s] [ 31%] [32mBuilding CXX object CMakeFiles/custom_msgs__rosidl_typesupport_introspection_cpp.dir/rosidl_typesupport_introspection_cpp/custom_msgs/msg/detail/translation3d__type_support.cpp.o[0m
[2.078s] [ 32%] [32mBuilding CXX object CMakeFiles/custom_msgs__rosidl_typesupport_introspection_cpp.dir/rosidl_typesupport_introspection_cpp/custom_msgs/msg/detail/pose3d__type_support.cpp.o[0m
[2.096s] [ 33%] [32mBuilding CXX object CMakeFiles/custom_msgs__rosidl_typesupport_fastrtps_cpp.dir/rosidl_typesupport_fastrtps_cpp/custom_msgs/msg/detail/dds_fastrtps/quaternion__type_support.cpp.o[0m
[2.216s] [ 34%] [32mBuilding CXX object CMakeFiles/custom_msgs__rosidl_typesupport_fastrtps_cpp.dir/rosidl_typesupport_fastrtps_cpp/custom_msgs/msg/detail/dds_fastrtps/rotation3d__type_support.cpp.o[0m
[2.231s] [ 35%] [32mBuilding CXX object CMakeFiles/custom_msgs__rosidl_typesupport_c.dir/rosidl_typesupport_c/custom_msgs/msg/rotation3d__type_support.cpp.o[0m
[2.232s] [ 37%] [32mBuilding CXX object CMakeFiles/custom_msgs__rosidl_typesupport_introspection_cpp.dir/rosidl_typesupport_introspection_cpp/custom_msgs/msg/detail/pose3d_stamped__type_support.cpp.o[0m
[2.235s] [ 38%] [32mBuilding CXX object CMakeFiles/custom_msgs__rosidl_typesupport_c.dir/rosidl_typesupport_c/custom_msgs/msg/quaternion__type_support.cpp.o[0m
[2.236s] [ 39%] [32mBuilding CXX object CMakeFiles/custom_msgs__rosidl_typesupport_introspection_cpp.dir/rosidl_typesupport_introspection_cpp/custom_msgs/srv/detail/gstam__type_support.cpp.o[0m
[2.241s] [ 40%] [32m[1mLinking CXX shared library libcustom_msgs__rosidl_typesupport_cpp.so[0m
[2.244s] [ 41%] [32mBuilding CXX object CMakeFiles/custom_msgs__rosidl_typesupport_c.dir/rosidl_typesupport_c/custom_msgs/msg/translation3d__type_support.cpp.o[0m
[2.257s] [ 42%] [32mBuilding CXX object CMakeFiles/custom_msgs__rosidl_typesupport_c.dir/rosidl_typesupport_c/custom_msgs/msg/pose3d__type_support.cpp.o[0m
[2.260s] [ 43%] [32mBuilding CXX object CMakeFiles/custom_msgs__rosidl_typesupport_introspection_cpp.dir/rosidl_typesupport_introspection_cpp/custom_msgs/srv/detail/get_from_rio__type_support.cpp.o[0m
[2.275s] [ 44%] [32mBuilding CXX object CMakeFiles/custom_msgs__rosidl_typesupport_c.dir/rosidl_typesupport_c/custom_msgs/msg/pose3d_stamped__type_support.cpp.o[0m
[2.279s] [ 46%] [32mBuilding CXX object CMakeFiles/custom_msgs__rosidl_typesupport_c.dir/rosidl_typesupport_c/custom_msgs/srv/gstam__type_support.cpp.o[0m
[2.290s] [ 46%] Built target custom_msgs__rosidl_typesupport_cpp
[2.292s] [ 47%] [32mBuilding CXX object CMakeFiles/custom_msgs__rosidl_typesupport_c.dir/rosidl_typesupport_c/custom_msgs/srv/get_from_rio__type_support.cpp.o[0m
[2.298s] [ 48%] [32mBuilding CXX object CMakeFiles/custom_msgs__rosidl_typesupport_fastrtps_cpp.dir/rosidl_typesupport_fastrtps_cpp/custom_msgs/msg/detail/dds_fastrtps/pose3d__type_support.cpp.o[0m
[2.298s] [ 49%] [32mBuilding CXX object CMakeFiles/custom_msgs__rosidl_typesupport_fastrtps_cpp.dir/rosidl_typesupport_fastrtps_cpp/custom_msgs/msg/detail/dds_fastrtps/translation3d__type_support.cpp.o[0m
[2.307s] [ 50%] [32mBuilding CXX object CMakeFiles/custom_msgs__rosidl_typesupport_fastrtps_cpp.dir/rosidl_typesupport_fastrtps_cpp/custom_msgs/msg/detail/dds_fastrtps/pose3d_stamped__type_support.cpp.o[0m
[2.310s] [ 51%] [32mBuilding CXX object CMakeFiles/custom_msgs__rosidl_typesupport_fastrtps_c.dir/rosidl_typesupport_fastrtps_c/custom_msgs/msg/detail/quaternion__type_support_c.cpp.o[0m
[2.322s] [ 52%] [32mBuilding CXX object CMakeFiles/custom_msgs__rosidl_typesupport_c.dir/rosidl_typesupport_c/custom_msgs/srv/publish_to_rio__type_support.cpp.o[0m
[2.331s] [ 53%] [32mBuilding CXX object CMakeFiles/custom_msgs__rosidl_typesupport_fastrtps_cpp.dir/rosidl_typesupport_fastrtps_cpp/custom_msgs/srv/detail/dds_fastrtps/gstam__type_support.cpp.o[0m
[2.377s] [ 55%] [32m[1mLinking CXX shared library libcustom_msgs__rosidl_typesupport_c.so[0m
[2.396s] [ 56%] [32mBuilding C object CMakeFiles/custom_msgs__rosidl_typesupport_introspection_c.dir/rosidl_typesupport_introspection_c/custom_msgs/msg/detail/quaternion__type_support.c.o[0m
[2.435s] [ 57%] [32mBuilding C object CMakeFiles/custom_msgs__rosidl_typesupport_introspection_c.dir/rosidl_typesupport_introspection_c/custom_msgs/msg/detail/rotation3d__type_support.c.o[0m
[2.435s] [ 57%] Built target custom_msgs__rosidl_typesupport_c
[2.446s] [ 58%] [32mBuilding CXX object CMakeFiles/custom_msgs__rosidl_typesupport_introspection_cpp.dir/rosidl_typesupport_introspection_cpp/custom_msgs/srv/detail/publish_to_rio__type_support.cpp.o[0m
[2.448s] [ 59%] [32mBuilding C object CMakeFiles/custom_msgs__rosidl_typesupport_introspection_c.dir/rosidl_typesupport_introspection_c/custom_msgs/msg/detail/translation3d__type_support.c.o[0m
[2.474s] [ 60%] [32mBuilding CXX object CMakeFiles/msg_type.dir/src/msg_type.cpp.o[0m
[2.474s] [ 61%] [32mBuilding C object CMakeFiles/custom_msgs__rosidl_typesupport_introspection_c.dir/rosidl_typesupport_introspection_c/custom_msgs/msg/detail/pose3d__type_support.c.o[0m
[2.488s] [ 62%] [32mBuilding C object CMakeFiles/custom_msgs__rosidl_typesupport_introspection_c.dir/rosidl_typesupport_introspection_c/custom_msgs/msg/detail/pose3d_stamped__type_support.c.o[0m
[2.501s] [ 64%] [32mBuilding CXX object CMakeFiles/custom_msgs__rosidl_typesupport_fastrtps_cpp.dir/rosidl_typesupport_fastrtps_cpp/custom_msgs/srv/detail/dds_fastrtps/get_from_rio__type_support.cpp.o[0m
[2.512s] [ 65%] [32mBuilding C object CMakeFiles/custom_msgs__rosidl_typesupport_introspection_c.dir/rosidl_typesupport_introspection_c/custom_msgs/srv/detail/gstam__type_support.c.o[0m
[2.526s] [ 66%] [32mBuilding C object CMakeFiles/custom_msgs__rosidl_typesupport_introspection_c.dir/rosidl_typesupport_introspection_c/custom_msgs/srv/detail/get_from_rio__type_support.c.o[0m
[2.543s] [ 67%] [32mBuilding CXX object CMakeFiles/custom_msgs__rosidl_typesupport_fastrtps_cpp.dir/rosidl_typesupport_fastrtps_cpp/custom_msgs/srv/detail/dds_fastrtps/publish_to_rio__type_support.cpp.o[0m
[2.555s] [ 68%] [32mBuilding C object CMakeFiles/custom_msgs__rosidl_typesupport_introspection_c.dir/rosidl_typesupport_introspection_c/custom_msgs/srv/detail/publish_to_rio__type_support.c.o[0m
[2.556s] [ 69%] [32mBuilding CXX object CMakeFiles/custom_msgs__rosidl_typesupport_fastrtps_c.dir/rosidl_typesupport_fastrtps_c/custom_msgs/msg/detail/rotation3d__type_support_c.cpp.o[0m
[2.569s] [ 70%] [32mBuilding CXX object CMakeFiles/custom_msgs__rosidl_typesupport_fastrtps_c.dir/rosidl_typesupport_fastrtps_c/custom_msgs/msg/detail/translation3d__type_support_c.cpp.o[0m
[2.611s] [ 71%] [32m[1mLinking C shared library libcustom_msgs__rosidl_typesupport_introspection_c.so[0m
[2.660s] [ 71%] Built target custom_msgs__rosidl_typesupport_introspection_c
[2.671s] [ 73%] [32mBuilding CXX object CMakeFiles/custom_msgs__rosidl_typesupport_fastrtps_c.dir/rosidl_typesupport_fastrtps_c/custom_msgs/msg/detail/pose3d__type_support_c.cpp.o[0m
[2.696s] [ 74%] [32mBuilding CXX object CMakeFiles/custom_msgs__rosidl_typesupport_fastrtps_c.dir/rosidl_typesupport_fastrtps_c/custom_msgs/msg/detail/pose3d_stamped__type_support_c.cpp.o[0m
[2.705s] [ 75%] [32mBuilding CXX object CMakeFiles/custom_msgs__rosidl_typesupport_fastrtps_c.dir/rosidl_typesupport_fastrtps_c/custom_msgs/srv/detail/gstam__type_support_c.cpp.o[0m
[2.707s] [ 76%] [32mBuilding CXX object CMakeFiles/custom_msgs__rosidl_typesupport_fastrtps_c.dir/rosidl_typesupport_fastrtps_c/custom_msgs/srv/detail/get_from_rio__type_support_c.cpp.o[0m
[2.738s] [ 77%] [32mBuilding CXX object CMakeFiles/custom_msgs__rosidl_typesupport_fastrtps_c.dir/rosidl_typesupport_fastrtps_c/custom_msgs/srv/detail/publish_to_rio__type_support_c.cpp.o[0m
[2.761s] In file included from [01m[K/home/moenet/moenet2023-Anand/ros2_ws/src/custom_msgs/src/msg_type.cpp:1[m[K:
[2.761s] [01m[K/home/moenet/moenet2023-Anand/ros2_ws/src/custom_msgs/include/msg_type.hpp:13:10:[m[K [01;31m[Kfatal error: [m[Kfrc/geometry/Pose3dStamped.h: No such file or directory
[2.761s]    13 | #include [01;31m[K"frc/geometry/Pose3dStamped.h"[m[K
[2.761s]       |          [01;31m[K^~~~~~~~~~~~~~~~~~~~~~~~~~~~~~[m[K
[2.761s] compilation terminated.
[2.763s] gmake[2]: *** [CMakeFiles/msg_type.dir/build.make:76: CMakeFiles/msg_type.dir/src/msg_type.cpp.o] Error 1
[2.764s] gmake[1]: *** [CMakeFiles/Makefile2:593: CMakeFiles/msg_type.dir/all] Error 2
[2.764s] gmake[1]: *** Waiting for unfinished jobs....
[2.836s] [ 78%] [32m[1mLinking CXX shared library libcustom_msgs__rosidl_typesupport_introspection_cpp.so[0m
[2.896s] [ 78%] Built target custom_msgs__rosidl_typesupport_introspection_cpp
[2.929s] [ 79%] [32m[1mLinking CXX shared library libcustom_msgs__rosidl_typesupport_fastrtps_cpp.so[0m
[2.990s] [ 79%] Built target custom_msgs__rosidl_typesupport_fastrtps_cpp
[3.028s] [ 80%] [32m[1mLinking CXX shared library libcustom_msgs__rosidl_typesupport_fastrtps_c.so[0m
[3.073s] [ 80%] Built target custom_msgs__rosidl_typesupport_fastrtps_c
[3.074s] gmake: *** [Makefile:146: all] Error 2
[3.076s] Invoked command in '/home/moenet/moenet2023-Anand/build/custom_msgs' returned '2': CMAKE_PREFIX_PATH=${CMAKE_PREFIX_PATH}:/opt/ros/humble /usr/bin/cmake --build /home/moenet/moenet2023-Anand/build/custom_msgs -- -j16 -l16
