[0.008s] Invoking command in '/home/moenet/moenet2023-Anand/build/vision': CMAKE_PREFIX_PATH=/opt/ros/humble /usr/bin/cmake --build /home/moenet/moenet2023-Anand/build/vision -- -j16 -l16
[0.029s] [35m[1mConsolidate compiler generated dependencies of target my_node[0m
[0.036s] [100%] Built target my_node
[0.042s] Invoked command in '/home/moenet/moenet2023-Anand/build/vision' returned '0': CMAKE_PREFIX_PATH=/opt/ros/humble /usr/bin/cmake --build /home/moenet/moenet2023-Anand/build/vision -- -j16 -l16
[0.060s] Invoking command in '/home/moenet/moenet2023-Anand/build/vision': CMAKE_PREFIX_PATH=/opt/ros/humble /usr/bin/cmake --install /home/moenet/moenet2023-Anand/build/vision
[0.065s] -- Install configuration: ""
[0.065s] -- Up-to-date: /home/moenet/moenet2023-Anand/install/vision/lib/vision/my_node
[0.065s] -- Up-to-date: /home/moenet/moenet2023-Anand/install/vision/share/ament_index/resource_index/package_run_dependencies/vision
[0.065s] -- Up-to-date: /home/moenet/moenet2023-Anand/install/vision/share/ament_index/resource_index/parent_prefix_path/vision
[0.065s] -- Up-to-date: /home/moenet/moenet2023-Anand/install/vision/share/vision/environment/ament_prefix_path.sh
[0.065s] -- Up-to-date: /home/moenet/moenet2023-Anand/install/vision/share/vision/environment/ament_prefix_path.dsv
[0.065s] -- Up-to-date: /home/moenet/moenet2023-Anand/install/vision/share/vision/environment/path.sh
[0.065s] -- Up-to-date: /home/moenet/moenet2023-Anand/install/vision/share/vision/environment/path.dsv
[0.065s] -- Up-to-date: /home/moenet/moenet2023-Anand/install/vision/share/vision/local_setup.bash
[0.065s] -- Up-to-date: /home/moenet/moenet2023-Anand/install/vision/share/vision/local_setup.sh
[0.065s] -- Up-to-date: /home/moenet/moenet2023-Anand/install/vision/share/vision/local_setup.zsh
[0.066s] -- Up-to-date: /home/moenet/moenet2023-Anand/install/vision/share/vision/local_setup.dsv
[0.066s] -- Up-to-date: /home/moenet/moenet2023-Anand/install/vision/share/vision/package.dsv
[0.066s] -- Up-to-date: /home/moenet/moenet2023-Anand/install/vision/share/ament_index/resource_index/packages/vision
[0.066s] -- Up-to-date: /home/moenet/moenet2023-Anand/install/vision/share/vision/cmake/visionConfig.cmake
[0.066s] -- Up-to-date: /home/moenet/moenet2023-Anand/install/vision/share/vision/cmake/visionConfig-version.cmake
[0.066s] -- Up-to-date: /home/moenet/moenet2023-Anand/install/vision/share/vision/package.xml
[0.067s] Invoked command in '/home/moenet/moenet2023-Anand/build/vision' returned '0': CMAKE_PREFIX_PATH=/opt/ros/humble /usr/bin/cmake --install /home/moenet/moenet2023-Anand/build/vision
