[0.011s] Invoking command in '/home/moenet/moenet2023-Anand/ros2_ws/build/custom_msgs': CMAKE_PREFIX_PATH=/opt/ros/humble /usr/bin/cmake --build /home/moenet/moenet2023-Anand/ros2_ws/build/custom_msgs -- -j16 -l16
[0.042s] [  2%] Built target custom_msgs__cpp
[0.042s] [ 12%] Built target custom_msgs__rosidl_generator_c
[0.048s] [ 12%] Built target ament_cmake_python_copy_custom_msgs
[0.058s] [ 23%] Built target custom_msgs__rosidl_typesupport_fastrtps_cpp
[0.059s] [ 34%] Built target custom_msgs__rosidl_typesupport_introspection_cpp
[0.061s] [ 44%] Built target custom_msgs__rosidl_typesupport_cpp
[0.063s] [ 55%] Built target custom_msgs__rosidl_typesupport_introspection_c
[0.064s] [ 65%] Built target custom_msgs__rosidl_typesupport_fastrtps_c
[0.064s] [ 76%] Built target custom_msgs__rosidl_typesupport_c
[0.077s] [ 76%] Built target custom_msgs
[0.090s] [ 78%] Built target custom_msgs__py
[0.105s] [ 87%] Built target custom_msgs__rosidl_generator_py
[0.120s] [ 95%] Built target custom_msgs__rosidl_typesupport_introspection_c__pyext
[0.120s] [ 95%] Built target custom_msgs__rosidl_typesupport_fastrtps_c__pyext
[0.124s] [100%] Built target custom_msgs__rosidl_typesupport_c__pyext
[0.183s] running egg_info
[0.184s] writing custom_msgs.egg-info/PKG-INFO
[0.184s] writing dependency_links to custom_msgs.egg-info/dependency_links.txt
[0.184s] writing top-level names to custom_msgs.egg-info/top_level.txt
[0.185s] reading manifest file 'custom_msgs.egg-info/SOURCES.txt'
[0.186s] writing manifest file 'custom_msgs.egg-info/SOURCES.txt'
[0.201s] [100%] Built target ament_cmake_python_build_custom_msgs_egg
[0.209s] Invoked command in '/home/moenet/moenet2023-Anand/ros2_ws/build/custom_msgs' returned '0': CMAKE_PREFIX_PATH=/opt/ros/humble /usr/bin/cmake --build /home/moenet/moenet2023-Anand/ros2_ws/build/custom_msgs -- -j16 -l16
[0.261s] Invoking command in '/home/moenet/moenet2023-Anand/ros2_ws/build/custom_msgs': CMAKE_PREFIX_PATH=/opt/ros/humble /usr/bin/cmake --install /home/moenet/moenet2023-Anand/ros2_ws/build/custom_msgs
[0.266s] -- Install configuration: ""
[0.266s] -- Up-to-date: /home/moenet/moenet2023-Anand/ros2_ws/install/custom_msgs/share/ament_index/resource_index/rosidl_interfaces/custom_msgs
[0.266s] -- Up-to-date: /home/moenet/moenet2023-Anand/ros2_ws/install/custom_msgs/include/custom_msgs/custom_msgs
[0.266s] -- Up-to-date: /home/moenet/moenet2023-Anand/ros2_ws/install/custom_msgs/include/custom_msgs/custom_msgs/msg
[0.266s] -- Up-to-date: /home/moenet/moenet2023-Anand/ros2_ws/install/custom_msgs/include/custom_msgs/custom_msgs/msg/pose3_d_stamped.h
[0.267s] -- Up-to-date: /home/moenet/moenet2023-Anand/ros2_ws/install/custom_msgs/include/custom_msgs/custom_msgs/msg/pose3_d.h
[0.267s] -- Up-to-date: /home/moenet/moenet2023-Anand/ros2_ws/install/custom_msgs/include/custom_msgs/custom_msgs/msg/quaternion.h
[0.267s] -- Up-to-date: /home/moenet/moenet2023-Anand/ros2_ws/install/custom_msgs/include/custom_msgs/custom_msgs/msg/detail
[0.267s] -- Up-to-date: /home/moenet/moenet2023-Anand/ros2_ws/install/custom_msgs/include/custom_msgs/custom_msgs/msg/detail/pose3_d_stamped__functions.h
[0.267s] -- Up-to-date: /home/moenet/moenet2023-Anand/ros2_ws/install/custom_msgs/include/custom_msgs/custom_msgs/msg/detail/quaternion__functions.h
[0.267s] -- Up-to-date: /home/moenet/moenet2023-Anand/ros2_ws/install/custom_msgs/include/custom_msgs/custom_msgs/msg/detail/quaternion__type_support.h
[0.267s] -- Up-to-date: /home/moenet/moenet2023-Anand/ros2_ws/install/custom_msgs/include/custom_msgs/custom_msgs/msg/detail/pose3_d__struct.h
[0.267s] -- Up-to-date: /home/moenet/moenet2023-Anand/ros2_ws/install/custom_msgs/include/custom_msgs/custom_msgs/msg/detail/pose3_d__type_support.h
[0.267s] -- Up-to-date: /home/moenet/moenet2023-Anand/ros2_ws/install/custom_msgs/include/custom_msgs/custom_msgs/msg/detail/quaternion__struct.h
[0.267s] -- Up-to-date: /home/moenet/moenet2023-Anand/ros2_ws/install/custom_msgs/include/custom_msgs/custom_msgs/msg/detail/pose3_d_stamped__struct.h
[0.267s] -- Up-to-date: /home/moenet/moenet2023-Anand/ros2_ws/install/custom_msgs/include/custom_msgs/custom_msgs/msg/detail/pose3_d__functions.c
[0.267s] -- Up-to-date: /home/moenet/moenet2023-Anand/ros2_ws/install/custom_msgs/include/custom_msgs/custom_msgs/msg/detail/quaternion__functions.c
[0.267s] -- Up-to-date: /home/moenet/moenet2023-Anand/ros2_ws/install/custom_msgs/include/custom_msgs/custom_msgs/msg/detail/pose3_d_stamped__functions.c
[0.267s] -- Up-to-date: /home/moenet/moenet2023-Anand/ros2_ws/install/custom_msgs/include/custom_msgs/custom_msgs/msg/detail/pose3_d__functions.h
[0.267s] -- Up-to-date: /home/moenet/moenet2023-Anand/ros2_ws/install/custom_msgs/include/custom_msgs/custom_msgs/msg/detail/pose3_d_stamped__type_support.h
[0.267s] -- Up-to-date: /home/moenet/moenet2023-Anand/ros2_ws/install/custom_msgs/include/custom_msgs/custom_msgs/msg/rosidl_generator_c__visibility_control.h
[0.267s] -- Up-to-date: /home/moenet/moenet2023-Anand/ros2_ws/install/custom_msgs/share/custom_msgs/environment/library_path.sh
[0.268s] -- Up-to-date: /home/moenet/moenet2023-Anand/ros2_ws/install/custom_msgs/share/custom_msgs/environment/library_path.dsv
[0.268s] -- Up-to-date: /home/moenet/moenet2023-Anand/ros2_ws/install/custom_msgs/lib/libcustom_msgs__rosidl_generator_c.so
[0.268s] -- Up-to-date: /home/moenet/moenet2023-Anand/ros2_ws/install/custom_msgs/include/custom_msgs/custom_msgs
[0.268s] -- Up-to-date: /home/moenet/moenet2023-Anand/ros2_ws/install/custom_msgs/include/custom_msgs/custom_msgs/msg
[0.268s] -- Up-to-date: /home/moenet/moenet2023-Anand/ros2_ws/install/custom_msgs/include/custom_msgs/custom_msgs/msg/detail
[0.268s] -- Up-to-date: /home/moenet/moenet2023-Anand/ros2_ws/install/custom_msgs/include/custom_msgs/custom_msgs/msg/detail/quaternion__rosidl_typesupport_fastrtps_c.h
[0.268s] -- Up-to-date: /home/moenet/moenet2023-Anand/ros2_ws/install/custom_msgs/include/custom_msgs/custom_msgs/msg/detail/pose3_d__rosidl_typesupport_fastrtps_c.h
[0.268s] -- Up-to-date: /home/moenet/moenet2023-Anand/ros2_ws/install/custom_msgs/include/custom_msgs/custom_msgs/msg/detail/pose3_d_stamped__rosidl_typesupport_fastrtps_c.h
[0.268s] -- Up-to-date: /home/moenet/moenet2023-Anand/ros2_ws/install/custom_msgs/include/custom_msgs/custom_msgs/msg/rosidl_typesupport_fastrtps_c__visibility_control.h
[0.268s] -- Up-to-date: /home/moenet/moenet2023-Anand/ros2_ws/install/custom_msgs/lib/libcustom_msgs__rosidl_typesupport_fastrtps_c.so
[0.268s] -- Up-to-date: /home/moenet/moenet2023-Anand/ros2_ws/install/custom_msgs/include/custom_msgs/custom_msgs
[0.268s] -- Up-to-date: /home/moenet/moenet2023-Anand/ros2_ws/install/custom_msgs/include/custom_msgs/custom_msgs/msg
[0.268s] -- Up-to-date: /home/moenet/moenet2023-Anand/ros2_ws/install/custom_msgs/include/custom_msgs/custom_msgs/msg/rosidl_typesupport_introspection_c__visibility_control.h
[0.268s] -- Up-to-date: /home/moenet/moenet2023-Anand/ros2_ws/install/custom_msgs/include/custom_msgs/custom_msgs/msg/detail
[0.268s] -- Up-to-date: /home/moenet/moenet2023-Anand/ros2_ws/install/custom_msgs/include/custom_msgs/custom_msgs/msg/detail/quaternion__rosidl_typesupport_introspection_c.h
[0.268s] -- Up-to-date: /home/moenet/moenet2023-Anand/ros2_ws/install/custom_msgs/include/custom_msgs/custom_msgs/msg/detail/quaternion__type_support.c
[0.268s] -- Up-to-date: /home/moenet/moenet2023-Anand/ros2_ws/install/custom_msgs/include/custom_msgs/custom_msgs/msg/detail/pose3_d__type_support.c
[0.268s] -- Up-to-date: /home/moenet/moenet2023-Anand/ros2_ws/install/custom_msgs/include/custom_msgs/custom_msgs/msg/detail/pose3_d_stamped__rosidl_typesupport_introspection_c.h
[0.268s] -- Up-to-date: /home/moenet/moenet2023-Anand/ros2_ws/install/custom_msgs/include/custom_msgs/custom_msgs/msg/detail/pose3_d_stamped__type_support.c
[0.268s] -- Up-to-date: /home/moenet/moenet2023-Anand/ros2_ws/install/custom_msgs/include/custom_msgs/custom_msgs/msg/detail/pose3_d__rosidl_typesupport_introspection_c.h
[0.268s] -- Up-to-date: /home/moenet/moenet2023-Anand/ros2_ws/install/custom_msgs/lib/libcustom_msgs__rosidl_typesupport_introspection_c.so
[0.268s] -- Up-to-date: /home/moenet/moenet2023-Anand/ros2_ws/install/custom_msgs/lib/libcustom_msgs__rosidl_typesupport_c.so
[0.268s] -- Up-to-date: /home/moenet/moenet2023-Anand/ros2_ws/install/custom_msgs/include/custom_msgs/custom_msgs
[0.268s] -- Up-to-date: /home/moenet/moenet2023-Anand/ros2_ws/install/custom_msgs/include/custom_msgs/custom_msgs/msg
[0.268s] -- Up-to-date: /home/moenet/moenet2023-Anand/ros2_ws/install/custom_msgs/include/custom_msgs/custom_msgs/msg/quaternion.hpp
[0.268s] -- Up-to-date: /home/moenet/moenet2023-Anand/ros2_ws/install/custom_msgs/include/custom_msgs/custom_msgs/msg/detail
[0.268s] -- Up-to-date: /home/moenet/moenet2023-Anand/ros2_ws/install/custom_msgs/include/custom_msgs/custom_msgs/msg/detail/pose3_d_stamped__builder.hpp
[0.268s] -- Up-to-date: /home/moenet/moenet2023-Anand/ros2_ws/install/custom_msgs/include/custom_msgs/custom_msgs/msg/detail/pose3_d__struct.hpp
[0.269s] -- Up-to-date: /home/moenet/moenet2023-Anand/ros2_ws/install/custom_msgs/include/custom_msgs/custom_msgs/msg/detail/pose3_d_stamped__struct.hpp
[0.269s] -- Up-to-date: /home/moenet/moenet2023-Anand/ros2_ws/install/custom_msgs/include/custom_msgs/custom_msgs/msg/detail/pose3_d__builder.hpp
[0.269s] -- Up-to-date: /home/moenet/moenet2023-Anand/ros2_ws/install/custom_msgs/include/custom_msgs/custom_msgs/msg/detail/quaternion__builder.hpp
[0.269s] -- Up-to-date: /home/moenet/moenet2023-Anand/ros2_ws/install/custom_msgs/include/custom_msgs/custom_msgs/msg/detail/quaternion__struct.hpp
[0.269s] -- Up-to-date: /home/moenet/moenet2023-Anand/ros2_ws/install/custom_msgs/include/custom_msgs/custom_msgs/msg/detail/pose3_d_stamped__traits.hpp
[0.269s] -- Up-to-date: /home/moenet/moenet2023-Anand/ros2_ws/install/custom_msgs/include/custom_msgs/custom_msgs/msg/detail/pose3_d__traits.hpp
[0.269s] -- Up-to-date: /home/moenet/moenet2023-Anand/ros2_ws/install/custom_msgs/include/custom_msgs/custom_msgs/msg/detail/quaternion__traits.hpp
[0.269s] -- Up-to-date: /home/moenet/moenet2023-Anand/ros2_ws/install/custom_msgs/include/custom_msgs/custom_msgs/msg/pose3_d.hpp
[0.269s] -- Up-to-date: /home/moenet/moenet2023-Anand/ros2_ws/install/custom_msgs/include/custom_msgs/custom_msgs/msg/pose3_d_stamped.hpp
[0.269s] -- Up-to-date: /home/moenet/moenet2023-Anand/ros2_ws/install/custom_msgs/include/custom_msgs/custom_msgs
[0.269s] -- Up-to-date: /home/moenet/moenet2023-Anand/ros2_ws/install/custom_msgs/include/custom_msgs/custom_msgs/msg
[0.269s] -- Up-to-date: /home/moenet/moenet2023-Anand/ros2_ws/install/custom_msgs/include/custom_msgs/custom_msgs/msg/detail
[0.269s] -- Up-to-date: /home/moenet/moenet2023-Anand/ros2_ws/install/custom_msgs/include/custom_msgs/custom_msgs/msg/detail/dds_fastrtps
[0.269s] -- Up-to-date: /home/moenet/moenet2023-Anand/ros2_ws/install/custom_msgs/include/custom_msgs/custom_msgs/msg/detail/quaternion__rosidl_typesupport_fastrtps_cpp.hpp
[0.269s] -- Up-to-date: /home/moenet/moenet2023-Anand/ros2_ws/install/custom_msgs/include/custom_msgs/custom_msgs/msg/detail/pose3_d__rosidl_typesupport_fastrtps_cpp.hpp
[0.269s] -- Up-to-date: /home/moenet/moenet2023-Anand/ros2_ws/install/custom_msgs/include/custom_msgs/custom_msgs/msg/detail/pose3_d_stamped__rosidl_typesupport_fastrtps_cpp.hpp
[0.269s] -- Up-to-date: /home/moenet/moenet2023-Anand/ros2_ws/install/custom_msgs/include/custom_msgs/custom_msgs/msg/rosidl_typesupport_fastrtps_cpp__visibility_control.h
[0.269s] -- Up-to-date: /home/moenet/moenet2023-Anand/ros2_ws/install/custom_msgs/lib/libcustom_msgs__rosidl_typesupport_fastrtps_cpp.so
[0.269s] -- Up-to-date: /home/moenet/moenet2023-Anand/ros2_ws/install/custom_msgs/include/custom_msgs/custom_msgs
[0.269s] -- Up-to-date: /home/moenet/moenet2023-Anand/ros2_ws/install/custom_msgs/include/custom_msgs/custom_msgs/msg
[0.269s] -- Up-to-date: /home/moenet/moenet2023-Anand/ros2_ws/install/custom_msgs/include/custom_msgs/custom_msgs/msg/detail
[0.269s] -- Up-to-date: /home/moenet/moenet2023-Anand/ros2_ws/install/custom_msgs/include/custom_msgs/custom_msgs/msg/detail/pose3_d__rosidl_typesupport_introspection_cpp.hpp
[0.269s] -- Up-to-date: /home/moenet/moenet2023-Anand/ros2_ws/install/custom_msgs/include/custom_msgs/custom_msgs/msg/detail/pose3_d_stamped__rosidl_typesupport_introspection_cpp.hpp
[0.269s] -- Up-to-date: /home/moenet/moenet2023-Anand/ros2_ws/install/custom_msgs/include/custom_msgs/custom_msgs/msg/detail/pose3_d__type_support.cpp
[0.269s] -- Up-to-date: /home/moenet/moenet2023-Anand/ros2_ws/install/custom_msgs/include/custom_msgs/custom_msgs/msg/detail/quaternion__rosidl_typesupport_introspection_cpp.hpp
[0.269s] -- Up-to-date: /home/moenet/moenet2023-Anand/ros2_ws/install/custom_msgs/include/custom_msgs/custom_msgs/msg/detail/quaternion__type_support.cpp
[0.269s] -- Up-to-date: /home/moenet/moenet2023-Anand/ros2_ws/install/custom_msgs/include/custom_msgs/custom_msgs/msg/detail/pose3_d_stamped__type_support.cpp
[0.269s] -- Up-to-date: /home/moenet/moenet2023-Anand/ros2_ws/install/custom_msgs/lib/libcustom_msgs__rosidl_typesupport_introspection_cpp.so
[0.269s] -- Up-to-date: /home/moenet/moenet2023-Anand/ros2_ws/install/custom_msgs/lib/libcustom_msgs__rosidl_typesupport_cpp.so
[0.269s] -- Up-to-date: /home/moenet/moenet2023-Anand/ros2_ws/install/custom_msgs/share/custom_msgs/environment/pythonpath.sh
[0.269s] -- Up-to-date: /home/moenet/moenet2023-Anand/ros2_ws/install/custom_msgs/share/custom_msgs/environment/pythonpath.dsv
[0.269s] -- Up-to-date: /home/moenet/moenet2023-Anand/ros2_ws/install/custom_msgs/local/lib/python3.10/dist-packages/custom_msgs-0.0.0-py3.10.egg-info
[0.269s] -- Installing: /home/moenet/moenet2023-Anand/ros2_ws/install/custom_msgs/local/lib/python3.10/dist-packages/custom_msgs-0.0.0-py3.10.egg-info/top_level.txt
[0.270s] -- Installing: /home/moenet/moenet2023-Anand/ros2_ws/install/custom_msgs/local/lib/python3.10/dist-packages/custom_msgs-0.0.0-py3.10.egg-info/SOURCES.txt
[0.270s] -- Installing: /home/moenet/moenet2023-Anand/ros2_ws/install/custom_msgs/local/lib/python3.10/dist-packages/custom_msgs-0.0.0-py3.10.egg-info/PKG-INFO
[0.270s] -- Installing: /home/moenet/moenet2023-Anand/ros2_ws/install/custom_msgs/local/lib/python3.10/dist-packages/custom_msgs-0.0.0-py3.10.egg-info/dependency_links.txt
[0.270s] -- Up-to-date: /home/moenet/moenet2023-Anand/ros2_ws/install/custom_msgs/local/lib/python3.10/dist-packages/custom_msgs
[0.270s] -- Up-to-date: /home/moenet/moenet2023-Anand/ros2_ws/install/custom_msgs/local/lib/python3.10/dist-packages/custom_msgs/custom_msgs_s__rosidl_typesupport_fastrtps_c.cpython-310-x86_64-linux-gnu.so
[0.270s] -- Up-to-date: /home/moenet/moenet2023-Anand/ros2_ws/install/custom_msgs/local/lib/python3.10/dist-packages/custom_msgs/_custom_msgs_s.ep.rosidl_typesupport_c.c
[0.270s] -- Up-to-date: /home/moenet/moenet2023-Anand/ros2_ws/install/custom_msgs/local/lib/python3.10/dist-packages/custom_msgs/libcustom_msgs__rosidl_generator_py.so
[0.270s] -- Up-to-date: /home/moenet/moenet2023-Anand/ros2_ws/install/custom_msgs/local/lib/python3.10/dist-packages/custom_msgs/custom_msgs_s__rosidl_typesupport_c.cpython-310-x86_64-linux-gnu.so
[0.270s] -- Up-to-date: /home/moenet/moenet2023-Anand/ros2_ws/install/custom_msgs/local/lib/python3.10/dist-packages/custom_msgs/custom_msgs_s__rosidl_typesupport_introspection_c.cpython-310-x86_64-linux-gnu.so
[0.270s] -- Up-to-date: /home/moenet/moenet2023-Anand/ros2_ws/install/custom_msgs/local/lib/python3.10/dist-packages/custom_msgs/__init__.py
[0.270s] -- Up-to-date: /home/moenet/moenet2023-Anand/ros2_ws/install/custom_msgs/local/lib/python3.10/dist-packages/custom_msgs/msg
[0.270s] -- Up-to-date: /home/moenet/moenet2023-Anand/ros2_ws/install/custom_msgs/local/lib/python3.10/dist-packages/custom_msgs/msg/_pose3_d_stamped_s.c
[0.270s] -- Up-to-date: /home/moenet/moenet2023-Anand/ros2_ws/install/custom_msgs/local/lib/python3.10/dist-packages/custom_msgs/msg/_pose3_d_stamped.py
[0.270s] -- Up-to-date: /home/moenet/moenet2023-Anand/ros2_ws/install/custom_msgs/local/lib/python3.10/dist-packages/custom_msgs/msg/_quaternion_s.c
[0.270s] -- Up-to-date: /home/moenet/moenet2023-Anand/ros2_ws/install/custom_msgs/local/lib/python3.10/dist-packages/custom_msgs/msg/_pose3_d_s.c
[0.270s] -- Up-to-date: /home/moenet/moenet2023-Anand/ros2_ws/install/custom_msgs/local/lib/python3.10/dist-packages/custom_msgs/msg/_quaternion.py
[0.270s] -- Up-to-date: /home/moenet/moenet2023-Anand/ros2_ws/install/custom_msgs/local/lib/python3.10/dist-packages/custom_msgs/msg/_pose3_d.py
[0.270s] -- Up-to-date: /home/moenet/moenet2023-Anand/ros2_ws/install/custom_msgs/local/lib/python3.10/dist-packages/custom_msgs/msg/__init__.py
[0.270s] -- Up-to-date: /home/moenet/moenet2023-Anand/ros2_ws/install/custom_msgs/local/lib/python3.10/dist-packages/custom_msgs/_custom_msgs_s.ep.rosidl_typesupport_introspection_c.c
[0.270s] -- Up-to-date: /home/moenet/moenet2023-Anand/ros2_ws/install/custom_msgs/local/lib/python3.10/dist-packages/custom_msgs/_custom_msgs_s.ep.rosidl_typesupport_fastrtps_c.c
[0.288s] Listing '/home/moenet/moenet2023-Anand/ros2_ws/install/custom_msgs/local/lib/python3.10/dist-packages/custom_msgs'...
[0.288s] Listing '/home/moenet/moenet2023-Anand/ros2_ws/install/custom_msgs/local/lib/python3.10/dist-packages/custom_msgs/msg'...
[0.291s] -- Up-to-date: /home/moenet/moenet2023-Anand/ros2_ws/install/custom_msgs/local/lib/python3.10/dist-packages/custom_msgs/custom_msgs_s__rosidl_typesupport_fastrtps_c.cpython-310-x86_64-linux-gnu.so
[0.291s] -- Up-to-date: /home/moenet/moenet2023-Anand/ros2_ws/install/custom_msgs/local/lib/python3.10/dist-packages/custom_msgs/custom_msgs_s__rosidl_typesupport_introspection_c.cpython-310-x86_64-linux-gnu.so
[0.292s] -- Up-to-date: /home/moenet/moenet2023-Anand/ros2_ws/install/custom_msgs/local/lib/python3.10/dist-packages/custom_msgs/custom_msgs_s__rosidl_typesupport_c.cpython-310-x86_64-linux-gnu.so
[0.292s] -- Up-to-date: /home/moenet/moenet2023-Anand/ros2_ws/install/custom_msgs/lib/libcustom_msgs__rosidl_generator_py.so
[0.292s] -- Up-to-date: /home/moenet/moenet2023-Anand/ros2_ws/install/custom_msgs/share/custom_msgs/msg/Quaternion.idl
[0.292s] -- Up-to-date: /home/moenet/moenet2023-Anand/ros2_ws/install/custom_msgs/share/custom_msgs/msg/Pose3D.idl
[0.292s] -- Up-to-date: /home/moenet/moenet2023-Anand/ros2_ws/install/custom_msgs/share/custom_msgs/msg/Pose3DStamped.idl
[0.292s] -- Up-to-date: /home/moenet/moenet2023-Anand/ros2_ws/install/custom_msgs/share/custom_msgs/msg/Quaternion.msg
[0.292s] -- Up-to-date: /home/moenet/moenet2023-Anand/ros2_ws/install/custom_msgs/share/custom_msgs/msg/Pose3D.msg
[0.292s] -- Up-to-date: /home/moenet/moenet2023-Anand/ros2_ws/install/custom_msgs/share/custom_msgs/msg/Pose3DStamped.msg
[0.292s] -- Up-to-date: /home/moenet/moenet2023-Anand/ros2_ws/install/custom_msgs/share/ament_index/resource_index/package_run_dependencies/custom_msgs
[0.292s] -- Up-to-date: /home/moenet/moenet2023-Anand/ros2_ws/install/custom_msgs/share/ament_index/resource_index/parent_prefix_path/custom_msgs
[0.292s] -- Up-to-date: /home/moenet/moenet2023-Anand/ros2_ws/install/custom_msgs/share/custom_msgs/environment/ament_prefix_path.sh
[0.292s] -- Up-to-date: /home/moenet/moenet2023-Anand/ros2_ws/install/custom_msgs/share/custom_msgs/environment/ament_prefix_path.dsv
[0.292s] -- Up-to-date: /home/moenet/moenet2023-Anand/ros2_ws/install/custom_msgs/share/custom_msgs/environment/path.sh
[0.292s] -- Up-to-date: /home/moenet/moenet2023-Anand/ros2_ws/install/custom_msgs/share/custom_msgs/environment/path.dsv
[0.292s] -- Up-to-date: /home/moenet/moenet2023-Anand/ros2_ws/install/custom_msgs/share/custom_msgs/local_setup.bash
[0.292s] -- Up-to-date: /home/moenet/moenet2023-Anand/ros2_ws/install/custom_msgs/share/custom_msgs/local_setup.sh
[0.292s] -- Up-to-date: /home/moenet/moenet2023-Anand/ros2_ws/install/custom_msgs/share/custom_msgs/local_setup.zsh
[0.292s] -- Up-to-date: /home/moenet/moenet2023-Anand/ros2_ws/install/custom_msgs/share/custom_msgs/local_setup.dsv
[0.293s] -- Installing: /home/moenet/moenet2023-Anand/ros2_ws/install/custom_msgs/share/custom_msgs/package.dsv
[0.293s] -- Up-to-date: /home/moenet/moenet2023-Anand/ros2_ws/install/custom_msgs/share/ament_index/resource_index/packages/custom_msgs
[0.293s] -- Up-to-date: /home/moenet/moenet2023-Anand/ros2_ws/install/custom_msgs/share/custom_msgs/cmake/export_custom_msgs__rosidl_generator_cExport.cmake
[0.293s] -- Up-to-date: /home/moenet/moenet2023-Anand/ros2_ws/install/custom_msgs/share/custom_msgs/cmake/export_custom_msgs__rosidl_generator_cExport-noconfig.cmake
[0.293s] -- Up-to-date: /home/moenet/moenet2023-Anand/ros2_ws/install/custom_msgs/share/custom_msgs/cmake/export_custom_msgs__rosidl_typesupport_fastrtps_cExport.cmake
[0.293s] -- Up-to-date: /home/moenet/moenet2023-Anand/ros2_ws/install/custom_msgs/share/custom_msgs/cmake/export_custom_msgs__rosidl_typesupport_fastrtps_cExport-noconfig.cmake
[0.293s] -- Up-to-date: /home/moenet/moenet2023-Anand/ros2_ws/install/custom_msgs/share/custom_msgs/cmake/custom_msgs__rosidl_typesupport_introspection_cExport.cmake
[0.293s] -- Up-to-date: /home/moenet/moenet2023-Anand/ros2_ws/install/custom_msgs/share/custom_msgs/cmake/custom_msgs__rosidl_typesupport_introspection_cExport-noconfig.cmake
[0.293s] -- Up-to-date: /home/moenet/moenet2023-Anand/ros2_ws/install/custom_msgs/share/custom_msgs/cmake/custom_msgs__rosidl_typesupport_cExport.cmake
[0.293s] -- Up-to-date: /home/moenet/moenet2023-Anand/ros2_ws/install/custom_msgs/share/custom_msgs/cmake/custom_msgs__rosidl_typesupport_cExport-noconfig.cmake
[0.293s] -- Up-to-date: /home/moenet/moenet2023-Anand/ros2_ws/install/custom_msgs/share/custom_msgs/cmake/export_custom_msgs__rosidl_generator_cppExport.cmake
[0.293s] -- Up-to-date: /home/moenet/moenet2023-Anand/ros2_ws/install/custom_msgs/share/custom_msgs/cmake/export_custom_msgs__rosidl_typesupport_fastrtps_cppExport.cmake
[0.293s] -- Up-to-date: /home/moenet/moenet2023-Anand/ros2_ws/install/custom_msgs/share/custom_msgs/cmake/export_custom_msgs__rosidl_typesupport_fastrtps_cppExport-noconfig.cmake
[0.293s] -- Up-to-date: /home/moenet/moenet2023-Anand/ros2_ws/install/custom_msgs/share/custom_msgs/cmake/custom_msgs__rosidl_typesupport_introspection_cppExport.cmake
[0.293s] -- Up-to-date: /home/moenet/moenet2023-Anand/ros2_ws/install/custom_msgs/share/custom_msgs/cmake/custom_msgs__rosidl_typesupport_introspection_cppExport-noconfig.cmake
[0.293s] -- Up-to-date: /home/moenet/moenet2023-Anand/ros2_ws/install/custom_msgs/share/custom_msgs/cmake/custom_msgs__rosidl_typesupport_cppExport.cmake
[0.293s] -- Up-to-date: /home/moenet/moenet2023-Anand/ros2_ws/install/custom_msgs/share/custom_msgs/cmake/custom_msgs__rosidl_typesupport_cppExport-noconfig.cmake
[0.293s] -- Up-to-date: /home/moenet/moenet2023-Anand/ros2_ws/install/custom_msgs/share/custom_msgs/cmake/export_custom_msgs__rosidl_generator_pyExport.cmake
[0.293s] -- Up-to-date: /home/moenet/moenet2023-Anand/ros2_ws/install/custom_msgs/share/custom_msgs/cmake/export_custom_msgs__rosidl_generator_pyExport-noconfig.cmake
[0.293s] -- Up-to-date: /home/moenet/moenet2023-Anand/ros2_ws/install/custom_msgs/share/custom_msgs/cmake/rosidl_cmake-extras.cmake
[0.293s] -- Up-to-date: /home/moenet/moenet2023-Anand/ros2_ws/install/custom_msgs/share/custom_msgs/cmake/ament_cmake_export_include_directories-extras.cmake
[0.293s] -- Up-to-date: /home/moenet/moenet2023-Anand/ros2_ws/install/custom_msgs/share/custom_msgs/cmake/ament_cmake_export_libraries-extras.cmake
[0.293s] -- Up-to-date: /home/moenet/moenet2023-Anand/ros2_ws/install/custom_msgs/share/custom_msgs/cmake/ament_cmake_export_targets-extras.cmake
[0.293s] -- Up-to-date: /home/moenet/moenet2023-Anand/ros2_ws/install/custom_msgs/share/custom_msgs/cmake/rosidl_cmake_export_typesupport_targets-extras.cmake
[0.294s] -- Up-to-date: /home/moenet/moenet2023-Anand/ros2_ws/install/custom_msgs/share/custom_msgs/cmake/ament_cmake_export_dependencies-extras.cmake
[0.294s] -- Up-to-date: /home/moenet/moenet2023-Anand/ros2_ws/install/custom_msgs/share/custom_msgs/cmake/rosidl_cmake_export_typesupport_libraries-extras.cmake
[0.294s] -- Up-to-date: /home/moenet/moenet2023-Anand/ros2_ws/install/custom_msgs/share/custom_msgs/cmake/custom_msgsConfig.cmake
[0.294s] -- Up-to-date: /home/moenet/moenet2023-Anand/ros2_ws/install/custom_msgs/share/custom_msgs/cmake/custom_msgsConfig-version.cmake
[0.294s] -- Up-to-date: /home/moenet/moenet2023-Anand/ros2_ws/install/custom_msgs/share/custom_msgs/package.xml
[0.294s] Invoked command in '/home/moenet/moenet2023-Anand/ros2_ws/build/custom_msgs' returned '0': CMAKE_PREFIX_PATH=/opt/ros/humble /usr/bin/cmake --install /home/moenet/moenet2023-Anand/ros2_ws/build/custom_msgs
